[2019-01-10T15:51:02.669] [INFO] log_file - { Error: ER_TRUNCATED_WRONG_VALUE_FOR_FIELD: Incorrect integer value: 'true' for column 'is_pick' at row 1
    at Query.Sequence._packetToError (D:\wx_demo\mp-server\node_modules\mysql\lib\protocol\sequences\Sequence.js:47:14)
    at Query.ErrorPacket (D:\wx_demo\mp-server\node_modules\mysql\lib\protocol\sequences\Query.js:77:18)
    at Protocol._parsePacket (D:\wx_demo\mp-server\node_modules\mysql\lib\protocol\Protocol.js:278:23)
    at Parser.write (D:\wx_demo\mp-server\node_modules\mysql\lib\protocol\Parser.js:76:12)
    at Protocol.write (D:\wx_demo\mp-server\node_modules\mysql\lib\protocol\Protocol.js:38:16)
    at Socket.<anonymous> (D:\wx_demo\mp-server\node_modules\mysql\lib\Connection.js:91:28)
    at Socket.<anonymous> (D:\wx_demo\mp-server\node_modules\mysql\lib\Connection.js:502:10)
    at emitOne (events.js:116:13)
    at Socket.emit (events.js:211:7)
    at addChunk (_stream_readable.js:263:12)
    --------------------
    at Protocol._enqueue (D:\wx_demo\mp-server\node_modules\mysql\lib\protocol\Protocol.js:144:48)
    at PoolConnection.query (D:\wx_demo\mp-server\node_modules\mysql\lib\Connection.js:200:25)
    at D:\wx_demo\mp-server\app.js:73:12
    at Ping.onOperationComplete (D:\wx_demo\mp-server\node_modules\mysql\lib\Pool.js:110:5)
    at Ping.<anonymous> (D:\wx_demo\mp-server\node_modules\mysql\lib\Connection.js:502:10)
    at Ping._callback (D:\wx_demo\mp-server\node_modules\mysql\lib\Connection.js:468:16)
    at Ping.Sequence.end (D:\wx_demo\mp-server\node_modules\mysql\lib\protocol\sequences\Sequence.js:83:24)
    at Ping.Sequence.OkPacket (D:\wx_demo\mp-server\node_modules\mysql\lib\protocol\sequences\Sequence.js:92:8)
    at Protocol._parsePacket (D:\wx_demo\mp-server\node_modules\mysql\lib\protocol\Protocol.js:278:23)
    at Parser.write (D:\wx_demo\mp-server\node_modules\mysql\lib\protocol\Parser.js:76:12)
  code: 'ER_TRUNCATED_WRONG_VALUE_FOR_FIELD',
  errno: 1366,
  sqlMessage: 'Incorrect integer value: \'true\' for column \'is_pick\' at row 1',
  sqlState: 'HY000',
  index: 0,
  sql: 'UPDATE alumni_affairs SET hotel = "2", is_pick = "true", pick_time = "2月2号下午2点", pick_place = "杭州市下城区", is_taking = "true", is_book = "true", book_time = "2019-01-10", shift = "K2000" WHERE open_id = "oEuIE5gM3Q2hFalRFcec-dWK6PWI"' }
[2019-01-10T15:52:42.035] [INFO] log_file - { Error: ER_TRUNCATED_WRONG_VALUE: Incorrect time value: '2019-01-10' for column 'book_time' at row 1
    at Query.Sequence._packetToError (D:\wx_demo\mp-server\node_modules\mysql\lib\protocol\sequences\Sequence.js:47:14)
    at Query.ErrorPacket (D:\wx_demo\mp-server\node_modules\mysql\lib\protocol\sequences\Query.js:77:18)
    at Protocol._parsePacket (D:\wx_demo\mp-server\node_modules\mysql\lib\protocol\Protocol.js:278:23)
    at Parser.write (D:\wx_demo\mp-server\node_modules\mysql\lib\protocol\Parser.js:76:12)
    at Protocol.write (D:\wx_demo\mp-server\node_modules\mysql\lib\protocol\Protocol.js:38:16)
    at Socket.<anonymous> (D:\wx_demo\mp-server\node_modules\mysql\lib\Connection.js:91:28)
    at Socket.<anonymous> (D:\wx_demo\mp-server\node_modules\mysql\lib\Connection.js:502:10)
    at emitOne (events.js:116:13)
    at Socket.emit (events.js:211:7)
    at addChunk (_stream_readable.js:263:12)
    --------------------
    at Protocol._enqueue (D:\wx_demo\mp-server\node_modules\mysql\lib\protocol\Protocol.js:144:48)
    at PoolConnection.query (D:\wx_demo\mp-server\node_modules\mysql\lib\Connection.js:200:25)
    at D:\wx_demo\mp-server\app.js:73:12
    at Handshake.onConnect (D:\wx_demo\mp-server\node_modules\mysql\lib\Pool.js:64:7)
    at Handshake.<anonymous> (D:\wx_demo\mp-server\node_modules\mysql\lib\Connection.js:502:10)
    at Handshake._callback (D:\wx_demo\mp-server\node_modules\mysql\lib\Connection.js:468:16)
    at Handshake.Sequence.end (D:\wx_demo\mp-server\node_modules\mysql\lib\protocol\sequences\Sequence.js:83:24)
    at Handshake.Sequence.OkPacket (D:\wx_demo\mp-server\node_modules\mysql\lib\protocol\sequences\Sequence.js:92:8)
    at Protocol._parsePacket (D:\wx_demo\mp-server\node_modules\mysql\lib\protocol\Protocol.js:278:23)
    at Parser.write (D:\wx_demo\mp-server\node_modules\mysql\lib\protocol\Parser.js:76:12)
  code: 'ER_TRUNCATED_WRONG_VALUE',
  errno: 1292,
  sqlMessage: 'Incorrect time value: \'2019-01-10\' for column \'book_time\' at row 1',
  sqlState: '22007',
  index: 0,
  sql: 'UPDATE alumni_affairs SET hotel = "2", is_pick = true, pick_time = "2月2号下午2点", pick_place = "杭州市下城区", is_taking = true, is_book = true, book_time = "2019-01-10", shift = "K2000" WHERE open_id = "oEuIE5gM3Q2hFalRFcec-dWK6PWI"' }
[2019-01-10T15:52:42.516] [INFO] log_file - { Error: ER_TRUNCATED_WRONG_VALUE: Incorrect time value: '2019-01-10' for column 'book_time' at row 1
    at Query.Sequence._packetToError (D:\wx_demo\mp-server\node_modules\mysql\lib\protocol\sequences\Sequence.js:47:14)
    at Query.ErrorPacket (D:\wx_demo\mp-server\node_modules\mysql\lib\protocol\sequences\Query.js:77:18)
    at Protocol._parsePacket (D:\wx_demo\mp-server\node_modules\mysql\lib\protocol\Protocol.js:278:23)
    at Parser.write (D:\wx_demo\mp-server\node_modules\mysql\lib\protocol\Parser.js:76:12)
    at Protocol.write (D:\wx_demo\mp-server\node_modules\mysql\lib\protocol\Protocol.js:38:16)
    at Socket.<anonymous> (D:\wx_demo\mp-server\node_modules\mysql\lib\Connection.js:91:28)
    at Socket.<anonymous> (D:\wx_demo\mp-server\node_modules\mysql\lib\Connection.js:502:10)
    at emitOne (events.js:116:13)
    at Socket.emit (events.js:211:7)
    at addChunk (_stream_readable.js:263:12)
    --------------------
    at Protocol._enqueue (D:\wx_demo\mp-server\node_modules\mysql\lib\protocol\Protocol.js:144:48)
    at PoolConnection.query (D:\wx_demo\mp-server\node_modules\mysql\lib\Connection.js:200:25)
    at D:\wx_demo\mp-server\app.js:73:12
    at Ping.onOperationComplete (D:\wx_demo\mp-server\node_modules\mysql\lib\Pool.js:110:5)
    at Ping.<anonymous> (D:\wx_demo\mp-server\node_modules\mysql\lib\Connection.js:502:10)
    at Ping._callback (D:\wx_demo\mp-server\node_modules\mysql\lib\Connection.js:468:16)
    at Ping.Sequence.end (D:\wx_demo\mp-server\node_modules\mysql\lib\protocol\sequences\Sequence.js:83:24)
    at Ping.Sequence.OkPacket (D:\wx_demo\mp-server\node_modules\mysql\lib\protocol\sequences\Sequence.js:92:8)
    at Protocol._parsePacket (D:\wx_demo\mp-server\node_modules\mysql\lib\protocol\Protocol.js:278:23)
    at Parser.write (D:\wx_demo\mp-server\node_modules\mysql\lib\protocol\Parser.js:76:12)
  code: 'ER_TRUNCATED_WRONG_VALUE',
  errno: 1292,
  sqlMessage: 'Incorrect time value: \'2019-01-10\' for column \'book_time\' at row 1',
  sqlState: '22007',
  index: 0,
  sql: 'UPDATE alumni_affairs SET hotel = "2", is_pick = true, pick_time = "2月2号下午2点", pick_place = "杭州市下城区", is_taking = true, is_book = true, book_time = "2019-01-10", shift = "K2000" WHERE open_id = "oEuIE5gM3Q2hFalRFcec-dWK6PWI"' }
[2019-01-10T15:52:42.745] [INFO] log_file - { Error: ER_TRUNCATED_WRONG_VALUE: Incorrect time value: '2019-01-10' for column 'book_time' at row 1
    at Query.Sequence._packetToError (D:\wx_demo\mp-server\node_modules\mysql\lib\protocol\sequences\Sequence.js:47:14)
    at Query.ErrorPacket (D:\wx_demo\mp-server\node_modules\mysql\lib\protocol\sequences\Query.js:77:18)
    at Protocol._parsePacket (D:\wx_demo\mp-server\node_modules\mysql\lib\protocol\Protocol.js:278:23)
    at Parser.write (D:\wx_demo\mp-server\node_modules\mysql\lib\protocol\Parser.js:76:12)
    at Protocol.write (D:\wx_demo\mp-server\node_modules\mysql\lib\protocol\Protocol.js:38:16)
    at Socket.<anonymous> (D:\wx_demo\mp-server\node_modules\mysql\lib\Connection.js:91:28)
    at Socket.<anonymous> (D:\wx_demo\mp-server\node_modules\mysql\lib\Connection.js:502:10)
    at emitOne (events.js:116:13)
    at Socket.emit (events.js:211:7)
    at addChunk (_stream_readable.js:263:12)
    --------------------
    at Protocol._enqueue (D:\wx_demo\mp-server\node_modules\mysql\lib\protocol\Protocol.js:144:48)
    at PoolConnection.query (D:\wx_demo\mp-server\node_modules\mysql\lib\Connection.js:200:25)
    at D:\wx_demo\mp-server\app.js:73:12
    at Ping.onOperationComplete (D:\wx_demo\mp-server\node_modules\mysql\lib\Pool.js:110:5)
    at Ping.<anonymous> (D:\wx_demo\mp-server\node_modules\mysql\lib\Connection.js:502:10)
    at Ping._callback (D:\wx_demo\mp-server\node_modules\mysql\lib\Connection.js:468:16)
    at Ping.Sequence.end (D:\wx_demo\mp-server\node_modules\mysql\lib\protocol\sequences\Sequence.js:83:24)
    at Ping.Sequence.OkPacket (D:\wx_demo\mp-server\node_modules\mysql\lib\protocol\sequences\Sequence.js:92:8)
    at Protocol._parsePacket (D:\wx_demo\mp-server\node_modules\mysql\lib\protocol\Protocol.js:278:23)
    at Parser.write (D:\wx_demo\mp-server\node_modules\mysql\lib\protocol\Parser.js:76:12)
  code: 'ER_TRUNCATED_WRONG_VALUE',
  errno: 1292,
  sqlMessage: 'Incorrect time value: \'2019-01-10\' for column \'book_time\' at row 1',
  sqlState: '22007',
  index: 0,
  sql: 'UPDATE alumni_affairs SET hotel = "2", is_pick = true, pick_time = "2月2号下午2点", pick_place = "杭州市下城区", is_taking = true, is_book = true, book_time = "2019-01-10", shift = "K2000" WHERE open_id = "oEuIE5gM3Q2hFalRFcec-dWK6PWI"' }
[2019-01-10T15:52:42.893] [INFO] log_file - { Error: ER_TRUNCATED_WRONG_VALUE: Incorrect time value: '2019-01-10' for column 'book_time' at row 1
    at Query.Sequence._packetToError (D:\wx_demo\mp-server\node_modules\mysql\lib\protocol\sequences\Sequence.js:47:14)
    at Query.ErrorPacket (D:\wx_demo\mp-server\node_modules\mysql\lib\protocol\sequences\Query.js:77:18)
    at Protocol._parsePacket (D:\wx_demo\mp-server\node_modules\mysql\lib\protocol\Protocol.js:278:23)
    at Parser.write (D:\wx_demo\mp-server\node_modules\mysql\lib\protocol\Parser.js:76:12)
    at Protocol.write (D:\wx_demo\mp-server\node_modules\mysql\lib\protocol\Protocol.js:38:16)
    at Socket.<anonymous> (D:\wx_demo\mp-server\node_modules\mysql\lib\Connection.js:91:28)
    at Socket.<anonymous> (D:\wx_demo\mp-server\node_modules\mysql\lib\Connection.js:502:10)
    at emitOne (events.js:116:13)
    at Socket.emit (events.js:211:7)
    at addChunk (_stream_readable.js:263:12)
    --------------------
    at Protocol._enqueue (D:\wx_demo\mp-server\node_modules\mysql\lib\protocol\Protocol.js:144:48)
    at PoolConnection.query (D:\wx_demo\mp-server\node_modules\mysql\lib\Connection.js:200:25)
    at D:\wx_demo\mp-server\app.js:73:12
    at Ping.onOperationComplete (D:\wx_demo\mp-server\node_modules\mysql\lib\Pool.js:110:5)
    at Ping.<anonymous> (D:\wx_demo\mp-server\node_modules\mysql\lib\Connection.js:502:10)
    at Ping._callback (D:\wx_demo\mp-server\node_modules\mysql\lib\Connection.js:468:16)
    at Ping.Sequence.end (D:\wx_demo\mp-server\node_modules\mysql\lib\protocol\sequences\Sequence.js:83:24)
    at Ping.Sequence.OkPacket (D:\wx_demo\mp-server\node_modules\mysql\lib\protocol\sequences\Sequence.js:92:8)
    at Protocol._parsePacket (D:\wx_demo\mp-server\node_modules\mysql\lib\protocol\Protocol.js:278:23)
    at Parser.write (D:\wx_demo\mp-server\node_modules\mysql\lib\protocol\Parser.js:76:12)
  code: 'ER_TRUNCATED_WRONG_VALUE',
  errno: 1292,
  sqlMessage: 'Incorrect time value: \'2019-01-10\' for column \'book_time\' at row 1',
  sqlState: '22007',
  index: 0,
  sql: 'UPDATE alumni_affairs SET hotel = "2", is_pick = true, pick_time = "2月2号下午2点", pick_place = "杭州市下城区", is_taking = true, is_book = true, book_time = "2019-01-10", shift = "K2000" WHERE open_id = "oEuIE5gM3Q2hFalRFcec-dWK6PWI"' }
[2019-01-10T15:52:43.052] [INFO] log_file - { Error: ER_TRUNCATED_WRONG_VALUE: Incorrect time value: '2019-01-10' for column 'book_time' at row 1
    at Query.Sequence._packetToError (D:\wx_demo\mp-server\node_modules\mysql\lib\protocol\sequences\Sequence.js:47:14)
    at Query.ErrorPacket (D:\wx_demo\mp-server\node_modules\mysql\lib\protocol\sequences\Query.js:77:18)
    at Protocol._parsePacket (D:\wx_demo\mp-server\node_modules\mysql\lib\protocol\Protocol.js:278:23)
    at Parser.write (D:\wx_demo\mp-server\node_modules\mysql\lib\protocol\Parser.js:76:12)
    at Protocol.write (D:\wx_demo\mp-server\node_modules\mysql\lib\protocol\Protocol.js:38:16)
    at Socket.<anonymous> (D:\wx_demo\mp-server\node_modules\mysql\lib\Connection.js:91:28)
    at Socket.<anonymous> (D:\wx_demo\mp-server\node_modules\mysql\lib\Connection.js:502:10)
    at emitOne (events.js:116:13)
    at Socket.emit (events.js:211:7)
    at addChunk (_stream_readable.js:263:12)
    --------------------
    at Protocol._enqueue (D:\wx_demo\mp-server\node_modules\mysql\lib\protocol\Protocol.js:144:48)
    at PoolConnection.query (D:\wx_demo\mp-server\node_modules\mysql\lib\Connection.js:200:25)
    at D:\wx_demo\mp-server\app.js:73:12
    at Ping.onOperationComplete (D:\wx_demo\mp-server\node_modules\mysql\lib\Pool.js:110:5)
    at Ping.<anonymous> (D:\wx_demo\mp-server\node_modules\mysql\lib\Connection.js:502:10)
    at Ping._callback (D:\wx_demo\mp-server\node_modules\mysql\lib\Connection.js:468:16)
    at Ping.Sequence.end (D:\wx_demo\mp-server\node_modules\mysql\lib\protocol\sequences\Sequence.js:83:24)
    at Ping.Sequence.OkPacket (D:\wx_demo\mp-server\node_modules\mysql\lib\protocol\sequences\Sequence.js:92:8)
    at Protocol._parsePacket (D:\wx_demo\mp-server\node_modules\mysql\lib\protocol\Protocol.js:278:23)
    at Parser.write (D:\wx_demo\mp-server\node_modules\mysql\lib\protocol\Parser.js:76:12)
  code: 'ER_TRUNCATED_WRONG_VALUE',
  errno: 1292,
  sqlMessage: 'Incorrect time value: \'2019-01-10\' for column \'book_time\' at row 1',
  sqlState: '22007',
  index: 0,
  sql: 'UPDATE alumni_affairs SET hotel = "2", is_pick = true, pick_time = "2月2号下午2点", pick_place = "杭州市下城区", is_taking = true, is_book = true, book_time = "2019-01-10", shift = "K2000" WHERE open_id = "oEuIE5gM3Q2hFalRFcec-dWK6PWI"' }
[2019-01-10T15:52:43.224] [INFO] log_file - { Error: ER_TRUNCATED_WRONG_VALUE: Incorrect time value: '2019-01-10' for column 'book_time' at row 1
    at Query.Sequence._packetToError (D:\wx_demo\mp-server\node_modules\mysql\lib\protocol\sequences\Sequence.js:47:14)
    at Query.ErrorPacket (D:\wx_demo\mp-server\node_modules\mysql\lib\protocol\sequences\Query.js:77:18)
    at Protocol._parsePacket (D:\wx_demo\mp-server\node_modules\mysql\lib\protocol\Protocol.js:278:23)
    at Parser.write (D:\wx_demo\mp-server\node_modules\mysql\lib\protocol\Parser.js:76:12)
    at Protocol.write (D:\wx_demo\mp-server\node_modules\mysql\lib\protocol\Protocol.js:38:16)
    at Socket.<anonymous> (D:\wx_demo\mp-server\node_modules\mysql\lib\Connection.js:91:28)
    at Socket.<anonymous> (D:\wx_demo\mp-server\node_modules\mysql\lib\Connection.js:502:10)
    at emitOne (events.js:116:13)
    at Socket.emit (events.js:211:7)
    at addChunk (_stream_readable.js:263:12)
    --------------------
    at Protocol._enqueue (D:\wx_demo\mp-server\node_modules\mysql\lib\protocol\Protocol.js:144:48)
    at PoolConnection.query (D:\wx_demo\mp-server\node_modules\mysql\lib\Connection.js:200:25)
    at D:\wx_demo\mp-server\app.js:73:12
    at Ping.onOperationComplete (D:\wx_demo\mp-server\node_modules\mysql\lib\Pool.js:110:5)
    at Ping.<anonymous> (D:\wx_demo\mp-server\node_modules\mysql\lib\Connection.js:502:10)
    at Ping._callback (D:\wx_demo\mp-server\node_modules\mysql\lib\Connection.js:468:16)
    at Ping.Sequence.end (D:\wx_demo\mp-server\node_modules\mysql\lib\protocol\sequences\Sequence.js:83:24)
    at Ping.Sequence.OkPacket (D:\wx_demo\mp-server\node_modules\mysql\lib\protocol\sequences\Sequence.js:92:8)
    at Protocol._parsePacket (D:\wx_demo\mp-server\node_modules\mysql\lib\protocol\Protocol.js:278:23)
    at Parser.write (D:\wx_demo\mp-server\node_modules\mysql\lib\protocol\Parser.js:76:12)
  code: 'ER_TRUNCATED_WRONG_VALUE',
  errno: 1292,
  sqlMessage: 'Incorrect time value: \'2019-01-10\' for column \'book_time\' at row 1',
  sqlState: '22007',
  index: 0,
  sql: 'UPDATE alumni_affairs SET hotel = "2", is_pick = true, pick_time = "2月2号下午2点", pick_place = "杭州市下城区", is_taking = true, is_book = true, book_time = "2019-01-10", shift = "K2000" WHERE open_id = "oEuIE5gM3Q2hFalRFcec-dWK6PWI"' }
[2019-01-10T15:53:15.717] [INFO] log_file - { Error: ER_TRUNCATED_WRONG_VALUE: Incorrect time value: '2019-02-10' for column 'book_time' at row 1
    at Query.Sequence._packetToError (D:\wx_demo\mp-server\node_modules\mysql\lib\protocol\sequences\Sequence.js:47:14)
    at Query.ErrorPacket (D:\wx_demo\mp-server\node_modules\mysql\lib\protocol\sequences\Query.js:77:18)
    at Protocol._parsePacket (D:\wx_demo\mp-server\node_modules\mysql\lib\protocol\Protocol.js:278:23)
    at Parser.write (D:\wx_demo\mp-server\node_modules\mysql\lib\protocol\Parser.js:76:12)
    at Protocol.write (D:\wx_demo\mp-server\node_modules\mysql\lib\protocol\Protocol.js:38:16)
    at Socket.<anonymous> (D:\wx_demo\mp-server\node_modules\mysql\lib\Connection.js:91:28)
    at Socket.<anonymous> (D:\wx_demo\mp-server\node_modules\mysql\lib\Connection.js:502:10)
    at emitOne (events.js:116:13)
    at Socket.emit (events.js:211:7)
    at addChunk (_stream_readable.js:263:12)
    --------------------
    at Protocol._enqueue (D:\wx_demo\mp-server\node_modules\mysql\lib\protocol\Protocol.js:144:48)
    at PoolConnection.query (D:\wx_demo\mp-server\node_modules\mysql\lib\Connection.js:200:25)
    at D:\wx_demo\mp-server\app.js:73:12
    at Ping.onOperationComplete (D:\wx_demo\mp-server\node_modules\mysql\lib\Pool.js:110:5)
    at Ping.<anonymous> (D:\wx_demo\mp-server\node_modules\mysql\lib\Connection.js:502:10)
    at Ping._callback (D:\wx_demo\mp-server\node_modules\mysql\lib\Connection.js:468:16)
    at Ping.Sequence.end (D:\wx_demo\mp-server\node_modules\mysql\lib\protocol\sequences\Sequence.js:83:24)
    at Ping.Sequence.OkPacket (D:\wx_demo\mp-server\node_modules\mysql\lib\protocol\sequences\Sequence.js:92:8)
    at Protocol._parsePacket (D:\wx_demo\mp-server\node_modules\mysql\lib\protocol\Protocol.js:278:23)
    at Parser.write (D:\wx_demo\mp-server\node_modules\mysql\lib\protocol\Parser.js:76:12)
  code: 'ER_TRUNCATED_WRONG_VALUE',
  errno: 1292,
  sqlMessage: 'Incorrect time value: \'2019-02-10\' for column \'book_time\' at row 1',
  sqlState: '22007',
  index: 0,
  sql: 'UPDATE alumni_affairs SET hotel = "1", is_pick = true, pick_time = "2月2号下午2点", pick_place = "杭州市下城区", is_taking = true, is_book = true, book_time = "2019-02-10", shift = "K2000" WHERE open_id = "oEuIE5gM3Q2hFalRFcec-dWK6PWI"' }
[2019-01-10T15:54:32.763] [INFO] log_file - { Error: ER_TRUNCATED_WRONG_VALUE: Incorrect time value: '2019-03-10' for column 'book_time' at row 1
    at Query.Sequence._packetToError (D:\wx_demo\mp-server\node_modules\mysql\lib\protocol\sequences\Sequence.js:47:14)
    at Query.ErrorPacket (D:\wx_demo\mp-server\node_modules\mysql\lib\protocol\sequences\Query.js:77:18)
    at Protocol._parsePacket (D:\wx_demo\mp-server\node_modules\mysql\lib\protocol\Protocol.js:278:23)
    at Parser.write (D:\wx_demo\mp-server\node_modules\mysql\lib\protocol\Parser.js:76:12)
    at Protocol.write (D:\wx_demo\mp-server\node_modules\mysql\lib\protocol\Protocol.js:38:16)
    at Socket.<anonymous> (D:\wx_demo\mp-server\node_modules\mysql\lib\Connection.js:91:28)
    at Socket.<anonymous> (D:\wx_demo\mp-server\node_modules\mysql\lib\Connection.js:502:10)
    at emitOne (events.js:116:13)
    at Socket.emit (events.js:211:7)
    at addChunk (_stream_readable.js:263:12)
    --------------------
    at Protocol._enqueue (D:\wx_demo\mp-server\node_modules\mysql\lib\protocol\Protocol.js:144:48)
    at PoolConnection.query (D:\wx_demo\mp-server\node_modules\mysql\lib\Connection.js:200:25)
    at D:\wx_demo\mp-server\app.js:73:12
    at Ping.onOperationComplete (D:\wx_demo\mp-server\node_modules\mysql\lib\Pool.js:110:5)
    at Ping.<anonymous> (D:\wx_demo\mp-server\node_modules\mysql\lib\Connection.js:502:10)
    at Ping._callback (D:\wx_demo\mp-server\node_modules\mysql\lib\Connection.js:468:16)
    at Ping.Sequence.end (D:\wx_demo\mp-server\node_modules\mysql\lib\protocol\sequences\Sequence.js:83:24)
    at Ping.Sequence.OkPacket (D:\wx_demo\mp-server\node_modules\mysql\lib\protocol\sequences\Sequence.js:92:8)
    at Protocol._parsePacket (D:\wx_demo\mp-server\node_modules\mysql\lib\protocol\Protocol.js:278:23)
    at Parser.write (D:\wx_demo\mp-server\node_modules\mysql\lib\protocol\Parser.js:76:12)
  code: 'ER_TRUNCATED_WRONG_VALUE',
  errno: 1292,
  sqlMessage: 'Incorrect time value: \'2019-03-10\' for column \'book_time\' at row 1',
  sqlState: '22007',
  index: 0,
  sql: 'UPDATE alumni_affairs SET hotel = "0", is_pick = true, pick_time = "2月2号下午2点", pick_place = "杭州市下城区", is_taking = true, is_book = true, book_time = "2019-03-10", shift = "K2000" WHERE open_id = "oEuIE5gM3Q2hFalRFcec-dWK6PWI"' }
[2019-01-10T16:25:51.867] [INFO] log_file - { Error: ER_PARSE_ERROR: You have an error in your SQL syntax; check the manual that corresponds to your MySQL server version for the right syntax to use near ' pick_place = "", is_taking = true, is_book = false, book_time = "2019-2-10", sh' at line 1
    at Query.Sequence._packetToError (D:\wx_demo\mp-server\node_modules\mysql\lib\protocol\sequences\Sequence.js:47:14)
    at Query.ErrorPacket (D:\wx_demo\mp-server\node_modules\mysql\lib\protocol\sequences\Query.js:77:18)
    at Protocol._parsePacket (D:\wx_demo\mp-server\node_modules\mysql\lib\protocol\Protocol.js:278:23)
    at Parser.write (D:\wx_demo\mp-server\node_modules\mysql\lib\protocol\Parser.js:76:12)
    at Protocol.write (D:\wx_demo\mp-server\node_modules\mysql\lib\protocol\Protocol.js:38:16)
    at Socket.<anonymous> (D:\wx_demo\mp-server\node_modules\mysql\lib\Connection.js:91:28)
    at Socket.<anonymous> (D:\wx_demo\mp-server\node_modules\mysql\lib\Connection.js:502:10)
    at emitOne (events.js:116:13)
    at Socket.emit (events.js:211:7)
    at addChunk (_stream_readable.js:263:12)
    --------------------
    at Protocol._enqueue (D:\wx_demo\mp-server\node_modules\mysql\lib\protocol\Protocol.js:144:48)
    at PoolConnection.query (D:\wx_demo\mp-server\node_modules\mysql\lib\Connection.js:200:25)
    at D:\wx_demo\mp-server\app.js:73:12
    at Ping.onOperationComplete (D:\wx_demo\mp-server\node_modules\mysql\lib\Pool.js:110:5)
    at Ping.<anonymous> (D:\wx_demo\mp-server\node_modules\mysql\lib\Connection.js:502:10)
    at Ping._callback (D:\wx_demo\mp-server\node_modules\mysql\lib\Connection.js:468:16)
    at Ping.Sequence.end (D:\wx_demo\mp-server\node_modules\mysql\lib\protocol\sequences\Sequence.js:83:24)
    at Ping.Sequence.OkPacket (D:\wx_demo\mp-server\node_modules\mysql\lib\protocol\sequences\Sequence.js:92:8)
    at Protocol._parsePacket (D:\wx_demo\mp-server\node_modules\mysql\lib\protocol\Protocol.js:278:23)
    at Parser.write (D:\wx_demo\mp-server\node_modules\mysql\lib\protocol\Parser.js:76:12)
  code: 'ER_PARSE_ERROR',
  errno: 1064,
  sqlMessage: 'You have an error in your SQL syntax; check the manual that corresponds to your MySQL server version for the right syntax to use near \' pick_place = "", is_taking = true, is_book = false, book_time = "2019-2-10", sh\' at line 1',
  sqlState: '42000',
  index: 0,
  sql: 'UPDATE alumni_affairs SET hotel = "1", is_pick = true, pick_time = , pick_place = "", is_taking = true, is_book = false, book_time = "2019-2-10", shift = "" WHERE open_id = "oEuIE5gM3Q2hFalRFcec-dWK6PWI"' }
[2019-01-10T16:27:03.211] [INFO] log_file - { Error: ER_PARSE_ERROR: You have an error in your SQL syntax; check the manual that corresponds to your MySQL server version for the right syntax to use near ' pick_place = "", is_taking = true, is_book = true, book_time = "2019-2-10", shi' at line 1
    at Query.Sequence._packetToError (D:\wx_demo\mp-server\node_modules\mysql\lib\protocol\sequences\Sequence.js:47:14)
    at Query.ErrorPacket (D:\wx_demo\mp-server\node_modules\mysql\lib\protocol\sequences\Query.js:77:18)
    at Protocol._parsePacket (D:\wx_demo\mp-server\node_modules\mysql\lib\protocol\Protocol.js:278:23)
    at Parser.write (D:\wx_demo\mp-server\node_modules\mysql\lib\protocol\Parser.js:76:12)
    at Protocol.write (D:\wx_demo\mp-server\node_modules\mysql\lib\protocol\Protocol.js:38:16)
    at Socket.<anonymous> (D:\wx_demo\mp-server\node_modules\mysql\lib\Connection.js:91:28)
    at Socket.<anonymous> (D:\wx_demo\mp-server\node_modules\mysql\lib\Connection.js:502:10)
    at emitOne (events.js:116:13)
    at Socket.emit (events.js:211:7)
    at addChunk (_stream_readable.js:263:12)
    --------------------
    at Protocol._enqueue (D:\wx_demo\mp-server\node_modules\mysql\lib\protocol\Protocol.js:144:48)
    at PoolConnection.query (D:\wx_demo\mp-server\node_modules\mysql\lib\Connection.js:200:25)
    at D:\wx_demo\mp-server\app.js:73:12
    at Ping.onOperationComplete (D:\wx_demo\mp-server\node_modules\mysql\lib\Pool.js:110:5)
    at Ping.<anonymous> (D:\wx_demo\mp-server\node_modules\mysql\lib\Connection.js:502:10)
    at Ping._callback (D:\wx_demo\mp-server\node_modules\mysql\lib\Connection.js:468:16)
    at Ping.Sequence.end (D:\wx_demo\mp-server\node_modules\mysql\lib\protocol\sequences\Sequence.js:83:24)
    at Ping.Sequence.OkPacket (D:\wx_demo\mp-server\node_modules\mysql\lib\protocol\sequences\Sequence.js:92:8)
    at Protocol._parsePacket (D:\wx_demo\mp-server\node_modules\mysql\lib\protocol\Protocol.js:278:23)
    at Parser.write (D:\wx_demo\mp-server\node_modules\mysql\lib\protocol\Parser.js:76:12)
  code: 'ER_PARSE_ERROR',
  errno: 1064,
  sqlMessage: 'You have an error in your SQL syntax; check the manual that corresponds to your MySQL server version for the right syntax to use near \' pick_place = "", is_taking = true, is_book = true, book_time = "2019-2-10", shi\' at line 1',
  sqlState: '42000',
  index: 0,
  sql: 'UPDATE alumni_affairs SET hotel = "1", is_pick = true, pick_time = , pick_place = "", is_taking = true, is_book = true, book_time = "2019-2-10", shift = "" WHERE open_id = "oEuIE5gM3Q2hFalRFcec-dWK6PWI"' }
[2019-01-10T16:27:07.763] [INFO] log_file - { Error: ER_PARSE_ERROR: You have an error in your SQL syntax; check the manual that corresponds to your MySQL server version for the right syntax to use near ' pick_place = "", is_taking = false, is_book = false, book_time = "2019-2-10", s' at line 1
    at Query.Sequence._packetToError (D:\wx_demo\mp-server\node_modules\mysql\lib\protocol\sequences\Sequence.js:47:14)
    at Query.ErrorPacket (D:\wx_demo\mp-server\node_modules\mysql\lib\protocol\sequences\Query.js:77:18)
    at Protocol._parsePacket (D:\wx_demo\mp-server\node_modules\mysql\lib\protocol\Protocol.js:278:23)
    at Parser.write (D:\wx_demo\mp-server\node_modules\mysql\lib\protocol\Parser.js:76:12)
    at Protocol.write (D:\wx_demo\mp-server\node_modules\mysql\lib\protocol\Protocol.js:38:16)
    at Socket.<anonymous> (D:\wx_demo\mp-server\node_modules\mysql\lib\Connection.js:91:28)
    at Socket.<anonymous> (D:\wx_demo\mp-server\node_modules\mysql\lib\Connection.js:502:10)
    at emitOne (events.js:116:13)
    at Socket.emit (events.js:211:7)
    at addChunk (_stream_readable.js:263:12)
    --------------------
    at Protocol._enqueue (D:\wx_demo\mp-server\node_modules\mysql\lib\protocol\Protocol.js:144:48)
    at PoolConnection.query (D:\wx_demo\mp-server\node_modules\mysql\lib\Connection.js:200:25)
    at D:\wx_demo\mp-server\app.js:73:12
    at Ping.onOperationComplete (D:\wx_demo\mp-server\node_modules\mysql\lib\Pool.js:110:5)
    at Ping.<anonymous> (D:\wx_demo\mp-server\node_modules\mysql\lib\Connection.js:502:10)
    at Ping._callback (D:\wx_demo\mp-server\node_modules\mysql\lib\Connection.js:468:16)
    at Ping.Sequence.end (D:\wx_demo\mp-server\node_modules\mysql\lib\protocol\sequences\Sequence.js:83:24)
    at Ping.Sequence.OkPacket (D:\wx_demo\mp-server\node_modules\mysql\lib\protocol\sequences\Sequence.js:92:8)
    at Protocol._parsePacket (D:\wx_demo\mp-server\node_modules\mysql\lib\protocol\Protocol.js:278:23)
    at Parser.write (D:\wx_demo\mp-server\node_modules\mysql\lib\protocol\Parser.js:76:12)
  code: 'ER_PARSE_ERROR',
  errno: 1064,
  sqlMessage: 'You have an error in your SQL syntax; check the manual that corresponds to your MySQL server version for the right syntax to use near \' pick_place = "", is_taking = false, is_book = false, book_time = "2019-2-10", s\' at line 1',
  sqlState: '42000',
  index: 0,
  sql: 'UPDATE alumni_affairs SET hotel = "1", is_pick = false, pick_time = , pick_place = "", is_taking = false, is_book = false, book_time = "2019-2-10", shift = "" WHERE open_id = "oEuIE5gM3Q2hFalRFcec-dWK6PWI"' }
[2019-01-10T16:29:25.771] [INFO] log_file - { Error: ER_BAD_FIELD_ERROR: Unknown column '2月2号下午2点' in 'field list'
    at Query.Sequence._packetToError (D:\wx_demo\mp-server\node_modules\mysql\lib\protocol\sequences\Sequence.js:47:14)
    at Query.ErrorPacket (D:\wx_demo\mp-server\node_modules\mysql\lib\protocol\sequences\Query.js:77:18)
    at Protocol._parsePacket (D:\wx_demo\mp-server\node_modules\mysql\lib\protocol\Protocol.js:278:23)
    at Parser.write (D:\wx_demo\mp-server\node_modules\mysql\lib\protocol\Parser.js:76:12)
    at Protocol.write (D:\wx_demo\mp-server\node_modules\mysql\lib\protocol\Protocol.js:38:16)
    at Socket.<anonymous> (D:\wx_demo\mp-server\node_modules\mysql\lib\Connection.js:91:28)
    at Socket.<anonymous> (D:\wx_demo\mp-server\node_modules\mysql\lib\Connection.js:502:10)
    at emitOne (events.js:116:13)
    at Socket.emit (events.js:211:7)
    at addChunk (_stream_readable.js:263:12)
    --------------------
    at Protocol._enqueue (D:\wx_demo\mp-server\node_modules\mysql\lib\protocol\Protocol.js:144:48)
    at PoolConnection.query (D:\wx_demo\mp-server\node_modules\mysql\lib\Connection.js:200:25)
    at D:\wx_demo\mp-server\app.js:73:12
    at Ping.onOperationComplete (D:\wx_demo\mp-server\node_modules\mysql\lib\Pool.js:110:5)
    at Ping.<anonymous> (D:\wx_demo\mp-server\node_modules\mysql\lib\Connection.js:502:10)
    at Ping._callback (D:\wx_demo\mp-server\node_modules\mysql\lib\Connection.js:468:16)
    at Ping.Sequence.end (D:\wx_demo\mp-server\node_modules\mysql\lib\protocol\sequences\Sequence.js:83:24)
    at Ping.Sequence.OkPacket (D:\wx_demo\mp-server\node_modules\mysql\lib\protocol\sequences\Sequence.js:92:8)
    at Protocol._parsePacket (D:\wx_demo\mp-server\node_modules\mysql\lib\protocol\Protocol.js:278:23)
    at Parser.write (D:\wx_demo\mp-server\node_modules\mysql\lib\protocol\Parser.js:76:12)
  code: 'ER_BAD_FIELD_ERROR',
  errno: 1054,
  sqlMessage: 'Unknown column \'2月2号下午2点\' in \'field list\'',
  sqlState: '42S22',
  index: 0,
  sql: 'UPDATE alumni_affairs SET hotel = "1", is_pick = false, pick_time = 2月2号下午2点, pick_place = "杭州市下城区", is_taking = false, is_book = false, book_time = "2019-2-10", shift = "K2000" WHERE open_id = "oEuIE5gM3Q2hFalRFcec-dWK6PWI"' }
[2019-01-10T16:39:13.713] [INFO] log_file - { Error: socket hang up
    at TLSSocket.onHangUp (_tls_wrap.js:1148:19)
    at Object.onceWrapper (events.js:313:30)
    at emitNone (events.js:111:20)
    at TLSSocket.emit (events.js:208:7)
    at endReadableNT (_stream_readable.js:1064:12)
    at _combinedTickCallback (internal/process/next_tick.js:139:11)
    at process._tickCallback (internal/process/next_tick.js:181:9)
  code: 'ECONNRESET',
  path: null,
  host: 'api.weixin.qq.com',
  port: 443,
  localAddress: undefined }
[2019-01-10T16:39:14.389] [INFO] log_file - { Error: socket hang up
    at createHangUpError (_http_client.js:331:15)
    at TLSSocket.socketOnEnd (_http_client.js:423:23)
    at emitNone (events.js:111:20)
    at TLSSocket.emit (events.js:208:7)
    at endReadableNT (_stream_readable.js:1064:12)
    at _combinedTickCallback (internal/process/next_tick.js:139:11)
    at process._tickCallback (internal/process/next_tick.js:181:9) code: 'ECONNRESET' }
[2019-01-10T16:39:33.302] [INFO] log_file - { Error: connect ETIMEDOUT 121.51.130.115:443
    at TCPConnectWrap.afterConnect [as oncomplete] (net.js:1191:14)
  errno: 'ETIMEDOUT',
  code: 'ETIMEDOUT',
  syscall: 'connect',
  address: '121.51.130.115',
  port: 443 }
[2019-01-10T16:40:02.568] [INFO] log_file - { Error: connect ETIMEDOUT 121.51.130.115:443
    at TCPConnectWrap.afterConnect [as oncomplete] (net.js:1191:14)
  errno: 'ETIMEDOUT',
  code: 'ETIMEDOUT',
  syscall: 'connect',
  address: '121.51.130.115',
  port: 443 }
[2019-01-10T16:40:04.885] [INFO] log_file - { Error: socket hang up
    at createHangUpError (_http_client.js:331:15)
    at TLSSocket.socketOnEnd (_http_client.js:423:23)
    at emitNone (events.js:111:20)
    at TLSSocket.emit (events.js:208:7)
    at endReadableNT (_stream_readable.js:1064:12)
    at _combinedTickCallback (internal/process/next_tick.js:139:11)
    at process._tickCallback (internal/process/next_tick.js:181:9) code: 'ECONNRESET' }
[2019-01-10T16:40:20.858] [INFO] log_file - { Error: connect ETIMEDOUT 121.51.130.115:443
    at TCPConnectWrap.afterConnect [as oncomplete] (net.js:1191:14)
  errno: 'ETIMEDOUT',
  code: 'ETIMEDOUT',
  syscall: 'connect',
  address: '121.51.130.115',
  port: 443 }
[2019-01-10T16:41:11.215] [INFO] log_file - { Error: connect ETIMEDOUT 121.51.130.115:443
    at TCPConnectWrap.afterConnect [as oncomplete] (net.js:1191:14)
  errno: 'ETIMEDOUT',
  code: 'ETIMEDOUT',
  syscall: 'connect',
  address: '121.51.130.115',
  port: 443 }
[2019-01-10T16:41:19.018] [INFO] log_file - { Error: read ECONNRESET
    at TLSWrap.onread (net.js:622:25) errno: 'ECONNRESET', code: 'ECONNRESET', syscall: 'read' }
