[2019-04-26T10:55:57.418] [INFO] log_file - TypeError: client.dequeue is not a function
    at each (D:\wx_demo\mp-server\bin\wsSocket.js:38:22)
    at Set.forEach (<anonymous>)
    at WebSocket.incoming (D:\wx_demo\mp-server\bin\wsSocket.js:34:20)
    at emitOne (events.js:116:13)
    at WebSocket.emit (events.js:211:7)
    at Receiver.receiverOnMessage (D:\wx_demo\mp-server\node_modules\ws\lib\websocket.js:744:20)
    at emitOne (events.js:116:13)
    at Receiver.emit (events.js:211:7)
    at Receiver.dataMessage (D:\wx_demo\mp-server\node_modules\ws\lib\receiver.js:417:14)
    at Receiver.getData (D:\wx_demo\mp-server\node_modules\ws\lib\receiver.js:347:17)
    at Receiver.startLoop (D:\wx_demo\mp-server\node_modules\ws\lib\receiver.js:133:22)
    at Receiver._write (D:\wx_demo\mp-server\node_modules\ws\lib\receiver.js:69:10)
    at doWrite (_stream_writable.js:396:12)
    at writeOrBuffer (_stream_writable.js:382:5)
    at Receiver.Writable.write (_stream_writable.js:290:11)
    at Socket.socketOnData (D:\wx_demo\mp-server\node_modules\ws\lib\websocket.js:819:35)
    at emitOne (events.js:116:13)
    at Socket.emit (events.js:211:7)
    at addChunk (_stream_readable.js:263:12)
    at readableAddChunk (_stream_readable.js:250:11)
    at Socket.Readable.push (_stream_readable.js:208:10)
    at TCP.onread (net.js:601:20)
[2019-04-26T10:56:01.891] [INFO] log_file - TypeError: client.dequeue is not a function
    at each (D:\wx_demo\mp-server\bin\wsSocket.js:38:22)
    at Set.forEach (<anonymous>)
    at WebSocket.incoming (D:\wx_demo\mp-server\bin\wsSocket.js:34:20)
    at emitOne (events.js:116:13)
    at WebSocket.emit (events.js:211:7)
    at Receiver.receiverOnMessage (D:\wx_demo\mp-server\node_modules\ws\lib\websocket.js:744:20)
    at emitOne (events.js:116:13)
    at Receiver.emit (events.js:211:7)
    at Receiver.dataMessage (D:\wx_demo\mp-server\node_modules\ws\lib\receiver.js:417:14)
    at Receiver.getData (D:\wx_demo\mp-server\node_modules\ws\lib\receiver.js:347:17)
    at Receiver.startLoop (D:\wx_demo\mp-server\node_modules\ws\lib\receiver.js:133:22)
    at Receiver._write (D:\wx_demo\mp-server\node_modules\ws\lib\receiver.js:69:10)
    at doWrite (_stream_writable.js:396:12)
    at writeOrBuffer (_stream_writable.js:382:5)
    at Receiver.Writable.write (_stream_writable.js:290:11)
    at Socket.socketOnData (D:\wx_demo\mp-server\node_modules\ws\lib\websocket.js:819:35)
    at emitOne (events.js:116:13)
    at Socket.emit (events.js:211:7)
    at addChunk (_stream_readable.js:263:12)
    at readableAddChunk (_stream_readable.js:250:11)
    at Socket.Readable.push (_stream_readable.js:208:10)
    at TCP.onread (net.js:601:20)
[2019-04-26T13:01:20.334] [INFO] log_file - TypeError: Cannot read property 'forEach' of undefined
    at WebSocket.incoming (D:\wx_demo\mp-server\bin\wsSocket.js:33:19)
    at emitOne (events.js:116:13)
    at WebSocket.emit (events.js:211:7)
    at Receiver.receiverOnMessage (D:\wx_demo\mp-server\node_modules\ws\lib\websocket.js:744:20)
    at emitOne (events.js:116:13)
    at Receiver.emit (events.js:211:7)
    at Receiver.dataMessage (D:\wx_demo\mp-server\node_modules\ws\lib\receiver.js:417:14)
    at Receiver.getData (D:\wx_demo\mp-server\node_modules\ws\lib\receiver.js:347:17)
    at Receiver.startLoop (D:\wx_demo\mp-server\node_modules\ws\lib\receiver.js:133:22)
    at Receiver._write (D:\wx_demo\mp-server\node_modules\ws\lib\receiver.js:69:10)
    at doWrite (_stream_writable.js:396:12)
    at writeOrBuffer (_stream_writable.js:382:5)
    at Receiver.Writable.write (_stream_writable.js:290:11)
    at Socket.socketOnData (D:\wx_demo\mp-server\node_modules\ws\lib\websocket.js:819:35)
    at emitOne (events.js:116:13)
    at Socket.emit (events.js:211:7)
    at addChunk (_stream_readable.js:263:12)
    at readableAddChunk (_stream_readable.js:250:11)
    at Socket.Readable.push (_stream_readable.js:208:10)
    at TCP.onread (net.js:601:20)
[2019-04-26T13:02:38.091] [INFO] log_file - TypeError: Cannot read property 'forEach' of undefined
    at WebSocket.incoming (D:\wx_demo\mp-server\bin\wsSocket.js:33:19)
    at emitOne (events.js:116:13)
    at WebSocket.emit (events.js:211:7)
    at Receiver.receiverOnMessage (D:\wx_demo\mp-server\node_modules\ws\lib\websocket.js:744:20)
    at emitOne (events.js:116:13)
    at Receiver.emit (events.js:211:7)
    at Receiver.dataMessage (D:\wx_demo\mp-server\node_modules\ws\lib\receiver.js:417:14)
    at Receiver.getData (D:\wx_demo\mp-server\node_modules\ws\lib\receiver.js:347:17)
    at Receiver.startLoop (D:\wx_demo\mp-server\node_modules\ws\lib\receiver.js:133:22)
    at Receiver._write (D:\wx_demo\mp-server\node_modules\ws\lib\receiver.js:69:10)
    at doWrite (_stream_writable.js:396:12)
    at writeOrBuffer (_stream_writable.js:382:5)
    at Receiver.Writable.write (_stream_writable.js:290:11)
    at Socket.socketOnData (D:\wx_demo\mp-server\node_modules\ws\lib\websocket.js:819:35)
    at emitOne (events.js:116:13)
    at Socket.emit (events.js:211:7)
    at addChunk (_stream_readable.js:263:12)
    at readableAddChunk (_stream_readable.js:250:11)
    at Socket.Readable.push (_stream_readable.js:208:10)
    at TCP.onread (net.js:601:20)
[2019-04-26T14:23:50.396] [INFO] log_file - Error: WebSocket is not open: readyState 3 (CLOSED)
    at WebSocket.send (D:\wx_demo\mp-server\node_modules\ws\lib\websocket.js:322:19)
    at Timeout.setInterval [as _onTimeout] (D:\wx_demo\mp-server\bin\wsSocket.js:36:22)
    at ontimeout (timers.js:498:11)
    at tryOnTimeout (timers.js:323:5)
    at Timer.listOnTimeout (timers.js:290:5)
[2019-04-26T16:43:26.814] [INFO] log_file - Error: WebSocket is not open: readyState 3 (CLOSED)
    at WebSocket.send (D:\wx_demo\mp-server\node_modules\ws\lib\websocket.js:322:19)
    at Timeout.setInterval [as _onTimeout] (D:\wx_demo\mp-server\bin\wsSocket.js:36:22)
    at ontimeout (timers.js:498:11)
    at tryOnTimeout (timers.js:323:5)
    at Timer.listOnTimeout (timers.js:290:5)
[2019-04-26T16:43:26.815] [INFO] log_file - Error: WebSocket is not open: readyState 3 (CLOSED)
    at WebSocket.send (D:\wx_demo\mp-server\node_modules\ws\lib\websocket.js:322:19)
    at Timeout.setInterval [as _onTimeout] (D:\wx_demo\mp-server\bin\wsSocket.js:36:22)
    at ontimeout (timers.js:498:11)
    at tryOnTimeout (timers.js:323:5)
    at Timer.listOnTimeout (timers.js:290:5)
    at listOnTimeoutNT (timers.js:369:26)
    at _combinedTickCallback (internal/process/next_tick.js:136:11)
    at Immediate._tickCallback [as _onImmediate] (internal/process/next_tick.js:181:9)
    at runCallback (timers.js:810:20)
    at tryOnImmediate (timers.js:768:5)
    at processImmediate [as _immediateCallback] (timers.js:745:5)
[2019-04-26T17:06:01.642] [INFO] log_file - Error: WebSocket is not open: readyState 3 (CLOSED)
    at WebSocket.send (D:\wx_demo\mp-server\node_modules\ws\lib\websocket.js:322:19)
    at Timeout.setInterval [as _onTimeout] (D:\wx_demo\mp-server\bin\wsSocket.js:36:22)
    at ontimeout (timers.js:498:11)
    at tryOnTimeout (timers.js:323:5)
    at Timer.listOnTimeout (timers.js:290:5)
