[2019-04-24T08:55:02.238] [INFO] log_file - Error: Redis connection to 127.0.0.1:6379 failed - connect ECONNREFUSED 127.0.0.1:6379
    at TCPConnectWrap.afterConnect [as oncomplete] (net.js:1191:14)
[2019-04-24T08:55:02.238] [INFO] log_file - Error: Redis connection to 127.0.0.1:6379 failed - connect ECONNREFUSED 127.0.0.1:6379
    at TCPConnectWrap.afterConnect [as oncomplete] (net.js:1191:14)
[2019-04-24T08:55:03.451] [INFO] log_file - Error: Redis connection to 127.0.0.1:6379 failed - connect ECONNREFUSED 127.0.0.1:6379
    at TCPConnectWrap.afterConnect [as oncomplete] (net.js:1191:14)
[2019-04-24T08:55:03.451] [INFO] log_file - Error: Redis connection to 127.0.0.1:6379 failed - connect ECONNREFUSED 127.0.0.1:6379
    at TCPConnectWrap.afterConnect [as oncomplete] (net.js:1191:14)
[2019-04-24T08:55:04.794] [INFO] log_file - Error: Redis connection to 127.0.0.1:6379 failed - connect ECONNREFUSED 127.0.0.1:6379
    at TCPConnectWrap.afterConnect [as oncomplete] (net.js:1191:14)
[2019-04-24T08:55:04.795] [INFO] log_file - Error: Redis connection to 127.0.0.1:6379 failed - connect ECONNREFUSED 127.0.0.1:6379
    at TCPConnectWrap.afterConnect [as oncomplete] (net.js:1191:14)
[2019-04-24T08:55:06.376] [INFO] log_file - Error: Redis connection to 127.0.0.1:6379 failed - connect ECONNREFUSED 127.0.0.1:6379
    at TCPConnectWrap.afterConnect [as oncomplete] (net.js:1191:14)
[2019-04-24T08:55:06.377] [INFO] log_file - Error: Redis connection to 127.0.0.1:6379 failed - connect ECONNREFUSED 127.0.0.1:6379
    at TCPConnectWrap.afterConnect [as oncomplete] (net.js:1191:14)
[2019-04-24T08:55:08.363] [INFO] log_file - Error: Redis connection to 127.0.0.1:6379 failed - connect ECONNREFUSED 127.0.0.1:6379
    at TCPConnectWrap.afterConnect [as oncomplete] (net.js:1191:14)
[2019-04-24T08:55:08.364] [INFO] log_file - Error: Redis connection to 127.0.0.1:6379 failed - connect ECONNREFUSED 127.0.0.1:6379
    at TCPConnectWrap.afterConnect [as oncomplete] (net.js:1191:14)
[2019-04-24T08:55:11.065] [INFO] log_file - Error: Redis connection to 127.0.0.1:6379 failed - connect ECONNREFUSED 127.0.0.1:6379
    at TCPConnectWrap.afterConnect [as oncomplete] (net.js:1191:14)
[2019-04-24T08:55:11.065] [INFO] log_file - Error: Redis connection to 127.0.0.1:6379 failed - connect ECONNREFUSED 127.0.0.1:6379
    at TCPConnectWrap.afterConnect [as oncomplete] (net.js:1191:14)
[2019-04-24T08:55:14.947] [INFO] log_file - Error: Redis connection to 127.0.0.1:6379 failed - connect ECONNREFUSED 127.0.0.1:6379
    at TCPConnectWrap.afterConnect [as oncomplete] (net.js:1191:14)
[2019-04-24T08:55:14.947] [INFO] log_file - Error: Redis connection to 127.0.0.1:6379 failed - connect ECONNREFUSED 127.0.0.1:6379
    at TCPConnectWrap.afterConnect [as oncomplete] (net.js:1191:14)
[2019-04-24T08:55:20.797] [INFO] log_file - Error: Redis connection to 127.0.0.1:6379 failed - connect ECONNREFUSED 127.0.0.1:6379
    at TCPConnectWrap.afterConnect [as oncomplete] (net.js:1191:14)
[2019-04-24T08:55:20.797] [INFO] log_file - Error: Redis connection to 127.0.0.1:6379 failed - connect ECONNREFUSED 127.0.0.1:6379
    at TCPConnectWrap.afterConnect [as oncomplete] (net.js:1191:14)
[2019-04-24T09:43:08.351] [INFO] log_file - ReferenceError: wss is not defined
    at Object.<anonymous> (D:\wx_demo\mp-server\bin\wsSocket.js:9:1)
    at Module._compile (module.js:653:30)
    at Object.Module._extensions..js (module.js:664:10)
    at Module.load (module.js:566:32)
    at tryModuleLoad (module.js:506:12)
    at Function.Module._load (module.js:498:3)
    at Module.require (module.js:597:17)
    at require (internal/module.js:11:18)
    at Object.<anonymous> (D:\wx_demo\mp-server\bin\www:25:1)
    at Module._compile (module.js:653:30)
    at Object.Module._extensions..js (module.js:664:10)
    at Module.load (module.js:566:32)
    at tryModuleLoad (module.js:506:12)
    at Function.Module._load (module.js:498:3)
    at Function.Module.runMain (module.js:694:10)
    at startup (bootstrap_node.js:204:16)
    at bootstrap_node.js:625:3
[2019-04-24T10:09:07.037] [INFO] log_file - ReferenceError: WebSocket is not defined
    at each (D:\wx_demo\mp-server\bin\wsSocket.js:21:52)
    at Set.forEach (<anonymous>)
    at WebSocket.incoming (D:\wx_demo\mp-server\bin\wsSocket.js:20:18)
    at emitOne (events.js:121:20)
    at WebSocket.emit (events.js:211:7)
    at Receiver.receiverOnMessage (D:\wx_demo\mp-server\node_modules\ws\lib\websocket.js:744:20)
    at emitOne (events.js:116:13)
    at Receiver.emit (events.js:211:7)
    at Receiver.dataMessage (D:\wx_demo\mp-server\node_modules\ws\lib\receiver.js:417:14)
    at Receiver.getData (D:\wx_demo\mp-server\node_modules\ws\lib\receiver.js:347:17)
    at Receiver.startLoop (D:\wx_demo\mp-server\node_modules\ws\lib\receiver.js:133:22)
    at Receiver._write (D:\wx_demo\mp-server\node_modules\ws\lib\receiver.js:69:10)
    at doWrite (_stream_writable.js:396:12)
    at writeOrBuffer (_stream_writable.js:382:5)
    at Receiver.Writable.write (_stream_writable.js:290:11)
    at Socket.socketOnData (D:\wx_demo\mp-server\node_modules\ws\lib\websocket.js:819:35)
    at emitOne (events.js:116:13)
    at Socket.emit (events.js:211:7)
    at addChunk (_stream_readable.js:263:12)
    at readableAddChunk (_stream_readable.js:250:11)
    at Socket.Readable.push (_stream_readable.js:208:10)
    at TCP.onread (net.js:601:20)
[2019-04-24T10:10:46.122] [INFO] log_file - ReferenceError: message is not defined
    at WebSocketServer.connection (D:\wx_demo\mp-server\bin\wsSocket.js:34:13)
    at emitTwo (events.js:131:20)
    at WebSocketServer.emit (events.js:214:7)
    at handleUpgrade (D:\wx_demo\mp-server\node_modules\ws\lib\websocket-server.js:86:18)
    at WebSocketServer.completeUpgrade (D:\wx_demo\mp-server\node_modules\ws\lib\websocket-server.js:312:5)
    at WebSocketServer.handleUpgrade (D:\wx_demo\mp-server\node_modules\ws\lib\websocket-server.js:236:10)
    at Server.upgrade (D:\wx_demo\mp-server\node_modules\ws\lib\websocket-server.js:85:16)
    at emitThree (events.js:136:13)
    at Server.emit (events.js:217:7)
    at onParserExecuteCommon (_http_server.js:523:14)
    at onParserExecute (_http_server.js:477:3)
[2019-04-24T10:13:54.701] [INFO] log_file - ReferenceError: message is not defined
    at WebSocket.incoming (D:\wx_demo\mp-server\bin\wsSocket.js:21:28)
    at emitOne (events.js:116:13)
    at WebSocket.emit (events.js:211:7)
    at Receiver.receiverOnMessage (D:\wx_demo\mp-server\node_modules\ws\lib\websocket.js:744:20)
    at emitOne (events.js:116:13)
    at Receiver.emit (events.js:211:7)
    at Receiver.dataMessage (D:\wx_demo\mp-server\node_modules\ws\lib\receiver.js:417:14)
    at Receiver.getData (D:\wx_demo\mp-server\node_modules\ws\lib\receiver.js:347:17)
    at Receiver.startLoop (D:\wx_demo\mp-server\node_modules\ws\lib\receiver.js:133:22)
    at Receiver._write (D:\wx_demo\mp-server\node_modules\ws\lib\receiver.js:69:10)
    at doWrite (_stream_writable.js:396:12)
    at writeOrBuffer (_stream_writable.js:382:5)
    at Receiver.Writable.write (_stream_writable.js:290:11)
    at Socket.socketOnData (D:\wx_demo\mp-server\node_modules\ws\lib\websocket.js:819:35)
    at emitOne (events.js:116:13)
    at Socket.emit (events.js:211:7)
    at addChunk (_stream_readable.js:263:12)
    at readableAddChunk (_stream_readable.js:250:11)
    at Socket.Readable.push (_stream_readable.js:208:10)
    at TCP.onread (net.js:601:20)
[2019-04-24T10:14:20.549] [INFO] log_file - ReferenceError: WebSocket is not defined
    at each (D:\wx_demo\mp-server\bin\wsSocket.js:23:52)
    at Set.forEach (<anonymous>)
    at WebSocket.incoming (D:\wx_demo\mp-server\bin\wsSocket.js:22:18)
    at emitOne (events.js:116:13)
    at WebSocket.emit (events.js:211:7)
    at Receiver.receiverOnMessage (D:\wx_demo\mp-server\node_modules\ws\lib\websocket.js:744:20)
    at emitOne (events.js:116:13)
    at Receiver.emit (events.js:211:7)
    at Receiver.dataMessage (D:\wx_demo\mp-server\node_modules\ws\lib\receiver.js:417:14)
    at Receiver.getData (D:\wx_demo\mp-server\node_modules\ws\lib\receiver.js:347:17)
    at Receiver.startLoop (D:\wx_demo\mp-server\node_modules\ws\lib\receiver.js:133:22)
    at Receiver._write (D:\wx_demo\mp-server\node_modules\ws\lib\receiver.js:69:10)
    at doWrite (_stream_writable.js:396:12)
    at writeOrBuffer (_stream_writable.js:382:5)
    at Receiver.Writable.write (_stream_writable.js:290:11)
    at Socket.socketOnData (D:\wx_demo\mp-server\node_modules\ws\lib\websocket.js:819:35)
    at emitOne (events.js:116:13)
    at Socket.emit (events.js:211:7)
    at addChunk (_stream_readable.js:263:12)
    at readableAddChunk (_stream_readable.js:250:11)
    at Socket.Readable.push (_stream_readable.js:208:10)
    at TCP.onread (net.js:601:20)
[2019-04-24T10:29:05.150] [INFO] log_file - TypeError: Queue.enqueue is not a function
    at WebSocket.incoming (D:\wx_demo\mp-server\bin\wsSocket.js:21:13)
    at emitOne (events.js:116:13)
    at WebSocket.emit (events.js:211:7)
    at Receiver.receiverOnMessage (D:\wx_demo\mp-server\node_modules\ws\lib\websocket.js:744:20)
    at emitOne (events.js:116:13)
    at Receiver.emit (events.js:211:7)
    at Receiver.dataMessage (D:\wx_demo\mp-server\node_modules\ws\lib\receiver.js:417:14)
    at Receiver.getData (D:\wx_demo\mp-server\node_modules\ws\lib\receiver.js:347:17)
    at Receiver.startLoop (D:\wx_demo\mp-server\node_modules\ws\lib\receiver.js:133:22)
    at Receiver._write (D:\wx_demo\mp-server\node_modules\ws\lib\receiver.js:69:10)
    at doWrite (_stream_writable.js:396:12)
    at writeOrBuffer (_stream_writable.js:382:5)
    at Receiver.Writable.write (_stream_writable.js:290:11)
    at Socket.socketOnData (D:\wx_demo\mp-server\node_modules\ws\lib\websocket.js:819:35)
    at emitOne (events.js:116:13)
    at Socket.emit (events.js:211:7)
    at addChunk (_stream_readable.js:263:12)
    at readableAddChunk (_stream_readable.js:250:11)
    at Socket.Readable.push (_stream_readable.js:208:10)
    at TCP.onread (net.js:601:20)
[2019-04-24T10:33:28.324] [INFO] log_file - TypeError: Queue is not a constructor
    at Object.<anonymous> (D:\wx_demo\mp-server\bin\wsSocket.js:4:13)
    at Module._compile (module.js:653:30)
    at Object.Module._extensions..js (module.js:664:10)
    at Module.load (module.js:566:32)
    at tryModuleLoad (module.js:506:12)
    at Function.Module._load (module.js:498:3)
    at Module.require (module.js:597:17)
    at require (internal/module.js:11:18)
    at Object.<anonymous> (D:\wx_demo\mp-server\bin\www:25:1)
    at Module._compile (module.js:653:30)
    at Object.Module._extensions..js (module.js:664:10)
    at Module.load (module.js:566:32)
    at tryModuleLoad (module.js:506:12)
    at Function.Module._load (module.js:498:3)
    at Function.Module.runMain (module.js:694:10)
    at startup (bootstrap_node.js:204:16)
    at bootstrap_node.js:625:3
[2019-04-24T10:34:46.526] [INFO] log_file - TypeError: Queue is not a constructor
    at Object.<anonymous> (D:\wx_demo\mp-server\bin\wsSocket.js:4:13)
    at Module._compile (module.js:653:30)
    at Object.Module._extensions..js (module.js:664:10)
    at Module.load (module.js:566:32)
    at tryModuleLoad (module.js:506:12)
    at Function.Module._load (module.js:498:3)
    at Module.require (module.js:597:17)
    at require (internal/module.js:11:18)
    at Object.<anonymous> (D:\wx_demo\mp-server\bin\www:25:1)
    at Module._compile (module.js:653:30)
    at Object.Module._extensions..js (module.js:664:10)
    at Module.load (module.js:566:32)
    at tryModuleLoad (module.js:506:12)
    at Function.Module._load (module.js:498:3)
    at Function.Module.runMain (module.js:694:10)
    at startup (bootstrap_node.js:204:16)
    at bootstrap_node.js:625:3
[2019-04-24T13:30:01.241] [INFO] log_file - TypeError: {"msg":"come vue hello"} is not a function
    at Array.find (native)
    at WebSocket.incoming (D:\wx_demo\mp-server\bin\wsSocket.js:24:29)
    at emitOne (events.js:116:13)
    at WebSocket.emit (events.js:211:7)
    at Receiver.receiverOnMessage (D:\wx_demo\mp-server\node_modules\ws\lib\websocket.js:744:20)
    at emitOne (events.js:116:13)
    at Receiver.emit (events.js:211:7)
    at Receiver.dataMessage (D:\wx_demo\mp-server\node_modules\ws\lib\receiver.js:417:14)
    at Receiver.getData (D:\wx_demo\mp-server\node_modules\ws\lib\receiver.js:347:17)
    at Receiver.startLoop (D:\wx_demo\mp-server\node_modules\ws\lib\receiver.js:133:22)
    at Receiver._write (D:\wx_demo\mp-server\node_modules\ws\lib\receiver.js:69:10)
    at doWrite (_stream_writable.js:396:12)
    at writeOrBuffer (_stream_writable.js:382:5)
    at Receiver.Writable.write (_stream_writable.js:290:11)
    at Socket.socketOnData (D:\wx_demo\mp-server\node_modules\ws\lib\websocket.js:819:35)
    at emitOne (events.js:116:13)
    at Socket.emit (events.js:211:7)
    at addChunk (_stream_readable.js:263:12)
    at readableAddChunk (_stream_readable.js:250:11)
    at Socket.Readable.push (_stream_readable.js:208:10)
    at TCP.onread (net.js:601:20)
[2019-04-24T13:30:28.279] [INFO] log_file - TypeError: 0 is not a function
    at Array.find (native)
    at WebSocket.incoming (D:\wx_demo\mp-server\bin\wsSocket.js:24:29)
    at emitOne (events.js:116:13)
    at WebSocket.emit (events.js:211:7)
    at Receiver.receiverOnMessage (D:\wx_demo\mp-server\node_modules\ws\lib\websocket.js:744:20)
    at emitOne (events.js:116:13)
    at Receiver.emit (events.js:211:7)
    at Receiver.dataMessage (D:\wx_demo\mp-server\node_modules\ws\lib\receiver.js:417:14)
    at Receiver.getData (D:\wx_demo\mp-server\node_modules\ws\lib\receiver.js:347:17)
    at Receiver.startLoop (D:\wx_demo\mp-server\node_modules\ws\lib\receiver.js:133:22)
    at Receiver._write (D:\wx_demo\mp-server\node_modules\ws\lib\receiver.js:69:10)
    at doWrite (_stream_writable.js:396:12)
    at writeOrBuffer (_stream_writable.js:382:5)
    at Receiver.Writable.write (_stream_writable.js:290:11)
    at Socket.socketOnData (D:\wx_demo\mp-server\node_modules\ws\lib\websocket.js:819:35)
    at emitOne (events.js:116:13)
    at Socket.emit (events.js:211:7)
    at addChunk (_stream_readable.js:263:12)
    at readableAddChunk (_stream_readable.js:250:11)
    at Socket.Readable.push (_stream_readable.js:208:10)
    at TCP.onread (net.js:601:20)
[2019-04-24T13:56:01.917] [INFO] log_file - TypeError: Ws.send is not a function
    at each (D:\wx_demo\mp-server\bin\wsSocket.js:39:16)
    at Set.forEach (<anonymous>)
    at WebSocket.incoming (D:\wx_demo\mp-server\bin\wsSocket.js:35:18)
    at emitOne (events.js:116:13)
    at WebSocket.emit (events.js:211:7)
    at Receiver.receiverOnMessage (D:\wx_demo\mp-server\node_modules\ws\lib\websocket.js:744:20)
    at emitOne (events.js:116:13)
    at Receiver.emit (events.js:211:7)
    at Receiver.dataMessage (D:\wx_demo\mp-server\node_modules\ws\lib\receiver.js:417:14)
    at Receiver.getData (D:\wx_demo\mp-server\node_modules\ws\lib\receiver.js:347:17)
    at Receiver.startLoop (D:\wx_demo\mp-server\node_modules\ws\lib\receiver.js:133:22)
    at Receiver._write (D:\wx_demo\mp-server\node_modules\ws\lib\receiver.js:69:10)
    at doWrite (_stream_writable.js:396:12)
    at writeOrBuffer (_stream_writable.js:382:5)
    at Receiver.Writable.write (_stream_writable.js:290:11)
    at Socket.socketOnData (D:\wx_demo\mp-server\node_modules\ws\lib\websocket.js:819:35)
    at emitOne (events.js:116:13)
    at Socket.emit (events.js:211:7)
    at addChunk (_stream_readable.js:263:12)
    at readableAddChunk (_stream_readable.js:250:11)
    at Socket.Readable.push (_stream_readable.js:208:10)
    at TCP.onread (net.js:601:20)
[2019-04-24T14:03:31.915] [INFO] log_file - TypeError: First argument must be a string, Buffer, ArrayBuffer, Array, or array-like object.
    at Function.Buffer.from (buffer.js:202:9)
    at Sender.send (D:\wx_demo\mp-server\node_modules\ws\lib\sender.js:278:23)
    at WebSocket.send (D:\wx_demo\mp-server\node_modules\ws\lib\websocket.js:347:18)
    at each (D:\wx_demo\mp-server\bin\wsSocket.js:38:18)
    at Set.forEach (<anonymous>)
    at WebSocket.incoming (D:\wx_demo\mp-server\bin\wsSocket.js:36:18)
    at emitOne (events.js:116:13)
    at WebSocket.emit (events.js:211:7)
    at Receiver.receiverOnMessage (D:\wx_demo\mp-server\node_modules\ws\lib\websocket.js:744:20)
    at emitOne (events.js:116:13)
    at Receiver.emit (events.js:211:7)
    at Receiver.dataMessage (D:\wx_demo\mp-server\node_modules\ws\lib\receiver.js:417:14)
    at Receiver.getData (D:\wx_demo\mp-server\node_modules\ws\lib\receiver.js:347:17)
    at Receiver.startLoop (D:\wx_demo\mp-server\node_modules\ws\lib\receiver.js:133:22)
    at Receiver._write (D:\wx_demo\mp-server\node_modules\ws\lib\receiver.js:69:10)
    at doWrite (_stream_writable.js:396:12)
    at writeOrBuffer (_stream_writable.js:382:5)
    at Receiver.Writable.write (_stream_writable.js:290:11)
    at Socket.socketOnData (D:\wx_demo\mp-server\node_modules\ws\lib\websocket.js:819:35)
    at emitOne (events.js:116:13)
    at Socket.emit (events.js:211:7)
    at addChunk (_stream_readable.js:263:12)
