[2019-04-12T12:59:11.722] [INFO] log_file - { SequelizeDatabaseError: Unknown column 'userName' in 'field list'
    at Query.formatError (D:\wx_demo\mp-server\node_modules\sequelize\lib\dialects\mysql\query.js:247:16)
    at Query.handler [as onResult] (D:\wx_demo\mp-server\node_modules\sequelize\lib\dialects\mysql\query.js:68:23)
    at Query.execute (D:\wx_demo\mp-server\node_modules\mysql2\lib\commands\command.js:30:14)
    at Connection.handlePacket (D:\wx_demo\mp-server\node_modules\mysql2\lib\connection.js:449:32)
    at PacketParser.Connection.packetParser.p [as onPacket] (D:\wx_demo\mp-server\node_modules\mysql2\lib\connection.js:72:12)
    at PacketParser.executeStart (D:\wx_demo\mp-server\node_modules\mysql2\lib\packet_parser.js:75:16)
    at Socket.Connection.stream.on.data (D:\wx_demo\mp-server\node_modules\mysql2\lib\connection.js:79:25)
    at emitOne (events.js:116:13)
    at Socket.emit (events.js:211:7)
    at addChunk (_stream_readable.js:263:12)
    at readableAddChunk (_stream_readable.js:250:11)
    at Socket.Readable.push (_stream_readable.js:208:10)
    at TCP.onread (net.js:601:20)
  name: 'SequelizeDatabaseError',
  parent: 
   { Error: Unknown column 'userName' in 'field list'
    at Packet.asError (D:\wx_demo\mp-server\node_modules\mysql2\lib\packets\packet.js:684:17)
    at Query.execute (D:\wx_demo\mp-server\node_modules\mysql2\lib\commands\command.js:28:26)
    at Connection.handlePacket (D:\wx_demo\mp-server\node_modules\mysql2\lib\connection.js:449:32)
    at PacketParser.Connection.packetParser.p [as onPacket] (D:\wx_demo\mp-server\node_modules\mysql2\lib\connection.js:72:12)
    at PacketParser.executeStart (D:\wx_demo\mp-server\node_modules\mysql2\lib\packet_parser.js:75:16)
    at Socket.Connection.stream.on.data (D:\wx_demo\mp-server\node_modules\mysql2\lib\connection.js:79:25)
    at emitOne (events.js:116:13)
    at Socket.emit (events.js:211:7)
    at addChunk (_stream_readable.js:263:12)
    at readableAddChunk (_stream_readable.js:250:11)
    at Socket.Readable.push (_stream_readable.js:208:10)
    at TCP.onread (net.js:601:20)
     code: 'ER_BAD_FIELD_ERROR',
     errno: 1054,
     sqlState: '42S22',
     sqlMessage: 'Unknown column \'userName\' in \'field list\'',
     sql: 'SELECT `id`, `userName`, `unionid`, `isdel` FROM `organizer` AS `Organizer` WHERE `Organizer`.`unionid` = \'oathZ1HSCF9iFlnbc0ntB3umcHJQ\' AND `Organizer`.`isdel` = 0 LIMIT 1;' },
  original: 
   { Error: Unknown column 'userName' in 'field list'
    at Packet.asError (D:\wx_demo\mp-server\node_modules\mysql2\lib\packets\packet.js:684:17)
    at Query.execute (D:\wx_demo\mp-server\node_modules\mysql2\lib\commands\command.js:28:26)
    at Connection.handlePacket (D:\wx_demo\mp-server\node_modules\mysql2\lib\connection.js:449:32)
    at PacketParser.Connection.packetParser.p [as onPacket] (D:\wx_demo\mp-server\node_modules\mysql2\lib\connection.js:72:12)
    at PacketParser.executeStart (D:\wx_demo\mp-server\node_modules\mysql2\lib\packet_parser.js:75:16)
    at Socket.Connection.stream.on.data (D:\wx_demo\mp-server\node_modules\mysql2\lib\connection.js:79:25)
    at emitOne (events.js:116:13)
    at Socket.emit (events.js:211:7)
    at addChunk (_stream_readable.js:263:12)
    at readableAddChunk (_stream_readable.js:250:11)
    at Socket.Readable.push (_stream_readable.js:208:10)
    at TCP.onread (net.js:601:20)
     code: 'ER_BAD_FIELD_ERROR',
     errno: 1054,
     sqlState: '42S22',
     sqlMessage: 'Unknown column \'userName\' in \'field list\'',
     sql: 'SELECT `id`, `userName`, `unionid`, `isdel` FROM `organizer` AS `Organizer` WHERE `Organizer`.`unionid` = \'oathZ1HSCF9iFlnbc0ntB3umcHJQ\' AND `Organizer`.`isdel` = 0 LIMIT 1;' },
  sql: 'SELECT `id`, `userName`, `unionid`, `isdel` FROM `organizer` AS `Organizer` WHERE `Organizer`.`unionid` = \'oathZ1HSCF9iFlnbc0ntB3umcHJQ\' AND `Organizer`.`isdel` = 0 LIMIT 1;',
  code: -1,
  data: [] }
[2019-04-12T13:33:41.146] [INFO] log_file - { TypeError: serviceMiniDisplay.addOrganizer is not a function
    at serviceMiniDisplay.checkOrganizer.result (D:\wx_demo\mp-server\action\miniDisplay.js:86:32)
    at Organizer.findOne.then.result (D:\wx_demo\mp-server\service\miniDisplay.js:163:17)
    at tryCatcher (D:\wx_demo\mp-server\node_modules\bluebird\js\release\util.js:16:23)
    at Promise._settlePromiseFromHandler (D:\wx_demo\mp-server\node_modules\bluebird\js\release\promise.js:512:31)
    at Promise._settlePromise (D:\wx_demo\mp-server\node_modules\bluebird\js\release\promise.js:569:18)
    at Promise._settlePromise0 (D:\wx_demo\mp-server\node_modules\bluebird\js\release\promise.js:614:10)
    at Promise._settlePromises (D:\wx_demo\mp-server\node_modules\bluebird\js\release\promise.js:694:18)
    at _drainQueueStep (D:\wx_demo\mp-server\node_modules\bluebird\js\release\async.js:138:12)
    at _drainQueue (D:\wx_demo\mp-server\node_modules\bluebird\js\release\async.js:131:9)
    at Async._drainQueues (D:\wx_demo\mp-server\node_modules\bluebird\js\release\async.js:147:5)
    at Immediate.Async.drainQueues (D:\wx_demo\mp-server\node_modules\bluebird\js\release\async.js:17:14)
    at runCallback (timers.js:810:20)
    at tryOnImmediate (timers.js:768:5)
    at processImmediate [as _immediateCallback] (timers.js:745:5) code: -1, data: [] }
[2019-04-12T13:36:14.164] [INFO] log_file - { TypeError: Assignment to constant variable.
    at Object.addOrganizer (D:\wx_demo\mp-server\service\miniDisplay.js:185:18)
    at serviceMiniDisplay.checkOrganizer.result (D:\wx_demo\mp-server\action\miniDisplay.js:86:32)
    at Organizer.findOne.then.result (D:\wx_demo\mp-server\service\miniDisplay.js:167:17)
    at tryCatcher (D:\wx_demo\mp-server\node_modules\bluebird\js\release\util.js:16:23)
    at Promise._settlePromiseFromHandler (D:\wx_demo\mp-server\node_modules\bluebird\js\release\promise.js:512:31)
    at Promise._settlePromise (D:\wx_demo\mp-server\node_modules\bluebird\js\release\promise.js:569:18)
    at Promise._settlePromise0 (D:\wx_demo\mp-server\node_modules\bluebird\js\release\promise.js:614:10)
    at Promise._settlePromises (D:\wx_demo\mp-server\node_modules\bluebird\js\release\promise.js:694:18)
    at _drainQueueStep (D:\wx_demo\mp-server\node_modules\bluebird\js\release\async.js:138:12)
    at _drainQueue (D:\wx_demo\mp-server\node_modules\bluebird\js\release\async.js:131:9)
    at Async._drainQueues (D:\wx_demo\mp-server\node_modules\bluebird\js\release\async.js:147:5)
    at Immediate.Async.drainQueues (D:\wx_demo\mp-server\node_modules\bluebird\js\release\async.js:17:14)
    at runCallback (timers.js:810:20)
    at tryOnImmediate (timers.js:768:5)
    at processImmediate [as _immediateCallback] (timers.js:745:5) code: -1, data: [] }
[2019-04-12T13:37:49.179] [INFO] log_file - { TypeError: Assignment to constant variable.
    at Object.addOrganizer (D:\wx_demo\mp-server\service\miniDisplay.js:185:18)
    at serviceMiniDisplay.checkOrganizer.result (D:\wx_demo\mp-server\action\miniDisplay.js:86:32)
    at Organizer.findOne.then.result (D:\wx_demo\mp-server\service\miniDisplay.js:167:17)
    at tryCatcher (D:\wx_demo\mp-server\node_modules\bluebird\js\release\util.js:16:23)
    at Promise._settlePromiseFromHandler (D:\wx_demo\mp-server\node_modules\bluebird\js\release\promise.js:512:31)
    at Promise._settlePromise (D:\wx_demo\mp-server\node_modules\bluebird\js\release\promise.js:569:18)
    at Promise._settlePromise0 (D:\wx_demo\mp-server\node_modules\bluebird\js\release\promise.js:614:10)
    at Promise._settlePromises (D:\wx_demo\mp-server\node_modules\bluebird\js\release\promise.js:694:18)
    at _drainQueueStep (D:\wx_demo\mp-server\node_modules\bluebird\js\release\async.js:138:12)
    at _drainQueue (D:\wx_demo\mp-server\node_modules\bluebird\js\release\async.js:131:9)
    at Async._drainQueues (D:\wx_demo\mp-server\node_modules\bluebird\js\release\async.js:147:5)
    at Immediate.Async.drainQueues (D:\wx_demo\mp-server\node_modules\bluebird\js\release\async.js:17:14)
    at runCallback (timers.js:810:20)
    at tryOnImmediate (timers.js:768:5)
    at processImmediate [as _immediateCallback] (timers.js:745:5) code: -1, data: [] }
[2019-04-12T13:43:53.375] [INFO] log_file - { TypeError: Assignment to constant variable.
    at Object.addOrganizer (D:\wx_demo\mp-server\service\miniDisplay.js:185:18)
    at serviceMiniDisplay.checkOrganizer.result (D:\wx_demo\mp-server\action\miniDisplay.js:86:32)
    at Organizer.findOne.then.result (D:\wx_demo\mp-server\service\miniDisplay.js:167:17)
    at tryCatcher (D:\wx_demo\mp-server\node_modules\bluebird\js\release\util.js:16:23)
    at Promise._settlePromiseFromHandler (D:\wx_demo\mp-server\node_modules\bluebird\js\release\promise.js:512:31)
    at Promise._settlePromise (D:\wx_demo\mp-server\node_modules\bluebird\js\release\promise.js:569:18)
    at Promise._settlePromise0 (D:\wx_demo\mp-server\node_modules\bluebird\js\release\promise.js:614:10)
    at Promise._settlePromises (D:\wx_demo\mp-server\node_modules\bluebird\js\release\promise.js:694:18)
    at _drainQueueStep (D:\wx_demo\mp-server\node_modules\bluebird\js\release\async.js:138:12)
    at _drainQueue (D:\wx_demo\mp-server\node_modules\bluebird\js\release\async.js:131:9)
    at Async._drainQueues (D:\wx_demo\mp-server\node_modules\bluebird\js\release\async.js:147:5)
    at Immediate.Async.drainQueues (D:\wx_demo\mp-server\node_modules\bluebird\js\release\async.js:17:14)
    at runCallback (timers.js:810:20)
    at tryOnImmediate (timers.js:768:5)
    at processImmediate [as _immediateCallback] (timers.js:745:5) code: -1, data: [] }
[2019-04-12T13:45:21.708] [INFO] log_file - { TypeError: Assignment to constant variable.
    at Object.addOrganizer (D:\wx_demo\mp-server\service\miniDisplay.js:185:18)
    at serviceMiniDisplay.checkOrganizer.result (D:\wx_demo\mp-server\action\miniDisplay.js:86:32)
    at Organizer.findOne.then.result (D:\wx_demo\mp-server\service\miniDisplay.js:167:17)
    at tryCatcher (D:\wx_demo\mp-server\node_modules\bluebird\js\release\util.js:16:23)
    at Promise._settlePromiseFromHandler (D:\wx_demo\mp-server\node_modules\bluebird\js\release\promise.js:512:31)
    at Promise._settlePromise (D:\wx_demo\mp-server\node_modules\bluebird\js\release\promise.js:569:18)
    at Promise._settlePromise0 (D:\wx_demo\mp-server\node_modules\bluebird\js\release\promise.js:614:10)
    at Promise._settlePromises (D:\wx_demo\mp-server\node_modules\bluebird\js\release\promise.js:694:18)
    at _drainQueueStep (D:\wx_demo\mp-server\node_modules\bluebird\js\release\async.js:138:12)
    at _drainQueue (D:\wx_demo\mp-server\node_modules\bluebird\js\release\async.js:131:9)
    at Async._drainQueues (D:\wx_demo\mp-server\node_modules\bluebird\js\release\async.js:147:5)
    at Immediate.Async.drainQueues (D:\wx_demo\mp-server\node_modules\bluebird\js\release\async.js:17:14)
    at runCallback (timers.js:810:20)
    at tryOnImmediate (timers.js:768:5)
    at processImmediate [as _immediateCallback] (timers.js:745:5) code: -1, data: [] }
[2019-04-12T13:45:48.729] [INFO] log_file - { TypeError: Assignment to constant variable.
    at Object.addOrganizer (D:\wx_demo\mp-server\service\miniDisplay.js:185:18)
    at serviceMiniDisplay.checkOrganizer.result (D:\wx_demo\mp-server\action\miniDisplay.js:86:32)
    at Organizer.findOne.then.result (D:\wx_demo\mp-server\service\miniDisplay.js:167:17)
    at tryCatcher (D:\wx_demo\mp-server\node_modules\bluebird\js\release\util.js:16:23)
    at Promise._settlePromiseFromHandler (D:\wx_demo\mp-server\node_modules\bluebird\js\release\promise.js:512:31)
    at Promise._settlePromise (D:\wx_demo\mp-server\node_modules\bluebird\js\release\promise.js:569:18)
    at Promise._settlePromise0 (D:\wx_demo\mp-server\node_modules\bluebird\js\release\promise.js:614:10)
    at Promise._settlePromises (D:\wx_demo\mp-server\node_modules\bluebird\js\release\promise.js:694:18)
    at _drainQueueStep (D:\wx_demo\mp-server\node_modules\bluebird\js\release\async.js:138:12)
    at _drainQueue (D:\wx_demo\mp-server\node_modules\bluebird\js\release\async.js:131:9)
    at Async._drainQueues (D:\wx_demo\mp-server\node_modules\bluebird\js\release\async.js:147:5)
    at Immediate.Async.drainQueues (D:\wx_demo\mp-server\node_modules\bluebird\js\release\async.js:17:14)
    at runCallback (timers.js:810:20)
    at tryOnImmediate (timers.js:768:5)
    at processImmediate [as _immediateCallback] (timers.js:745:5) code: -1, data: [] }
[2019-04-12T13:46:15.760] [INFO] log_file - { TypeError: Assignment to constant variable.
    at Object.addOrganizer (D:\wx_demo\mp-server\service\miniDisplay.js:185:18)
    at serviceMiniDisplay.checkOrganizer.result (D:\wx_demo\mp-server\action\miniDisplay.js:86:32)
    at Organizer.findOne.then.result (D:\wx_demo\mp-server\service\miniDisplay.js:167:17)
    at tryCatcher (D:\wx_demo\mp-server\node_modules\bluebird\js\release\util.js:16:23)
    at Promise._settlePromiseFromHandler (D:\wx_demo\mp-server\node_modules\bluebird\js\release\promise.js:512:31)
    at Promise._settlePromise (D:\wx_demo\mp-server\node_modules\bluebird\js\release\promise.js:569:18)
    at Promise._settlePromise0 (D:\wx_demo\mp-server\node_modules\bluebird\js\release\promise.js:614:10)
    at Promise._settlePromises (D:\wx_demo\mp-server\node_modules\bluebird\js\release\promise.js:694:18)
    at _drainQueueStep (D:\wx_demo\mp-server\node_modules\bluebird\js\release\async.js:138:12)
    at _drainQueue (D:\wx_demo\mp-server\node_modules\bluebird\js\release\async.js:131:9)
    at Async._drainQueues (D:\wx_demo\mp-server\node_modules\bluebird\js\release\async.js:147:5)
    at Immediate.Async.drainQueues (D:\wx_demo\mp-server\node_modules\bluebird\js\release\async.js:17:14)
    at runCallback (timers.js:810:20)
    at tryOnImmediate (timers.js:768:5)
    at processImmediate [as _immediateCallback] (timers.js:745:5) code: -1, data: [] }
[2019-04-12T13:46:58.731] [INFO] log_file - { TypeError: organizerArr.forEach is not a function
    at Object.addOrganizer (D:\wx_demo\mp-server\service\miniDisplay.js:187:18)
    at serviceMiniDisplay.checkOrganizer.result (D:\wx_demo\mp-server\action\miniDisplay.js:86:32)
    at Organizer.findOne.then.result (D:\wx_demo\mp-server\service\miniDisplay.js:167:17)
    at tryCatcher (D:\wx_demo\mp-server\node_modules\bluebird\js\release\util.js:16:23)
    at Promise._settlePromiseFromHandler (D:\wx_demo\mp-server\node_modules\bluebird\js\release\promise.js:512:31)
    at Promise._settlePromise (D:\wx_demo\mp-server\node_modules\bluebird\js\release\promise.js:569:18)
    at Promise._settlePromise0 (D:\wx_demo\mp-server\node_modules\bluebird\js\release\promise.js:614:10)
    at Promise._settlePromises (D:\wx_demo\mp-server\node_modules\bluebird\js\release\promise.js:694:18)
    at _drainQueueStep (D:\wx_demo\mp-server\node_modules\bluebird\js\release\async.js:138:12)
    at _drainQueue (D:\wx_demo\mp-server\node_modules\bluebird\js\release\async.js:131:9)
    at Async._drainQueues (D:\wx_demo\mp-server\node_modules\bluebird\js\release\async.js:147:5)
    at Immediate.Async.drainQueues (D:\wx_demo\mp-server\node_modules\bluebird\js\release\async.js:17:14)
    at runCallback (timers.js:810:20)
    at tryOnImmediate (timers.js:768:5)
    at processImmediate [as _immediateCallback] (timers.js:745:5) code: -1, data: [] }
[2019-04-12T13:49:48.065] [INFO] log_file - { TypeError: Assignment to constant variable.
    at Object.addOrganizer (D:\wx_demo\mp-server\service\miniDisplay.js:184:18)
    at serviceMiniDisplay.checkOrganizer.result (D:\wx_demo\mp-server\action\miniDisplay.js:86:32)
    at Organizer.findOne.then.result (D:\wx_demo\mp-server\service\miniDisplay.js:167:17)
    at tryCatcher (D:\wx_demo\mp-server\node_modules\bluebird\js\release\util.js:16:23)
    at Promise._settlePromiseFromHandler (D:\wx_demo\mp-server\node_modules\bluebird\js\release\promise.js:512:31)
    at Promise._settlePromise (D:\wx_demo\mp-server\node_modules\bluebird\js\release\promise.js:569:18)
    at Promise._settlePromise0 (D:\wx_demo\mp-server\node_modules\bluebird\js\release\promise.js:614:10)
    at Promise._settlePromises (D:\wx_demo\mp-server\node_modules\bluebird\js\release\promise.js:694:18)
    at _drainQueueStep (D:\wx_demo\mp-server\node_modules\bluebird\js\release\async.js:138:12)
    at _drainQueue (D:\wx_demo\mp-server\node_modules\bluebird\js\release\async.js:131:9)
    at Async._drainQueues (D:\wx_demo\mp-server\node_modules\bluebird\js\release\async.js:147:5)
    at Immediate.Async.drainQueues (D:\wx_demo\mp-server\node_modules\bluebird\js\release\async.js:17:14)
    at runCallback (timers.js:810:20)
    at tryOnImmediate (timers.js:768:5)
    at processImmediate [as _immediateCallback] (timers.js:745:5) code: -1, data: [] }
[2019-04-12T13:50:09.610] [INFO] log_file - { TypeError: Assignment to constant variable.
    at Object.addOrganizer (D:\wx_demo\mp-server\service\miniDisplay.js:185:18)
    at serviceMiniDisplay.checkOrganizer.result (D:\wx_demo\mp-server\action\miniDisplay.js:86:32)
    at Organizer.findOne.then.result (D:\wx_demo\mp-server\service\miniDisplay.js:167:17)
    at tryCatcher (D:\wx_demo\mp-server\node_modules\bluebird\js\release\util.js:16:23)
    at Promise._settlePromiseFromHandler (D:\wx_demo\mp-server\node_modules\bluebird\js\release\promise.js:512:31)
    at Promise._settlePromise (D:\wx_demo\mp-server\node_modules\bluebird\js\release\promise.js:569:18)
    at Promise._settlePromise0 (D:\wx_demo\mp-server\node_modules\bluebird\js\release\promise.js:614:10)
    at Promise._settlePromises (D:\wx_demo\mp-server\node_modules\bluebird\js\release\promise.js:694:18)
    at _drainQueueStep (D:\wx_demo\mp-server\node_modules\bluebird\js\release\async.js:138:12)
    at _drainQueue (D:\wx_demo\mp-server\node_modules\bluebird\js\release\async.js:131:9)
    at Async._drainQueues (D:\wx_demo\mp-server\node_modules\bluebird\js\release\async.js:147:5)
    at Immediate.Async.drainQueues (D:\wx_demo\mp-server\node_modules\bluebird\js\release\async.js:17:14)
    at runCallback (timers.js:810:20)
    at tryOnImmediate (timers.js:768:5)
    at processImmediate [as _immediateCallback] (timers.js:745:5) code: -1, data: [] }
[2019-04-12T13:51:14.883] [INFO] log_file - { TypeError: Assignment to constant variable.
    at Object.addOrganizer (D:\wx_demo\mp-server\service\miniDisplay.js:185:18)
    at serviceMiniDisplay.checkOrganizer.result (D:\wx_demo\mp-server\action\miniDisplay.js:86:32)
    at Organizer.findOne.then.result (D:\wx_demo\mp-server\service\miniDisplay.js:167:17)
    at tryCatcher (D:\wx_demo\mp-server\node_modules\bluebird\js\release\util.js:16:23)
    at Promise._settlePromiseFromHandler (D:\wx_demo\mp-server\node_modules\bluebird\js\release\promise.js:512:31)
    at Promise._settlePromise (D:\wx_demo\mp-server\node_modules\bluebird\js\release\promise.js:569:18)
    at Promise._settlePromise0 (D:\wx_demo\mp-server\node_modules\bluebird\js\release\promise.js:614:10)
    at Promise._settlePromises (D:\wx_demo\mp-server\node_modules\bluebird\js\release\promise.js:694:18)
    at _drainQueueStep (D:\wx_demo\mp-server\node_modules\bluebird\js\release\async.js:138:12)
    at _drainQueue (D:\wx_demo\mp-server\node_modules\bluebird\js\release\async.js:131:9)
    at Async._drainQueues (D:\wx_demo\mp-server\node_modules\bluebird\js\release\async.js:147:5)
    at Immediate.Async.drainQueues (D:\wx_demo\mp-server\node_modules\bluebird\js\release\async.js:17:14)
    at runCallback (timers.js:810:20)
    at tryOnImmediate (timers.js:768:5)
    at processImmediate [as _immediateCallback] (timers.js:745:5) code: -1, data: [] }
[2019-04-12T13:55:18.006] [INFO] log_file - { TypeError: Assignment to constant variable.
    at Object.addOrganizer (D:\wx_demo\mp-server\service\miniDisplay.js:185:18)
    at serviceMiniDisplay.checkOrganizer.result (D:\wx_demo\mp-server\action\miniDisplay.js:86:32)
    at Organizer.findOne.then.result (D:\wx_demo\mp-server\service\miniDisplay.js:167:17)
    at tryCatcher (D:\wx_demo\mp-server\node_modules\bluebird\js\release\util.js:16:23)
    at Promise._settlePromiseFromHandler (D:\wx_demo\mp-server\node_modules\bluebird\js\release\promise.js:512:31)
    at Promise._settlePromise (D:\wx_demo\mp-server\node_modules\bluebird\js\release\promise.js:569:18)
    at Promise._settlePromise0 (D:\wx_demo\mp-server\node_modules\bluebird\js\release\promise.js:614:10)
    at Promise._settlePromises (D:\wx_demo\mp-server\node_modules\bluebird\js\release\promise.js:694:18)
    at _drainQueueStep (D:\wx_demo\mp-server\node_modules\bluebird\js\release\async.js:138:12)
    at _drainQueue (D:\wx_demo\mp-server\node_modules\bluebird\js\release\async.js:131:9)
    at Async._drainQueues (D:\wx_demo\mp-server\node_modules\bluebird\js\release\async.js:147:5)
    at Immediate.Async.drainQueues (D:\wx_demo\mp-server\node_modules\bluebird\js\release\async.js:17:14)
    at runCallback (timers.js:810:20)
    at tryOnImmediate (timers.js:768:5)
    at processImmediate [as _immediateCallback] (timers.js:745:5) code: -1, data: [] }
[2019-04-12T13:55:38.004] [INFO] log_file - { TypeError: Assignment to constant variable.
    at Object.addOrganizer (D:\wx_demo\mp-server\service\miniDisplay.js:185:18)
    at serviceMiniDisplay.checkOrganizer.result (D:\wx_demo\mp-server\action\miniDisplay.js:86:32)
    at Organizer.findOne.then.result (D:\wx_demo\mp-server\service\miniDisplay.js:167:17)
    at tryCatcher (D:\wx_demo\mp-server\node_modules\bluebird\js\release\util.js:16:23)
    at Promise._settlePromiseFromHandler (D:\wx_demo\mp-server\node_modules\bluebird\js\release\promise.js:512:31)
    at Promise._settlePromise (D:\wx_demo\mp-server\node_modules\bluebird\js\release\promise.js:569:18)
    at Promise._settlePromise0 (D:\wx_demo\mp-server\node_modules\bluebird\js\release\promise.js:614:10)
    at Promise._settlePromises (D:\wx_demo\mp-server\node_modules\bluebird\js\release\promise.js:694:18)
    at _drainQueueStep (D:\wx_demo\mp-server\node_modules\bluebird\js\release\async.js:138:12)
    at _drainQueue (D:\wx_demo\mp-server\node_modules\bluebird\js\release\async.js:131:9)
    at Async._drainQueues (D:\wx_demo\mp-server\node_modules\bluebird\js\release\async.js:147:5)
    at Immediate.Async.drainQueues (D:\wx_demo\mp-server\node_modules\bluebird\js\release\async.js:17:14)
    at runCallback (timers.js:810:20)
    at tryOnImmediate (timers.js:768:5)
    at processImmediate [as _immediateCallback] (timers.js:745:5) code: -1, data: [] }
[2019-04-12T13:57:58.594] [INFO] log_file - { TypeError: Assignment to constant variable.
    at Object.addOrganizer (D:\wx_demo\mp-server\service\miniDisplay.js:185:18)
    at serviceMiniDisplay.checkOrganizer.result (D:\wx_demo\mp-server\action\miniDisplay.js:86:32)
    at Organizer.findOne.then.result (D:\wx_demo\mp-server\service\miniDisplay.js:167:17)
    at tryCatcher (D:\wx_demo\mp-server\node_modules\bluebird\js\release\util.js:16:23)
    at Promise._settlePromiseFromHandler (D:\wx_demo\mp-server\node_modules\bluebird\js\release\promise.js:512:31)
    at Promise._settlePromise (D:\wx_demo\mp-server\node_modules\bluebird\js\release\promise.js:569:18)
    at Promise._settlePromise0 (D:\wx_demo\mp-server\node_modules\bluebird\js\release\promise.js:614:10)
    at Promise._settlePromises (D:\wx_demo\mp-server\node_modules\bluebird\js\release\promise.js:694:18)
    at _drainQueueStep (D:\wx_demo\mp-server\node_modules\bluebird\js\release\async.js:138:12)
    at _drainQueue (D:\wx_demo\mp-server\node_modules\bluebird\js\release\async.js:131:9)
    at Async._drainQueues (D:\wx_demo\mp-server\node_modules\bluebird\js\release\async.js:147:5)
    at Immediate.Async.drainQueues (D:\wx_demo\mp-server\node_modules\bluebird\js\release\async.js:17:14)
    at runCallback (timers.js:810:20)
    at tryOnImmediate (timers.js:768:5)
    at processImmediate [as _immediateCallback] (timers.js:745:5) code: -1, data: [] }
[2019-04-12T13:58:33.962] [INFO] log_file - { TypeError: Assignment to constant variable.
    at Object.addOrganizer (D:\wx_demo\mp-server\service\miniDisplay.js:185:18)
    at serviceMiniDisplay.checkOrganizer.result (D:\wx_demo\mp-server\action\miniDisplay.js:86:32)
    at Organizer.findOne.then.result (D:\wx_demo\mp-server\service\miniDisplay.js:167:17)
    at tryCatcher (D:\wx_demo\mp-server\node_modules\bluebird\js\release\util.js:16:23)
    at Promise._settlePromiseFromHandler (D:\wx_demo\mp-server\node_modules\bluebird\js\release\promise.js:512:31)
    at Promise._settlePromise (D:\wx_demo\mp-server\node_modules\bluebird\js\release\promise.js:569:18)
    at Promise._settlePromise0 (D:\wx_demo\mp-server\node_modules\bluebird\js\release\promise.js:614:10)
    at Promise._settlePromises (D:\wx_demo\mp-server\node_modules\bluebird\js\release\promise.js:694:18)
    at _drainQueueStep (D:\wx_demo\mp-server\node_modules\bluebird\js\release\async.js:138:12)
    at _drainQueue (D:\wx_demo\mp-server\node_modules\bluebird\js\release\async.js:131:9)
    at Async._drainQueues (D:\wx_demo\mp-server\node_modules\bluebird\js\release\async.js:147:5)
    at Immediate.Async.drainQueues (D:\wx_demo\mp-server\node_modules\bluebird\js\release\async.js:17:14)
    at runCallback (timers.js:810:20)
    at tryOnImmediate (timers.js:768:5)
    at processImmediate [as _immediateCallback] (timers.js:745:5) code: -1, data: [] }
[2019-04-12T13:59:17.343] [INFO] log_file - { TypeError: Assignment to constant variable.
    at Object.addOrganizer (D:\wx_demo\mp-server\service\miniDisplay.js:185:18)
    at serviceMiniDisplay.checkOrganizer.result (D:\wx_demo\mp-server\action\miniDisplay.js:86:32)
    at Organizer.findOne.then.result (D:\wx_demo\mp-server\service\miniDisplay.js:167:17)
    at tryCatcher (D:\wx_demo\mp-server\node_modules\bluebird\js\release\util.js:16:23)
    at Promise._settlePromiseFromHandler (D:\wx_demo\mp-server\node_modules\bluebird\js\release\promise.js:512:31)
    at Promise._settlePromise (D:\wx_demo\mp-server\node_modules\bluebird\js\release\promise.js:569:18)
    at Promise._settlePromise0 (D:\wx_demo\mp-server\node_modules\bluebird\js\release\promise.js:614:10)
    at Promise._settlePromises (D:\wx_demo\mp-server\node_modules\bluebird\js\release\promise.js:694:18)
    at _drainQueueStep (D:\wx_demo\mp-server\node_modules\bluebird\js\release\async.js:138:12)
    at _drainQueue (D:\wx_demo\mp-server\node_modules\bluebird\js\release\async.js:131:9)
    at Async._drainQueues (D:\wx_demo\mp-server\node_modules\bluebird\js\release\async.js:147:5)
    at Immediate.Async.drainQueues (D:\wx_demo\mp-server\node_modules\bluebird\js\release\async.js:17:14)
    at runCallback (timers.js:810:20)
    at tryOnImmediate (timers.js:768:5)
    at processImmediate [as _immediateCallback] (timers.js:745:5) code: -1, data: [] }
[2019-04-12T13:59:34.966] [INFO] log_file - { TypeError: Assignment to constant variable.
    at Object.addOrganizer (D:\wx_demo\mp-server\service\miniDisplay.js:185:18)
    at serviceMiniDisplay.checkOrganizer.result (D:\wx_demo\mp-server\action\miniDisplay.js:86:32)
    at Organizer.findOne.then.result (D:\wx_demo\mp-server\service\miniDisplay.js:167:17)
    at tryCatcher (D:\wx_demo\mp-server\node_modules\bluebird\js\release\util.js:16:23)
    at Promise._settlePromiseFromHandler (D:\wx_demo\mp-server\node_modules\bluebird\js\release\promise.js:512:31)
    at Promise._settlePromise (D:\wx_demo\mp-server\node_modules\bluebird\js\release\promise.js:569:18)
    at Promise._settlePromise0 (D:\wx_demo\mp-server\node_modules\bluebird\js\release\promise.js:614:10)
    at Promise._settlePromises (D:\wx_demo\mp-server\node_modules\bluebird\js\release\promise.js:694:18)
    at _drainQueueStep (D:\wx_demo\mp-server\node_modules\bluebird\js\release\async.js:138:12)
    at _drainQueue (D:\wx_demo\mp-server\node_modules\bluebird\js\release\async.js:131:9)
    at Async._drainQueues (D:\wx_demo\mp-server\node_modules\bluebird\js\release\async.js:147:5)
    at Immediate.Async.drainQueues (D:\wx_demo\mp-server\node_modules\bluebird\js\release\async.js:17:14)
    at runCallback (timers.js:810:20)
    at tryOnImmediate (timers.js:768:5)
    at processImmediate [as _immediateCallback] (timers.js:745:5) code: -1, data: [] }
[2019-04-12T14:04:03.267] [INFO] log_file - { TypeError: Assignment to constant variable.
    at Object.addOrganizer (D:\wx_demo\mp-server\service\miniDisplay.js:185:18)
    at serviceMiniDisplay.checkOrganizer.result (D:\wx_demo\mp-server\action\miniDisplay.js:86:32)
    at Organizer.findOne.then.result (D:\wx_demo\mp-server\service\miniDisplay.js:167:17)
    at tryCatcher (D:\wx_demo\mp-server\node_modules\bluebird\js\release\util.js:16:23)
    at Promise._settlePromiseFromHandler (D:\wx_demo\mp-server\node_modules\bluebird\js\release\promise.js:512:31)
    at Promise._settlePromise (D:\wx_demo\mp-server\node_modules\bluebird\js\release\promise.js:569:18)
    at Promise._settlePromise0 (D:\wx_demo\mp-server\node_modules\bluebird\js\release\promise.js:614:10)
    at Promise._settlePromises (D:\wx_demo\mp-server\node_modules\bluebird\js\release\promise.js:694:18)
    at _drainQueueStep (D:\wx_demo\mp-server\node_modules\bluebird\js\release\async.js:138:12)
    at _drainQueue (D:\wx_demo\mp-server\node_modules\bluebird\js\release\async.js:131:9)
    at Async._drainQueues (D:\wx_demo\mp-server\node_modules\bluebird\js\release\async.js:147:5)
    at Immediate.Async.drainQueues (D:\wx_demo\mp-server\node_modules\bluebird\js\release\async.js:17:14)
    at runCallback (timers.js:810:20)
    at tryOnImmediate (timers.js:768:5)
    at processImmediate [as _immediateCallback] (timers.js:745:5) code: -1, data: [] }
[2019-04-12T14:07:25.496] [INFO] log_file - { TypeError: organizerArr.forEach is not a function
    at Object.addOrganizer (D:\wx_demo\mp-server\service\miniDisplay.js:186:18)
    at serviceMiniDisplay.checkOrganizer.result (D:\wx_demo\mp-server\action\miniDisplay.js:86:32)
    at Organizer.findOne.then.result (D:\wx_demo\mp-server\service\miniDisplay.js:167:17)
    at tryCatcher (D:\wx_demo\mp-server\node_modules\bluebird\js\release\util.js:16:23)
    at Promise._settlePromiseFromHandler (D:\wx_demo\mp-server\node_modules\bluebird\js\release\promise.js:512:31)
    at Promise._settlePromise (D:\wx_demo\mp-server\node_modules\bluebird\js\release\promise.js:569:18)
    at Promise._settlePromise0 (D:\wx_demo\mp-server\node_modules\bluebird\js\release\promise.js:614:10)
    at Promise._settlePromises (D:\wx_demo\mp-server\node_modules\bluebird\js\release\promise.js:694:18)
    at _drainQueueStep (D:\wx_demo\mp-server\node_modules\bluebird\js\release\async.js:138:12)
    at _drainQueue (D:\wx_demo\mp-server\node_modules\bluebird\js\release\async.js:131:9)
    at Async._drainQueues (D:\wx_demo\mp-server\node_modules\bluebird\js\release\async.js:147:5)
    at Immediate.Async.drainQueues (D:\wx_demo\mp-server\node_modules\bluebird\js\release\async.js:17:14)
    at runCallback (timers.js:810:20)
    at tryOnImmediate (timers.js:768:5)
    at processImmediate [as _immediateCallback] (timers.js:745:5) code: -1, data: [] }
