[2019-01-11T08:57:13.010] [INFO] log_file - { Error: ER_TRUNCATED_WRONG_VALUE: Incorrect date value: 'null' for column 'book_time' at row 1
    at Query.Sequence._packetToError (D:\wx_demo\mp-server\node_modules\mysql\lib\protocol\sequences\Sequence.js:47:14)
    at Query.ErrorPacket (D:\wx_demo\mp-server\node_modules\mysql\lib\protocol\sequences\Query.js:77:18)
    at Protocol._parsePacket (D:\wx_demo\mp-server\node_modules\mysql\lib\protocol\Protocol.js:278:23)
    at Parser.write (D:\wx_demo\mp-server\node_modules\mysql\lib\protocol\Parser.js:76:12)
    at Protocol.write (D:\wx_demo\mp-server\node_modules\mysql\lib\protocol\Protocol.js:38:16)
    at Socket.<anonymous> (D:\wx_demo\mp-server\node_modules\mysql\lib\Connection.js:91:28)
    at Socket.<anonymous> (D:\wx_demo\mp-server\node_modules\mysql\lib\Connection.js:502:10)
    at emitOne (events.js:116:13)
    at Socket.emit (events.js:211:7)
    at addChunk (_stream_readable.js:263:12)
    --------------------
    at Protocol._enqueue (D:\wx_demo\mp-server\node_modules\mysql\lib\protocol\Protocol.js:144:48)
    at PoolConnection.query (D:\wx_demo\mp-server\node_modules\mysql\lib\Connection.js:200:25)
    at D:\wx_demo\mp-server\app.js:73:12
    at Ping.onOperationComplete (D:\wx_demo\mp-server\node_modules\mysql\lib\Pool.js:110:5)
    at Ping.<anonymous> (D:\wx_demo\mp-server\node_modules\mysql\lib\Connection.js:502:10)
    at Ping._callback (D:\wx_demo\mp-server\node_modules\mysql\lib\Connection.js:468:16)
    at Ping.Sequence.end (D:\wx_demo\mp-server\node_modules\mysql\lib\protocol\sequences\Sequence.js:83:24)
    at Ping.Sequence.OkPacket (D:\wx_demo\mp-server\node_modules\mysql\lib\protocol\sequences\Sequence.js:92:8)
    at Protocol._parsePacket (D:\wx_demo\mp-server\node_modules\mysql\lib\protocol\Protocol.js:278:23)
    at Parser.write (D:\wx_demo\mp-server\node_modules\mysql\lib\protocol\Parser.js:76:12)
  code: 'ER_TRUNCATED_WRONG_VALUE',
  errno: 1292,
  sqlMessage: 'Incorrect date value: \'null\' for column \'book_time\' at row 1',
  sqlState: '22007',
  index: 0,
  sql: 'UPDATE alumni_affairs SET hotel = "2", is_pick = false, pick_time = "", pick_place = "null", is_taking = false, is_book = false, book_time = "null", shift = "null" WHERE open_id = "oEuIE5gM3Q2hFalRFcec-dWK6PWI"' }
[2019-01-11T09:00:05.753] [INFO] log_file - { Error: ER_TRUNCATED_WRONG_VALUE: Incorrect date value: '' for column 'book_time' at row 1
    at Query.Sequence._packetToError (D:\wx_demo\mp-server\node_modules\mysql\lib\protocol\sequences\Sequence.js:47:14)
    at Query.ErrorPacket (D:\wx_demo\mp-server\node_modules\mysql\lib\protocol\sequences\Query.js:77:18)
    at Protocol._parsePacket (D:\wx_demo\mp-server\node_modules\mysql\lib\protocol\Protocol.js:278:23)
    at Parser.write (D:\wx_demo\mp-server\node_modules\mysql\lib\protocol\Parser.js:76:12)
    at Protocol.write (D:\wx_demo\mp-server\node_modules\mysql\lib\protocol\Protocol.js:38:16)
    at Socket.<anonymous> (D:\wx_demo\mp-server\node_modules\mysql\lib\Connection.js:91:28)
    at Socket.<anonymous> (D:\wx_demo\mp-server\node_modules\mysql\lib\Connection.js:502:10)
    at emitOne (events.js:116:13)
    at Socket.emit (events.js:211:7)
    at addChunk (_stream_readable.js:263:12)
    --------------------
    at Protocol._enqueue (D:\wx_demo\mp-server\node_modules\mysql\lib\protocol\Protocol.js:144:48)
    at PoolConnection.query (D:\wx_demo\mp-server\node_modules\mysql\lib\Connection.js:200:25)
    at D:\wx_demo\mp-server\app.js:73:12
    at Ping.onOperationComplete (D:\wx_demo\mp-server\node_modules\mysql\lib\Pool.js:110:5)
    at Ping.<anonymous> (D:\wx_demo\mp-server\node_modules\mysql\lib\Connection.js:502:10)
    at Ping._callback (D:\wx_demo\mp-server\node_modules\mysql\lib\Connection.js:468:16)
    at Ping.Sequence.end (D:\wx_demo\mp-server\node_modules\mysql\lib\protocol\sequences\Sequence.js:83:24)
    at Ping.Sequence.OkPacket (D:\wx_demo\mp-server\node_modules\mysql\lib\protocol\sequences\Sequence.js:92:8)
    at Protocol._parsePacket (D:\wx_demo\mp-server\node_modules\mysql\lib\protocol\Protocol.js:278:23)
    at Parser.write (D:\wx_demo\mp-server\node_modules\mysql\lib\protocol\Parser.js:76:12)
  code: 'ER_TRUNCATED_WRONG_VALUE',
  errno: 1292,
  sqlMessage: 'Incorrect date value: \'\' for column \'book_time\' at row 1',
  sqlState: '22007',
  index: 0,
  sql: 'UPDATE alumni_affairs SET hotel = "2", is_pick = false, pick_time = "", pick_place = "", is_taking = false, is_book = false, book_time = "", shift = "" WHERE open_id = "oEuIE5gM3Q2hFalRFcec-dWK6PWI"' }
[2019-01-11T09:29:49.849] [INFO] log_file - { Error: ER_TRUNCATED_WRONG_VALUE: Incorrect date value: 'null' for column 'book_time' at row 1
    at Query.Sequence._packetToError (D:\wx_demo\mp-server\node_modules\mysql\lib\protocol\sequences\Sequence.js:47:14)
    at Query.ErrorPacket (D:\wx_demo\mp-server\node_modules\mysql\lib\protocol\sequences\Query.js:77:18)
    at Protocol._parsePacket (D:\wx_demo\mp-server\node_modules\mysql\lib\protocol\Protocol.js:278:23)
    at Parser.write (D:\wx_demo\mp-server\node_modules\mysql\lib\protocol\Parser.js:76:12)
    at Protocol.write (D:\wx_demo\mp-server\node_modules\mysql\lib\protocol\Protocol.js:38:16)
    at Socket.<anonymous> (D:\wx_demo\mp-server\node_modules\mysql\lib\Connection.js:91:28)
    at Socket.<anonymous> (D:\wx_demo\mp-server\node_modules\mysql\lib\Connection.js:502:10)
    at emitOne (events.js:116:13)
    at Socket.emit (events.js:211:7)
    at addChunk (_stream_readable.js:263:12)
    --------------------
    at Protocol._enqueue (D:\wx_demo\mp-server\node_modules\mysql\lib\protocol\Protocol.js:144:48)
    at PoolConnection.query (D:\wx_demo\mp-server\node_modules\mysql\lib\Connection.js:200:25)
    at D:\wx_demo\mp-server\app.js:73:12
    at Ping.onOperationComplete (D:\wx_demo\mp-server\node_modules\mysql\lib\Pool.js:110:5)
    at Ping.<anonymous> (D:\wx_demo\mp-server\node_modules\mysql\lib\Connection.js:502:10)
    at Ping._callback (D:\wx_demo\mp-server\node_modules\mysql\lib\Connection.js:468:16)
    at Ping.Sequence.end (D:\wx_demo\mp-server\node_modules\mysql\lib\protocol\sequences\Sequence.js:83:24)
    at Ping.Sequence.OkPacket (D:\wx_demo\mp-server\node_modules\mysql\lib\protocol\sequences\Sequence.js:92:8)
    at Protocol._parsePacket (D:\wx_demo\mp-server\node_modules\mysql\lib\protocol\Protocol.js:278:23)
    at Parser.write (D:\wx_demo\mp-server\node_modules\mysql\lib\protocol\Parser.js:76:12)
  code: 'ER_TRUNCATED_WRONG_VALUE',
  errno: 1292,
  sqlMessage: 'Incorrect date value: \'null\' for column \'book_time\' at row 1',
  sqlState: '22007',
  index: 0,
  sql: 'UPDATE alumni_affairs SET hotel = "1", is_pick = false, pick_time = "", pick_place = "null", is_taking = 1, is_book = false, book_time = "null", shift = "null" WHERE open_id = "oEuIE5gM3Q2hFalRFcec-dWK6PWI"' }
[2019-01-11T09:31:45.510] [INFO] log_file - { Error: ER_TRUNCATED_WRONG_VALUE: Incorrect date value: 'null' for column 'book_time' at row 1
    at Query.Sequence._packetToError (D:\wx_demo\mp-server\node_modules\mysql\lib\protocol\sequences\Sequence.js:47:14)
    at Query.ErrorPacket (D:\wx_demo\mp-server\node_modules\mysql\lib\protocol\sequences\Query.js:77:18)
    at Protocol._parsePacket (D:\wx_demo\mp-server\node_modules\mysql\lib\protocol\Protocol.js:278:23)
    at Parser.write (D:\wx_demo\mp-server\node_modules\mysql\lib\protocol\Parser.js:76:12)
    at Protocol.write (D:\wx_demo\mp-server\node_modules\mysql\lib\protocol\Protocol.js:38:16)
    at Socket.<anonymous> (D:\wx_demo\mp-server\node_modules\mysql\lib\Connection.js:91:28)
    at Socket.<anonymous> (D:\wx_demo\mp-server\node_modules\mysql\lib\Connection.js:502:10)
    at emitOne (events.js:116:13)
    at Socket.emit (events.js:211:7)
    at addChunk (_stream_readable.js:263:12)
    --------------------
    at Protocol._enqueue (D:\wx_demo\mp-server\node_modules\mysql\lib\protocol\Protocol.js:144:48)
    at PoolConnection.query (D:\wx_demo\mp-server\node_modules\mysql\lib\Connection.js:200:25)
    at D:\wx_demo\mp-server\app.js:73:12
    at Ping.onOperationComplete (D:\wx_demo\mp-server\node_modules\mysql\lib\Pool.js:110:5)
    at Ping.<anonymous> (D:\wx_demo\mp-server\node_modules\mysql\lib\Connection.js:502:10)
    at Ping._callback (D:\wx_demo\mp-server\node_modules\mysql\lib\Connection.js:468:16)
    at Ping.Sequence.end (D:\wx_demo\mp-server\node_modules\mysql\lib\protocol\sequences\Sequence.js:83:24)
    at Ping.Sequence.OkPacket (D:\wx_demo\mp-server\node_modules\mysql\lib\protocol\sequences\Sequence.js:92:8)
    at Protocol._parsePacket (D:\wx_demo\mp-server\node_modules\mysql\lib\protocol\Protocol.js:278:23)
    at Parser.write (D:\wx_demo\mp-server\node_modules\mysql\lib\protocol\Parser.js:76:12)
  code: 'ER_TRUNCATED_WRONG_VALUE',
  errno: 1292,
  sqlMessage: 'Incorrect date value: \'null\' for column \'book_time\' at row 1',
  sqlState: '22007',
  index: 0,
  sql: 'UPDATE alumni_affairs SET hotel = "1", is_pick = false, pick_time = "", pick_place = "null", is_taking = false, is_book = false, book_time = "null", shift = "null" WHERE open_id = "oEuIE5gM3Q2hFalRFcec-dWK6PWI"' }
[2019-01-11T09:32:45.346] [INFO] log_file - { Error: ER_TRUNCATED_WRONG_VALUE: Incorrect date value: 'null' for column 'book_time' at row 1
    at Query.Sequence._packetToError (D:\wx_demo\mp-server\node_modules\mysql\lib\protocol\sequences\Sequence.js:47:14)
    at Query.ErrorPacket (D:\wx_demo\mp-server\node_modules\mysql\lib\protocol\sequences\Query.js:77:18)
    at Protocol._parsePacket (D:\wx_demo\mp-server\node_modules\mysql\lib\protocol\Protocol.js:278:23)
    at Parser.write (D:\wx_demo\mp-server\node_modules\mysql\lib\protocol\Parser.js:76:12)
    at Protocol.write (D:\wx_demo\mp-server\node_modules\mysql\lib\protocol\Protocol.js:38:16)
    at Socket.<anonymous> (D:\wx_demo\mp-server\node_modules\mysql\lib\Connection.js:91:28)
    at Socket.<anonymous> (D:\wx_demo\mp-server\node_modules\mysql\lib\Connection.js:502:10)
    at emitOne (events.js:116:13)
    at Socket.emit (events.js:211:7)
    at addChunk (_stream_readable.js:263:12)
    --------------------
    at Protocol._enqueue (D:\wx_demo\mp-server\node_modules\mysql\lib\protocol\Protocol.js:144:48)
    at PoolConnection.query (D:\wx_demo\mp-server\node_modules\mysql\lib\Connection.js:200:25)
    at D:\wx_demo\mp-server\app.js:73:12
    at Handshake.onConnect (D:\wx_demo\mp-server\node_modules\mysql\lib\Pool.js:64:7)
    at Handshake.<anonymous> (D:\wx_demo\mp-server\node_modules\mysql\lib\Connection.js:502:10)
    at Handshake._callback (D:\wx_demo\mp-server\node_modules\mysql\lib\Connection.js:468:16)
    at Handshake.Sequence.end (D:\wx_demo\mp-server\node_modules\mysql\lib\protocol\sequences\Sequence.js:83:24)
    at Handshake.Sequence.OkPacket (D:\wx_demo\mp-server\node_modules\mysql\lib\protocol\sequences\Sequence.js:92:8)
    at Protocol._parsePacket (D:\wx_demo\mp-server\node_modules\mysql\lib\protocol\Protocol.js:278:23)
    at Parser.write (D:\wx_demo\mp-server\node_modules\mysql\lib\protocol\Parser.js:76:12)
  code: 'ER_TRUNCATED_WRONG_VALUE',
  errno: 1292,
  sqlMessage: 'Incorrect date value: \'null\' for column \'book_time\' at row 1',
  sqlState: '22007',
  index: 0,
  sql: 'UPDATE alumni_affairs SET hotel = "1", is_pick = false, pick_time = "null", pick_place = "null", is_taking = false, is_book = false, book_time = "null", shift = "null" WHERE open_id = "oEuIE5gM3Q2hFalRFcec-dWK6PWI"' }
[2019-01-11T09:34:07.244] [INFO] log_file - { Error: ER_TRUNCATED_WRONG_VALUE: Incorrect date value: 'null' for column 'book_time' at row 1
    at Query.Sequence._packetToError (D:\wx_demo\mp-server\node_modules\mysql\lib\protocol\sequences\Sequence.js:47:14)
    at Query.ErrorPacket (D:\wx_demo\mp-server\node_modules\mysql\lib\protocol\sequences\Query.js:77:18)
    at Protocol._parsePacket (D:\wx_demo\mp-server\node_modules\mysql\lib\protocol\Protocol.js:278:23)
    at Parser.write (D:\wx_demo\mp-server\node_modules\mysql\lib\protocol\Parser.js:76:12)
    at Protocol.write (D:\wx_demo\mp-server\node_modules\mysql\lib\protocol\Protocol.js:38:16)
    at Socket.<anonymous> (D:\wx_demo\mp-server\node_modules\mysql\lib\Connection.js:91:28)
    at Socket.<anonymous> (D:\wx_demo\mp-server\node_modules\mysql\lib\Connection.js:502:10)
    at emitOne (events.js:116:13)
    at Socket.emit (events.js:211:7)
    at addChunk (_stream_readable.js:263:12)
    --------------------
    at Protocol._enqueue (D:\wx_demo\mp-server\node_modules\mysql\lib\protocol\Protocol.js:144:48)
    at PoolConnection.query (D:\wx_demo\mp-server\node_modules\mysql\lib\Connection.js:200:25)
    at D:\wx_demo\mp-server\app.js:73:12
    at Ping.onOperationComplete (D:\wx_demo\mp-server\node_modules\mysql\lib\Pool.js:110:5)
    at Ping.<anonymous> (D:\wx_demo\mp-server\node_modules\mysql\lib\Connection.js:502:10)
    at Ping._callback (D:\wx_demo\mp-server\node_modules\mysql\lib\Connection.js:468:16)
    at Ping.Sequence.end (D:\wx_demo\mp-server\node_modules\mysql\lib\protocol\sequences\Sequence.js:83:24)
    at Ping.Sequence.OkPacket (D:\wx_demo\mp-server\node_modules\mysql\lib\protocol\sequences\Sequence.js:92:8)
    at Protocol._parsePacket (D:\wx_demo\mp-server\node_modules\mysql\lib\protocol\Protocol.js:278:23)
    at Parser.write (D:\wx_demo\mp-server\node_modules\mysql\lib\protocol\Parser.js:76:12)
  code: 'ER_TRUNCATED_WRONG_VALUE',
  errno: 1292,
  sqlMessage: 'Incorrect date value: \'null\' for column \'book_time\' at row 1',
  sqlState: '22007',
  index: 0,
  sql: 'UPDATE alumni_affairs SET hotel = "1", is_pick = false, pick_time = "null", pick_place = "null", is_taking = false, is_book = false, book_time = "null", shift = "null" WHERE open_id = "oEuIE5gM3Q2hFalRFcec-dWK6PWI"' }
[2019-01-11T13:47:51.535] [INFO] log_file - { Error: ER_SP_UNDECLARED_VAR: Undeclared variable: NaN
    at Query.Sequence._packetToError (D:\wx_demo\mp-server\node_modules\mysql\lib\protocol\sequences\Sequence.js:47:14)
    at Query.ErrorPacket (D:\wx_demo\mp-server\node_modules\mysql\lib\protocol\sequences\Query.js:77:18)
    at Protocol._parsePacket (D:\wx_demo\mp-server\node_modules\mysql\lib\protocol\Protocol.js:278:23)
    at Parser.write (D:\wx_demo\mp-server\node_modules\mysql\lib\protocol\Parser.js:76:12)
    at Protocol.write (D:\wx_demo\mp-server\node_modules\mysql\lib\protocol\Protocol.js:38:16)
    at Socket.<anonymous> (D:\wx_demo\mp-server\node_modules\mysql\lib\Connection.js:91:28)
    at Socket.<anonymous> (D:\wx_demo\mp-server\node_modules\mysql\lib\Connection.js:502:10)
    at emitOne (events.js:116:13)
    at Socket.emit (events.js:211:7)
    at addChunk (_stream_readable.js:263:12)
    --------------------
    at Protocol._enqueue (D:\wx_demo\mp-server\node_modules\mysql\lib\protocol\Protocol.js:144:48)
    at PoolConnection.query (D:\wx_demo\mp-server\node_modules\mysql\lib\Connection.js:200:25)
    at D:\wx_demo\mp-server\app.js:73:12
    at Handshake.onConnect (D:\wx_demo\mp-server\node_modules\mysql\lib\Pool.js:64:7)
    at Handshake.<anonymous> (D:\wx_demo\mp-server\node_modules\mysql\lib\Connection.js:502:10)
    at Handshake._callback (D:\wx_demo\mp-server\node_modules\mysql\lib\Connection.js:468:16)
    at Handshake.Sequence.end (D:\wx_demo\mp-server\node_modules\mysql\lib\protocol\sequences\Sequence.js:83:24)
    at Handshake.Sequence.OkPacket (D:\wx_demo\mp-server\node_modules\mysql\lib\protocol\sequences\Sequence.js:92:8)
    at Protocol._parsePacket (D:\wx_demo\mp-server\node_modules\mysql\lib\protocol\Protocol.js:278:23)
    at Parser.write (D:\wx_demo\mp-server\node_modules\mysql\lib\protocol\Parser.js:76:12)
  code: 'ER_SP_UNDECLARED_VAR',
  errno: 1327,
  sqlMessage: 'Undeclared variable: NaN',
  sqlState: '42000',
  index: 0,
  sql: 'SELECT * FROM alumni_basic ORDER BY user_id DESC limit NaN,NaN' }
[2019-01-11T13:49:23.290] [INFO] log_file - { Error: ER_SP_UNDECLARED_VAR: Undeclared variable: NaN
    at Query.Sequence._packetToError (D:\wx_demo\mp-server\node_modules\mysql\lib\protocol\sequences\Sequence.js:47:14)
    at Query.ErrorPacket (D:\wx_demo\mp-server\node_modules\mysql\lib\protocol\sequences\Query.js:77:18)
    at Protocol._parsePacket (D:\wx_demo\mp-server\node_modules\mysql\lib\protocol\Protocol.js:278:23)
    at Parser.write (D:\wx_demo\mp-server\node_modules\mysql\lib\protocol\Parser.js:76:12)
    at Protocol.write (D:\wx_demo\mp-server\node_modules\mysql\lib\protocol\Protocol.js:38:16)
    at Socket.<anonymous> (D:\wx_demo\mp-server\node_modules\mysql\lib\Connection.js:91:28)
    at Socket.<anonymous> (D:\wx_demo\mp-server\node_modules\mysql\lib\Connection.js:502:10)
    at emitOne (events.js:116:13)
    at Socket.emit (events.js:211:7)
    at addChunk (_stream_readable.js:263:12)
    --------------------
    at Protocol._enqueue (D:\wx_demo\mp-server\node_modules\mysql\lib\protocol\Protocol.js:144:48)
    at PoolConnection.query (D:\wx_demo\mp-server\node_modules\mysql\lib\Connection.js:200:25)
    at D:\wx_demo\mp-server\app.js:73:12
    at Handshake.onConnect (D:\wx_demo\mp-server\node_modules\mysql\lib\Pool.js:64:7)
    at Handshake.<anonymous> (D:\wx_demo\mp-server\node_modules\mysql\lib\Connection.js:502:10)
    at Handshake._callback (D:\wx_demo\mp-server\node_modules\mysql\lib\Connection.js:468:16)
    at Handshake.Sequence.end (D:\wx_demo\mp-server\node_modules\mysql\lib\protocol\sequences\Sequence.js:83:24)
    at Handshake.Sequence.OkPacket (D:\wx_demo\mp-server\node_modules\mysql\lib\protocol\sequences\Sequence.js:92:8)
    at Protocol._parsePacket (D:\wx_demo\mp-server\node_modules\mysql\lib\protocol\Protocol.js:278:23)
    at Parser.write (D:\wx_demo\mp-server\node_modules\mysql\lib\protocol\Parser.js:76:12)
  code: 'ER_SP_UNDECLARED_VAR',
  errno: 1327,
  sqlMessage: 'Undeclared variable: NaN',
  sqlState: '42000',
  index: 0,
  sql: 'SELECT * FROM alumni_basic ORDER BY user_id DESC limit NaN,NaN' }
[2019-01-11T13:49:41.536] [INFO] log_file - { Error: ER_SP_UNDECLARED_VAR: Undeclared variable: NaN
    at Query.Sequence._packetToError (D:\wx_demo\mp-server\node_modules\mysql\lib\protocol\sequences\Sequence.js:47:14)
    at Query.ErrorPacket (D:\wx_demo\mp-server\node_modules\mysql\lib\protocol\sequences\Query.js:77:18)
    at Protocol._parsePacket (D:\wx_demo\mp-server\node_modules\mysql\lib\protocol\Protocol.js:278:23)
    at Parser.write (D:\wx_demo\mp-server\node_modules\mysql\lib\protocol\Parser.js:76:12)
    at Protocol.write (D:\wx_demo\mp-server\node_modules\mysql\lib\protocol\Protocol.js:38:16)
    at Socket.<anonymous> (D:\wx_demo\mp-server\node_modules\mysql\lib\Connection.js:91:28)
    at Socket.<anonymous> (D:\wx_demo\mp-server\node_modules\mysql\lib\Connection.js:502:10)
    at emitOne (events.js:116:13)
    at Socket.emit (events.js:211:7)
    at addChunk (_stream_readable.js:263:12)
    --------------------
    at Protocol._enqueue (D:\wx_demo\mp-server\node_modules\mysql\lib\protocol\Protocol.js:144:48)
    at PoolConnection.query (D:\wx_demo\mp-server\node_modules\mysql\lib\Connection.js:200:25)
    at D:\wx_demo\mp-server\app.js:73:12
    at Handshake.onConnect (D:\wx_demo\mp-server\node_modules\mysql\lib\Pool.js:64:7)
    at Handshake.<anonymous> (D:\wx_demo\mp-server\node_modules\mysql\lib\Connection.js:502:10)
    at Handshake._callback (D:\wx_demo\mp-server\node_modules\mysql\lib\Connection.js:468:16)
    at Handshake.Sequence.end (D:\wx_demo\mp-server\node_modules\mysql\lib\protocol\sequences\Sequence.js:83:24)
    at Handshake.Sequence.OkPacket (D:\wx_demo\mp-server\node_modules\mysql\lib\protocol\sequences\Sequence.js:92:8)
    at Protocol._parsePacket (D:\wx_demo\mp-server\node_modules\mysql\lib\protocol\Protocol.js:278:23)
    at Parser.write (D:\wx_demo\mp-server\node_modules\mysql\lib\protocol\Parser.js:76:12)
  code: 'ER_SP_UNDECLARED_VAR',
  errno: 1327,
  sqlMessage: 'Undeclared variable: NaN',
  sqlState: '42000',
  index: 0,
  sql: 'SELECT * FROM alumni_basic ORDER BY user_id DESC limit NaN, NaN' }
[2019-01-11T14:52:21.149] [INFO] log_file - { Error: ER_TRUNCATED_WRONG_VALUE: Incorrect datetime value: 'null' for column 'start_time' at row 1
    at Query.Sequence._packetToError (D:\wx_demo\mp-server\node_modules\mysql\lib\protocol\sequences\Sequence.js:47:14)
    at Query.ErrorPacket (D:\wx_demo\mp-server\node_modules\mysql\lib\protocol\sequences\Query.js:77:18)
    at Protocol._parsePacket (D:\wx_demo\mp-server\node_modules\mysql\lib\protocol\Protocol.js:278:23)
    at Parser.write (D:\wx_demo\mp-server\node_modules\mysql\lib\protocol\Parser.js:76:12)
    at Protocol.write (D:\wx_demo\mp-server\node_modules\mysql\lib\protocol\Protocol.js:38:16)
    at Socket.<anonymous> (D:\wx_demo\mp-server\node_modules\mysql\lib\Connection.js:91:28)
    at Socket.<anonymous> (D:\wx_demo\mp-server\node_modules\mysql\lib\Connection.js:502:10)
    at emitOne (events.js:116:13)
    at Socket.emit (events.js:211:7)
    at addChunk (_stream_readable.js:263:12)
    --------------------
    at Protocol._enqueue (D:\wx_demo\mp-server\node_modules\mysql\lib\protocol\Protocol.js:144:48)
    at PoolConnection.query (D:\wx_demo\mp-server\node_modules\mysql\lib\Connection.js:200:25)
    at D:\wx_demo\mp-server\app.js:73:12
    at Ping.onOperationComplete (D:\wx_demo\mp-server\node_modules\mysql\lib\Pool.js:110:5)
    at Ping.<anonymous> (D:\wx_demo\mp-server\node_modules\mysql\lib\Connection.js:502:10)
    at Ping._callback (D:\wx_demo\mp-server\node_modules\mysql\lib\Connection.js:468:16)
    at Ping.Sequence.end (D:\wx_demo\mp-server\node_modules\mysql\lib\protocol\sequences\Sequence.js:83:24)
    at Ping.Sequence.OkPacket (D:\wx_demo\mp-server\node_modules\mysql\lib\protocol\sequences\Sequence.js:92:8)
    at Protocol._parsePacket (D:\wx_demo\mp-server\node_modules\mysql\lib\protocol\Protocol.js:278:23)
    at Parser.write (D:\wx_demo\mp-server\node_modules\mysql\lib\protocol\Parser.js:76:12)
  code: 'ER_TRUNCATED_WRONG_VALUE',
  errno: 1292,
  sqlMessage: 'Incorrect datetime value: \'null\' for column \'start_time\' at row 1',
  sqlState: '22007',
  index: 0,
  sql: 'UPDATE meeting SET name = "上海会议签到", start_time = "null", end_time = "null", place = "undefined", meeting_status = "null", note = "null"' }
[2019-01-11T14:52:56.703] [INFO] log_file - { Error: ER_TRUNCATED_WRONG_VALUE: Incorrect datetime value: 'null' for column 'start_time' at row 1
    at Query.Sequence._packetToError (D:\wx_demo\mp-server\node_modules\mysql\lib\protocol\sequences\Sequence.js:47:14)
    at Query.ErrorPacket (D:\wx_demo\mp-server\node_modules\mysql\lib\protocol\sequences\Query.js:77:18)
    at Protocol._parsePacket (D:\wx_demo\mp-server\node_modules\mysql\lib\protocol\Protocol.js:278:23)
    at Parser.write (D:\wx_demo\mp-server\node_modules\mysql\lib\protocol\Parser.js:76:12)
    at Protocol.write (D:\wx_demo\mp-server\node_modules\mysql\lib\protocol\Protocol.js:38:16)
    at Socket.<anonymous> (D:\wx_demo\mp-server\node_modules\mysql\lib\Connection.js:91:28)
    at Socket.<anonymous> (D:\wx_demo\mp-server\node_modules\mysql\lib\Connection.js:502:10)
    at emitOne (events.js:116:13)
    at Socket.emit (events.js:211:7)
    at addChunk (_stream_readable.js:263:12)
    --------------------
    at Protocol._enqueue (D:\wx_demo\mp-server\node_modules\mysql\lib\protocol\Protocol.js:144:48)
    at PoolConnection.query (D:\wx_demo\mp-server\node_modules\mysql\lib\Connection.js:200:25)
    at D:\wx_demo\mp-server\app.js:73:12
    at Handshake.onConnect (D:\wx_demo\mp-server\node_modules\mysql\lib\Pool.js:64:7)
    at Handshake.<anonymous> (D:\wx_demo\mp-server\node_modules\mysql\lib\Connection.js:502:10)
    at Handshake._callback (D:\wx_demo\mp-server\node_modules\mysql\lib\Connection.js:468:16)
    at Handshake.Sequence.end (D:\wx_demo\mp-server\node_modules\mysql\lib\protocol\sequences\Sequence.js:83:24)
    at Handshake.Sequence.OkPacket (D:\wx_demo\mp-server\node_modules\mysql\lib\protocol\sequences\Sequence.js:92:8)
    at Protocol._parsePacket (D:\wx_demo\mp-server\node_modules\mysql\lib\protocol\Protocol.js:278:23)
    at Parser.write (D:\wx_demo\mp-server\node_modules\mysql\lib\protocol\Parser.js:76:12)
  code: 'ER_TRUNCATED_WRONG_VALUE',
  errno: 1292,
  sqlMessage: 'Incorrect datetime value: \'null\' for column \'start_time\' at row 1',
  sqlState: '22007',
  index: 0,
  sql: 'UPDATE meeting SET name = "上海会议签到", start_time = "null", end_time = "null", place = "undefined", meeting_status = "null", note = "null"' }
[2019-01-11T14:54:18.046] [INFO] log_file - { Error: ER_TRUNCATED_WRONG_VALUE: Incorrect datetime value: 'null' for column 'start_time' at row 1
    at Query.Sequence._packetToError (D:\wx_demo\mp-server\node_modules\mysql\lib\protocol\sequences\Sequence.js:47:14)
    at Query.ErrorPacket (D:\wx_demo\mp-server\node_modules\mysql\lib\protocol\sequences\Query.js:77:18)
    at Protocol._parsePacket (D:\wx_demo\mp-server\node_modules\mysql\lib\protocol\Protocol.js:278:23)
    at Parser.write (D:\wx_demo\mp-server\node_modules\mysql\lib\protocol\Parser.js:76:12)
    at Protocol.write (D:\wx_demo\mp-server\node_modules\mysql\lib\protocol\Protocol.js:38:16)
    at Socket.<anonymous> (D:\wx_demo\mp-server\node_modules\mysql\lib\Connection.js:91:28)
    at Socket.<anonymous> (D:\wx_demo\mp-server\node_modules\mysql\lib\Connection.js:502:10)
    at emitOne (events.js:116:13)
    at Socket.emit (events.js:211:7)
    at addChunk (_stream_readable.js:263:12)
    --------------------
    at Protocol._enqueue (D:\wx_demo\mp-server\node_modules\mysql\lib\protocol\Protocol.js:144:48)
    at PoolConnection.query (D:\wx_demo\mp-server\node_modules\mysql\lib\Connection.js:200:25)
    at D:\wx_demo\mp-server\app.js:73:12
    at Ping.onOperationComplete (D:\wx_demo\mp-server\node_modules\mysql\lib\Pool.js:110:5)
    at Ping.<anonymous> (D:\wx_demo\mp-server\node_modules\mysql\lib\Connection.js:502:10)
    at Ping._callback (D:\wx_demo\mp-server\node_modules\mysql\lib\Connection.js:468:16)
    at Ping.Sequence.end (D:\wx_demo\mp-server\node_modules\mysql\lib\protocol\sequences\Sequence.js:83:24)
    at Ping.Sequence.OkPacket (D:\wx_demo\mp-server\node_modules\mysql\lib\protocol\sequences\Sequence.js:92:8)
    at Protocol._parsePacket (D:\wx_demo\mp-server\node_modules\mysql\lib\protocol\Protocol.js:278:23)
    at Parser.write (D:\wx_demo\mp-server\node_modules\mysql\lib\protocol\Parser.js:76:12)
  code: 'ER_TRUNCATED_WRONG_VALUE',
  errno: 1292,
  sqlMessage: 'Incorrect datetime value: \'null\' for column \'start_time\' at row 1',
  sqlState: '22007',
  index: 0,
  sql: 'UPDATE meeting SET name = "上海会议签到", start_time = "null", end_time = "null", place = "undefined", meeting_status = "null", note = "null"' }
[2019-01-11T14:55:05.820] [INFO] log_file - { Error: ER_TRUNCATED_WRONG_VALUE: Incorrect datetime value: 'null' for column 'start_time' at row 1
    at Query.Sequence._packetToError (D:\wx_demo\mp-server\node_modules\mysql\lib\protocol\sequences\Sequence.js:47:14)
    at Query.ErrorPacket (D:\wx_demo\mp-server\node_modules\mysql\lib\protocol\sequences\Query.js:77:18)
    at Protocol._parsePacket (D:\wx_demo\mp-server\node_modules\mysql\lib\protocol\Protocol.js:278:23)
    at Parser.write (D:\wx_demo\mp-server\node_modules\mysql\lib\protocol\Parser.js:76:12)
    at Protocol.write (D:\wx_demo\mp-server\node_modules\mysql\lib\protocol\Protocol.js:38:16)
    at Socket.<anonymous> (D:\wx_demo\mp-server\node_modules\mysql\lib\Connection.js:91:28)
    at Socket.<anonymous> (D:\wx_demo\mp-server\node_modules\mysql\lib\Connection.js:502:10)
    at emitOne (events.js:116:13)
    at Socket.emit (events.js:211:7)
    at addChunk (_stream_readable.js:263:12)
    --------------------
    at Protocol._enqueue (D:\wx_demo\mp-server\node_modules\mysql\lib\protocol\Protocol.js:144:48)
    at PoolConnection.query (D:\wx_demo\mp-server\node_modules\mysql\lib\Connection.js:200:25)
    at D:\wx_demo\mp-server\app.js:73:12
    at Ping.onOperationComplete (D:\wx_demo\mp-server\node_modules\mysql\lib\Pool.js:110:5)
    at Ping.<anonymous> (D:\wx_demo\mp-server\node_modules\mysql\lib\Connection.js:502:10)
    at Ping._callback (D:\wx_demo\mp-server\node_modules\mysql\lib\Connection.js:468:16)
    at Ping.Sequence.end (D:\wx_demo\mp-server\node_modules\mysql\lib\protocol\sequences\Sequence.js:83:24)
    at Ping.Sequence.OkPacket (D:\wx_demo\mp-server\node_modules\mysql\lib\protocol\sequences\Sequence.js:92:8)
    at Protocol._parsePacket (D:\wx_demo\mp-server\node_modules\mysql\lib\protocol\Protocol.js:278:23)
    at Parser.write (D:\wx_demo\mp-server\node_modules\mysql\lib\protocol\Parser.js:76:12)
  code: 'ER_TRUNCATED_WRONG_VALUE',
  errno: 1292,
  sqlMessage: 'Incorrect datetime value: \'null\' for column \'start_time\' at row 1',
  sqlState: '22007',
  index: 0,
  sql: 'UPDATE meeting SET name = "上海会议签到", start_time = "null", end_time = "null", place = "undefined", meeting_status = "null", note = "null"' }
[2019-01-11T15:01:34.745] [INFO] log_file - { Error: ER_TRUNCATED_WRONG_VALUE: Incorrect datetime value: 'null' for column 'start_time' at row 1
    at Query.Sequence._packetToError (D:\wx_demo\mp-server\node_modules\mysql\lib\protocol\sequences\Sequence.js:47:14)
    at Query.ErrorPacket (D:\wx_demo\mp-server\node_modules\mysql\lib\protocol\sequences\Query.js:77:18)
    at Protocol._parsePacket (D:\wx_demo\mp-server\node_modules\mysql\lib\protocol\Protocol.js:278:23)
    at Parser.write (D:\wx_demo\mp-server\node_modules\mysql\lib\protocol\Parser.js:76:12)
    at Protocol.write (D:\wx_demo\mp-server\node_modules\mysql\lib\protocol\Protocol.js:38:16)
    at Socket.<anonymous> (D:\wx_demo\mp-server\node_modules\mysql\lib\Connection.js:91:28)
    at Socket.<anonymous> (D:\wx_demo\mp-server\node_modules\mysql\lib\Connection.js:502:10)
    at emitOne (events.js:116:13)
    at Socket.emit (events.js:211:7)
    at addChunk (_stream_readable.js:263:12)
    --------------------
    at Protocol._enqueue (D:\wx_demo\mp-server\node_modules\mysql\lib\protocol\Protocol.js:144:48)
    at PoolConnection.query (D:\wx_demo\mp-server\node_modules\mysql\lib\Connection.js:200:25)
    at D:\wx_demo\mp-server\app.js:73:12
    at Handshake.onConnect (D:\wx_demo\mp-server\node_modules\mysql\lib\Pool.js:64:7)
    at Handshake.<anonymous> (D:\wx_demo\mp-server\node_modules\mysql\lib\Connection.js:502:10)
    at Handshake._callback (D:\wx_demo\mp-server\node_modules\mysql\lib\Connection.js:468:16)
    at Handshake.Sequence.end (D:\wx_demo\mp-server\node_modules\mysql\lib\protocol\sequences\Sequence.js:83:24)
    at Handshake.Sequence.OkPacket (D:\wx_demo\mp-server\node_modules\mysql\lib\protocol\sequences\Sequence.js:92:8)
    at Protocol._parsePacket (D:\wx_demo\mp-server\node_modules\mysql\lib\protocol\Protocol.js:278:23)
    at Parser.write (D:\wx_demo\mp-server\node_modules\mysql\lib\protocol\Parser.js:76:12)
  code: 'ER_TRUNCATED_WRONG_VALUE',
  errno: 1292,
  sqlMessage: 'Incorrect datetime value: \'null\' for column \'start_time\' at row 1',
  sqlState: '22007',
  index: 0,
  sql: 'UPDATE meeting SET name = "上海会议签到", start_time = "null", end_time = "null", place = "上海", meeting_status = "2", note = "聚会"' }
[2019-01-11T15:01:51.205] [INFO] log_file - { Error: ER_TRUNCATED_WRONG_VALUE: Incorrect datetime value: '2019-01-01T16:00:00.000Z' for column 'start_time' at row 1
    at Query.Sequence._packetToError (D:\wx_demo\mp-server\node_modules\mysql\lib\protocol\sequences\Sequence.js:47:14)
    at Query.ErrorPacket (D:\wx_demo\mp-server\node_modules\mysql\lib\protocol\sequences\Query.js:77:18)
    at Protocol._parsePacket (D:\wx_demo\mp-server\node_modules\mysql\lib\protocol\Protocol.js:278:23)
    at Parser.write (D:\wx_demo\mp-server\node_modules\mysql\lib\protocol\Parser.js:76:12)
    at Protocol.write (D:\wx_demo\mp-server\node_modules\mysql\lib\protocol\Protocol.js:38:16)
    at Socket.<anonymous> (D:\wx_demo\mp-server\node_modules\mysql\lib\Connection.js:91:28)
    at Socket.<anonymous> (D:\wx_demo\mp-server\node_modules\mysql\lib\Connection.js:502:10)
    at emitOne (events.js:116:13)
    at Socket.emit (events.js:211:7)
    at addChunk (_stream_readable.js:263:12)
    --------------------
    at Protocol._enqueue (D:\wx_demo\mp-server\node_modules\mysql\lib\protocol\Protocol.js:144:48)
    at PoolConnection.query (D:\wx_demo\mp-server\node_modules\mysql\lib\Connection.js:200:25)
    at D:\wx_demo\mp-server\app.js:73:12
    at Ping.onOperationComplete (D:\wx_demo\mp-server\node_modules\mysql\lib\Pool.js:110:5)
    at Ping.<anonymous> (D:\wx_demo\mp-server\node_modules\mysql\lib\Connection.js:502:10)
    at Ping._callback (D:\wx_demo\mp-server\node_modules\mysql\lib\Connection.js:468:16)
    at Ping.Sequence.end (D:\wx_demo\mp-server\node_modules\mysql\lib\protocol\sequences\Sequence.js:83:24)
    at Ping.Sequence.OkPacket (D:\wx_demo\mp-server\node_modules\mysql\lib\protocol\sequences\Sequence.js:92:8)
    at Protocol._parsePacket (D:\wx_demo\mp-server\node_modules\mysql\lib\protocol\Protocol.js:278:23)
    at Parser.write (D:\wx_demo\mp-server\node_modules\mysql\lib\protocol\Parser.js:76:12)
  code: 'ER_TRUNCATED_WRONG_VALUE',
  errno: 1292,
  sqlMessage: 'Incorrect datetime value: \'2019-01-01T16:00:00.000Z\' for column \'start_time\' at row 1',
  sqlState: '22007',
  index: 0,
  sql: 'UPDATE meeting SET name = "上海会议签到", start_time = "2019-01-01T16:00:00.000Z", end_time = "2019-01-07T16:00:00.000Z", place = "上海", meeting_status = "2", note = "聚会"' }
