[2019-01-15T12:44:19.760] [INFO] log_file - { Error: ER_PARSE_ERROR: You have an error in your SQL syntax; check the manual that corresponds to your MySQL server version for the right syntax to use near ' AND alumni_affairs.is_book = "undefined", AND alumni_affairs.is_taking = "undef' at line 1
    at Query.Sequence._packetToError (D:\wx_demo\mp-server\node_modules\mysql\lib\protocol\sequences\Sequence.js:47:14)
    at Query.ErrorPacket (D:\wx_demo\mp-server\node_modules\mysql\lib\protocol\sequences\Query.js:77:18)
    at Protocol._parsePacket (D:\wx_demo\mp-server\node_modules\mysql\lib\protocol\Protocol.js:278:23)
    at Parser.write (D:\wx_demo\mp-server\node_modules\mysql\lib\protocol\Parser.js:76:12)
    at Protocol.write (D:\wx_demo\mp-server\node_modules\mysql\lib\protocol\Protocol.js:38:16)
    at Socket.<anonymous> (D:\wx_demo\mp-server\node_modules\mysql\lib\Connection.js:91:28)
    at Socket.<anonymous> (D:\wx_demo\mp-server\node_modules\mysql\lib\Connection.js:502:10)
    at emitOne (events.js:116:13)
    at Socket.emit (events.js:211:7)
    at addChunk (_stream_readable.js:263:12)
    --------------------
    at Protocol._enqueue (D:\wx_demo\mp-server\node_modules\mysql\lib\protocol\Protocol.js:144:48)
    at PoolConnection.query (D:\wx_demo\mp-server\node_modules\mysql\lib\Connection.js:200:25)
    at D:\wx_demo\mp-server\app.js:73:12
    at Ping.onOperationComplete (D:\wx_demo\mp-server\node_modules\mysql\lib\Pool.js:110:5)
    at Ping.<anonymous> (D:\wx_demo\mp-server\node_modules\mysql\lib\Connection.js:502:10)
    at Ping._callback (D:\wx_demo\mp-server\node_modules\mysql\lib\Connection.js:468:16)
    at Ping.Sequence.end (D:\wx_demo\mp-server\node_modules\mysql\lib\protocol\sequences\Sequence.js:83:24)
    at Ping.Sequence.OkPacket (D:\wx_demo\mp-server\node_modules\mysql\lib\protocol\sequences\Sequence.js:92:8)
    at Protocol._parsePacket (D:\wx_demo\mp-server\node_modules\mysql\lib\protocol\Protocol.js:278:23)
    at Parser.write (D:\wx_demo\mp-server\node_modules\mysql\lib\protocol\Parser.js:76:12)
  code: 'ER_PARSE_ERROR',
  errno: 1064,
  sqlMessage: 'You have an error in your SQL syntax; check the manual that corresponds to your MySQL server version for the right syntax to use near \' AND alumni_affairs.is_book = "undefined", AND alumni_affairs.is_taking = "undef\' at line 1',
  sqlState: '42000',
  index: 0,
  sql: 'SELECT * FROM alumni_basic INNER JOIN alumni_affairs ON alumni_basic.open_id = alumni_affairs.open_id WHERE alumni_affairs.is_pick = "undefined", AND alumni_affairs.is_book = "undefined", AND alumni_affairs.is_taking = "undefined" limit 0, 10' }
[2019-01-15T12:44:49.363] [INFO] log_file - { Error: ER_PARSE_ERROR: You have an error in your SQL syntax; check the manual that corresponds to your MySQL server version for the right syntax to use near ' AND alumni_affairs.is_book = "undefined", AND alumni_affairs.is_taking = "undef' at line 1
    at Query.Sequence._packetToError (D:\wx_demo\mp-server\node_modules\mysql\lib\protocol\sequences\Sequence.js:47:14)
    at Query.ErrorPacket (D:\wx_demo\mp-server\node_modules\mysql\lib\protocol\sequences\Query.js:77:18)
    at Protocol._parsePacket (D:\wx_demo\mp-server\node_modules\mysql\lib\protocol\Protocol.js:278:23)
    at Parser.write (D:\wx_demo\mp-server\node_modules\mysql\lib\protocol\Parser.js:76:12)
    at Protocol.write (D:\wx_demo\mp-server\node_modules\mysql\lib\protocol\Protocol.js:38:16)
    at Socket.<anonymous> (D:\wx_demo\mp-server\node_modules\mysql\lib\Connection.js:91:28)
    at Socket.<anonymous> (D:\wx_demo\mp-server\node_modules\mysql\lib\Connection.js:502:10)
    at emitOne (events.js:116:13)
    at Socket.emit (events.js:211:7)
    at addChunk (_stream_readable.js:263:12)
    --------------------
    at Protocol._enqueue (D:\wx_demo\mp-server\node_modules\mysql\lib\protocol\Protocol.js:144:48)
    at PoolConnection.query (D:\wx_demo\mp-server\node_modules\mysql\lib\Connection.js:200:25)
    at D:\wx_demo\mp-server\app.js:73:12
    at Handshake.onConnect (D:\wx_demo\mp-server\node_modules\mysql\lib\Pool.js:64:7)
    at Handshake.<anonymous> (D:\wx_demo\mp-server\node_modules\mysql\lib\Connection.js:502:10)
    at Handshake._callback (D:\wx_demo\mp-server\node_modules\mysql\lib\Connection.js:468:16)
    at Handshake.Sequence.end (D:\wx_demo\mp-server\node_modules\mysql\lib\protocol\sequences\Sequence.js:83:24)
    at Handshake.Sequence.OkPacket (D:\wx_demo\mp-server\node_modules\mysql\lib\protocol\sequences\Sequence.js:92:8)
    at Protocol._parsePacket (D:\wx_demo\mp-server\node_modules\mysql\lib\protocol\Protocol.js:278:23)
    at Parser.write (D:\wx_demo\mp-server\node_modules\mysql\lib\protocol\Parser.js:76:12)
  code: 'ER_PARSE_ERROR',
  errno: 1064,
  sqlMessage: 'You have an error in your SQL syntax; check the manual that corresponds to your MySQL server version for the right syntax to use near \' AND alumni_affairs.is_book = "undefined", AND alumni_affairs.is_taking = "undef\' at line 1',
  sqlState: '42000',
  index: 0,
  sql: 'SELECT * FROM alumni_basic INNER JOIN alumni_affairs ON alumni_basic.open_id = alumni_affairs.open_id WHERE alumni_affairs.is_pick = "undefined", AND alumni_affairs.is_book = "undefined", AND alumni_affairs.is_taking = "undefined" limit 0, 10' }
[2019-01-15T12:45:15.376] [INFO] log_file - { Error: ER_PARSE_ERROR: You have an error in your SQL syntax; check the manual that corresponds to your MySQL server version for the right syntax to use near ' AND alumni_affairs.is_book = "undefined", AND alumni_affairs.is_taking = "undef' at line 1
    at Query.Sequence._packetToError (D:\wx_demo\mp-server\node_modules\mysql\lib\protocol\sequences\Sequence.js:47:14)
    at Query.ErrorPacket (D:\wx_demo\mp-server\node_modules\mysql\lib\protocol\sequences\Query.js:77:18)
    at Protocol._parsePacket (D:\wx_demo\mp-server\node_modules\mysql\lib\protocol\Protocol.js:278:23)
    at Parser.write (D:\wx_demo\mp-server\node_modules\mysql\lib\protocol\Parser.js:76:12)
    at Protocol.write (D:\wx_demo\mp-server\node_modules\mysql\lib\protocol\Protocol.js:38:16)
    at Socket.<anonymous> (D:\wx_demo\mp-server\node_modules\mysql\lib\Connection.js:91:28)
    at Socket.<anonymous> (D:\wx_demo\mp-server\node_modules\mysql\lib\Connection.js:502:10)
    at emitOne (events.js:116:13)
    at Socket.emit (events.js:211:7)
    at addChunk (_stream_readable.js:263:12)
    --------------------
    at Protocol._enqueue (D:\wx_demo\mp-server\node_modules\mysql\lib\protocol\Protocol.js:144:48)
    at PoolConnection.query (D:\wx_demo\mp-server\node_modules\mysql\lib\Connection.js:200:25)
    at D:\wx_demo\mp-server\app.js:73:12
    at Ping.onOperationComplete (D:\wx_demo\mp-server\node_modules\mysql\lib\Pool.js:110:5)
    at Ping.<anonymous> (D:\wx_demo\mp-server\node_modules\mysql\lib\Connection.js:502:10)
    at Ping._callback (D:\wx_demo\mp-server\node_modules\mysql\lib\Connection.js:468:16)
    at Ping.Sequence.end (D:\wx_demo\mp-server\node_modules\mysql\lib\protocol\sequences\Sequence.js:83:24)
    at Ping.Sequence.OkPacket (D:\wx_demo\mp-server\node_modules\mysql\lib\protocol\sequences\Sequence.js:92:8)
    at Protocol._parsePacket (D:\wx_demo\mp-server\node_modules\mysql\lib\protocol\Protocol.js:278:23)
    at Parser.write (D:\wx_demo\mp-server\node_modules\mysql\lib\protocol\Parser.js:76:12)
  code: 'ER_PARSE_ERROR',
  errno: 1064,
  sqlMessage: 'You have an error in your SQL syntax; check the manual that corresponds to your MySQL server version for the right syntax to use near \' AND alumni_affairs.is_book = "undefined", AND alumni_affairs.is_taking = "undef\' at line 1',
  sqlState: '42000',
  index: 0,
  sql: 'SELECT * FROM alumni_basic INNER JOIN alumni_affairs ON alumni_basic.open_id = alumni_affairs.open_id WHERE alumni_affairs.is_pick = "undefined", AND alumni_affairs.is_book = "undefined", AND alumni_affairs.is_taking = "undefined" limit 0, 10' }
[2019-01-15T12:45:31.195] [INFO] log_file - { Error: ER_PARSE_ERROR: You have an error in your SQL syntax; check the manual that corresponds to your MySQL server version for the right syntax to use near ' AND alumni_affairs.is_book = "undefined", AND alumni_affairs.is_taking = "undef' at line 1
    at Query.Sequence._packetToError (D:\wx_demo\mp-server\node_modules\mysql\lib\protocol\sequences\Sequence.js:47:14)
    at Query.ErrorPacket (D:\wx_demo\mp-server\node_modules\mysql\lib\protocol\sequences\Query.js:77:18)
    at Protocol._parsePacket (D:\wx_demo\mp-server\node_modules\mysql\lib\protocol\Protocol.js:278:23)
    at Parser.write (D:\wx_demo\mp-server\node_modules\mysql\lib\protocol\Parser.js:76:12)
    at Protocol.write (D:\wx_demo\mp-server\node_modules\mysql\lib\protocol\Protocol.js:38:16)
    at Socket.<anonymous> (D:\wx_demo\mp-server\node_modules\mysql\lib\Connection.js:91:28)
    at Socket.<anonymous> (D:\wx_demo\mp-server\node_modules\mysql\lib\Connection.js:502:10)
    at emitOne (events.js:116:13)
    at Socket.emit (events.js:211:7)
    at addChunk (_stream_readable.js:263:12)
    --------------------
    at Protocol._enqueue (D:\wx_demo\mp-server\node_modules\mysql\lib\protocol\Protocol.js:144:48)
    at PoolConnection.query (D:\wx_demo\mp-server\node_modules\mysql\lib\Connection.js:200:25)
    at D:\wx_demo\mp-server\app.js:73:12
    at Handshake.onConnect (D:\wx_demo\mp-server\node_modules\mysql\lib\Pool.js:64:7)
    at Handshake.<anonymous> (D:\wx_demo\mp-server\node_modules\mysql\lib\Connection.js:502:10)
    at Handshake._callback (D:\wx_demo\mp-server\node_modules\mysql\lib\Connection.js:468:16)
    at Handshake.Sequence.end (D:\wx_demo\mp-server\node_modules\mysql\lib\protocol\sequences\Sequence.js:83:24)
    at Handshake.Sequence.OkPacket (D:\wx_demo\mp-server\node_modules\mysql\lib\protocol\sequences\Sequence.js:92:8)
    at Protocol._parsePacket (D:\wx_demo\mp-server\node_modules\mysql\lib\protocol\Protocol.js:278:23)
    at Parser.write (D:\wx_demo\mp-server\node_modules\mysql\lib\protocol\Parser.js:76:12)
  code: 'ER_PARSE_ERROR',
  errno: 1064,
  sqlMessage: 'You have an error in your SQL syntax; check the manual that corresponds to your MySQL server version for the right syntax to use near \' AND alumni_affairs.is_book = "undefined", AND alumni_affairs.is_taking = "undef\' at line 1',
  sqlState: '42000',
  index: 0,
  sql: 'SELECT * FROM alumni_basic INNER JOIN alumni_affairs ON alumni_basic.open_id = alumni_affairs.open_id WHERE alumni_affairs.is_pick = "undefined", AND alumni_affairs.is_book = "undefined", AND alumni_affairs.is_taking = "undefined" limit 0, 10' }
[2019-01-15T12:45:51.703] [INFO] log_file - { Error: ER_PARSE_ERROR: You have an error in your SQL syntax; check the manual that corresponds to your MySQL server version for the right syntax to use near ' AND alumni_affairs.is_book = "0", AND alumni_affairs.is_taking = "0" limit 0, 1' at line 1
    at Query.Sequence._packetToError (D:\wx_demo\mp-server\node_modules\mysql\lib\protocol\sequences\Sequence.js:47:14)
    at Query.ErrorPacket (D:\wx_demo\mp-server\node_modules\mysql\lib\protocol\sequences\Query.js:77:18)
    at Protocol._parsePacket (D:\wx_demo\mp-server\node_modules\mysql\lib\protocol\Protocol.js:278:23)
    at Parser.write (D:\wx_demo\mp-server\node_modules\mysql\lib\protocol\Parser.js:76:12)
    at Protocol.write (D:\wx_demo\mp-server\node_modules\mysql\lib\protocol\Protocol.js:38:16)
    at Socket.<anonymous> (D:\wx_demo\mp-server\node_modules\mysql\lib\Connection.js:91:28)
    at Socket.<anonymous> (D:\wx_demo\mp-server\node_modules\mysql\lib\Connection.js:502:10)
    at emitOne (events.js:116:13)
    at Socket.emit (events.js:211:7)
    at addChunk (_stream_readable.js:263:12)
    --------------------
    at Protocol._enqueue (D:\wx_demo\mp-server\node_modules\mysql\lib\protocol\Protocol.js:144:48)
    at PoolConnection.query (D:\wx_demo\mp-server\node_modules\mysql\lib\Connection.js:200:25)
    at D:\wx_demo\mp-server\app.js:73:12
    at Handshake.onConnect (D:\wx_demo\mp-server\node_modules\mysql\lib\Pool.js:64:7)
    at Handshake.<anonymous> (D:\wx_demo\mp-server\node_modules\mysql\lib\Connection.js:502:10)
    at Handshake._callback (D:\wx_demo\mp-server\node_modules\mysql\lib\Connection.js:468:16)
    at Handshake.Sequence.end (D:\wx_demo\mp-server\node_modules\mysql\lib\protocol\sequences\Sequence.js:83:24)
    at Handshake.Sequence.OkPacket (D:\wx_demo\mp-server\node_modules\mysql\lib\protocol\sequences\Sequence.js:92:8)
    at Protocol._parsePacket (D:\wx_demo\mp-server\node_modules\mysql\lib\protocol\Protocol.js:278:23)
    at Parser.write (D:\wx_demo\mp-server\node_modules\mysql\lib\protocol\Parser.js:76:12)
  code: 'ER_PARSE_ERROR',
  errno: 1064,
  sqlMessage: 'You have an error in your SQL syntax; check the manual that corresponds to your MySQL server version for the right syntax to use near \' AND alumni_affairs.is_book = "0", AND alumni_affairs.is_taking = "0" limit 0, 1\' at line 1',
  sqlState: '42000',
  index: 0,
  sql: 'SELECT * FROM alumni_basic INNER JOIN alumni_affairs ON alumni_basic.open_id = alumni_affairs.open_id WHERE alumni_affairs.is_pick = "1", AND alumni_affairs.is_book = "0", AND alumni_affairs.is_taking = "0" limit 0, 10' }
[2019-01-15T12:47:45.224] [INFO] log_file - { Error: ER_PARSE_ERROR: You have an error in your SQL syntax; check the manual that corresponds to your MySQL server version for the right syntax to use near ' AND alumni_affairs.is_book = 0, AND alumni_affairs.is_taking = 0 limit 0, 10' at line 1
    at Query.Sequence._packetToError (D:\wx_demo\mp-server\node_modules\mysql\lib\protocol\sequences\Sequence.js:47:14)
    at Query.ErrorPacket (D:\wx_demo\mp-server\node_modules\mysql\lib\protocol\sequences\Query.js:77:18)
    at Protocol._parsePacket (D:\wx_demo\mp-server\node_modules\mysql\lib\protocol\Protocol.js:278:23)
    at Parser.write (D:\wx_demo\mp-server\node_modules\mysql\lib\protocol\Parser.js:76:12)
    at Protocol.write (D:\wx_demo\mp-server\node_modules\mysql\lib\protocol\Protocol.js:38:16)
    at Socket.<anonymous> (D:\wx_demo\mp-server\node_modules\mysql\lib\Connection.js:91:28)
    at Socket.<anonymous> (D:\wx_demo\mp-server\node_modules\mysql\lib\Connection.js:502:10)
    at emitOne (events.js:116:13)
    at Socket.emit (events.js:211:7)
    at addChunk (_stream_readable.js:263:12)
    --------------------
    at Protocol._enqueue (D:\wx_demo\mp-server\node_modules\mysql\lib\protocol\Protocol.js:144:48)
    at PoolConnection.query (D:\wx_demo\mp-server\node_modules\mysql\lib\Connection.js:200:25)
    at D:\wx_demo\mp-server\app.js:73:12
    at Ping.onOperationComplete (D:\wx_demo\mp-server\node_modules\mysql\lib\Pool.js:110:5)
    at Ping.<anonymous> (D:\wx_demo\mp-server\node_modules\mysql\lib\Connection.js:502:10)
    at Ping._callback (D:\wx_demo\mp-server\node_modules\mysql\lib\Connection.js:468:16)
    at Ping.Sequence.end (D:\wx_demo\mp-server\node_modules\mysql\lib\protocol\sequences\Sequence.js:83:24)
    at Ping.Sequence.OkPacket (D:\wx_demo\mp-server\node_modules\mysql\lib\protocol\sequences\Sequence.js:92:8)
    at Protocol._parsePacket (D:\wx_demo\mp-server\node_modules\mysql\lib\protocol\Protocol.js:278:23)
    at Parser.write (D:\wx_demo\mp-server\node_modules\mysql\lib\protocol\Parser.js:76:12)
  code: 'ER_PARSE_ERROR',
  errno: 1064,
  sqlMessage: 'You have an error in your SQL syntax; check the manual that corresponds to your MySQL server version for the right syntax to use near \' AND alumni_affairs.is_book = 0, AND alumni_affairs.is_taking = 0 limit 0, 10\' at line 1',
  sqlState: '42000',
  index: 0,
  sql: 'SELECT * FROM alumni_basic INNER JOIN alumni_affairs ON alumni_basic.open_id = alumni_affairs.open_id WHERE alumni_affairs.is_pick = 1, AND alumni_affairs.is_book = 0, AND alumni_affairs.is_taking = 0 limit 0, 10' }
[2019-01-15T15:46:27.634] [INFO] log_file - { Error: ER_PARSE_ERROR: You have an error in your SQL syntax; check the manual that corresponds to your MySQL server version for the right syntax to use near '= "%李一凡%" limit 0, 10' at line 1
    at Query.Sequence._packetToError (D:\wx_demo\mp-server\node_modules\mysql\lib\protocol\sequences\Sequence.js:47:14)
    at Query.ErrorPacket (D:\wx_demo\mp-server\node_modules\mysql\lib\protocol\sequences\Query.js:77:18)
    at Protocol._parsePacket (D:\wx_demo\mp-server\node_modules\mysql\lib\protocol\Protocol.js:278:23)
    at Parser.write (D:\wx_demo\mp-server\node_modules\mysql\lib\protocol\Parser.js:76:12)
    at Protocol.write (D:\wx_demo\mp-server\node_modules\mysql\lib\protocol\Protocol.js:38:16)
    at Socket.<anonymous> (D:\wx_demo\mp-server\node_modules\mysql\lib\Connection.js:91:28)
    at Socket.<anonymous> (D:\wx_demo\mp-server\node_modules\mysql\lib\Connection.js:502:10)
    at emitOne (events.js:116:13)
    at Socket.emit (events.js:211:7)
    at addChunk (_stream_readable.js:263:12)
    --------------------
    at Protocol._enqueue (D:\wx_demo\mp-server\node_modules\mysql\lib\protocol\Protocol.js:144:48)
    at PoolConnection.query (D:\wx_demo\mp-server\node_modules\mysql\lib\Connection.js:200:25)
    at D:\wx_demo\mp-server\app.js:73:12
    at Ping.onOperationComplete (D:\wx_demo\mp-server\node_modules\mysql\lib\Pool.js:110:5)
    at Ping.<anonymous> (D:\wx_demo\mp-server\node_modules\mysql\lib\Connection.js:502:10)
    at Ping._callback (D:\wx_demo\mp-server\node_modules\mysql\lib\Connection.js:468:16)
    at Ping.Sequence.end (D:\wx_demo\mp-server\node_modules\mysql\lib\protocol\sequences\Sequence.js:83:24)
    at Ping.Sequence.OkPacket (D:\wx_demo\mp-server\node_modules\mysql\lib\protocol\sequences\Sequence.js:92:8)
    at Protocol._parsePacket (D:\wx_demo\mp-server\node_modules\mysql\lib\protocol\Protocol.js:278:23)
    at Parser.write (D:\wx_demo\mp-server\node_modules\mysql\lib\protocol\Parser.js:76:12)
  code: 'ER_PARSE_ERROR',
  errno: 1064,
  sqlMessage: 'You have an error in your SQL syntax; check the manual that corresponds to your MySQL server version for the right syntax to use near \'= "%李一凡%" limit 0, 10\' at line 1',
  sqlState: '42000',
  index: 0,
  sql: 'SELECT * FROM alumni_basic INNER JOIN alumni_affairs ON alumni_basic.open_id = alumni_affairs.open_id WHERE alumni_affairs.is_pick = "0" AND alumni_affairs.is_book = "0" AND alumni_affairs.is_taking = "0" AND alumni_basic.status = "1" AND alumni_basic.user_name LIKE "%李一凡%" OR alumni_basic.stu_id LIKE = "%李一凡%" limit 0, 10' }
