[2018-12-13T12:51:54.228] [INFO] log_file - { Error: ER_ACCESS_DENIED_ERROR: Access denied for user ''@'localhost' (using password: YES)
    at Handshake.Sequence._packetToError (D:\wx_demo\mp-server\node_modules\mysql\lib\protocol\sequences\Sequence.js:47:14)
    at Handshake.ErrorPacket (D:\wx_demo\mp-server\node_modules\mysql\lib\protocol\sequences\Handshake.js:124:18)
    at Protocol._parsePacket (D:\wx_demo\mp-server\node_modules\mysql\lib\protocol\Protocol.js:278:23)
    at Parser.write (D:\wx_demo\mp-server\node_modules\mysql\lib\protocol\Parser.js:76:12)
    at Protocol.write (D:\wx_demo\mp-server\node_modules\mysql\lib\protocol\Protocol.js:38:16)
    at Socket.<anonymous> (D:\wx_demo\mp-server\node_modules\mysql\lib\Connection.js:91:28)
    at Socket.<anonymous> (D:\wx_demo\mp-server\node_modules\mysql\lib\Connection.js:502:10)
    at emitOne (events.js:116:13)
    at Socket.emit (events.js:211:7)
    at addChunk (_stream_readable.js:263:12)
    --------------------
    at Protocol._enqueue (D:\wx_demo\mp-server\node_modules\mysql\lib\protocol\Protocol.js:144:48)
    at Protocol.handshake (D:\wx_demo\mp-server\node_modules\mysql\lib\protocol\Protocol.js:51:23)
    at PoolConnection.connect (D:\wx_demo\mp-server\node_modules\mysql\lib\Connection.js:118:18)
    at Pool.getConnection (D:\wx_demo\mp-server\node_modules\mysql\lib\Pool.js:48:16)
    at global.CONN (D:\wx_demo\mp-server\app.js:55:9)
    at Object.login (D:\wx_demo\mp-server\model\common.js:4:5)
    at Object.login (D:\wx_demo\mp-server\controllers\common.js:6:20)
    at D:\wx_demo\mp-server\routes\common.js:17:20
    at Layer.handle [as handle_request] (D:\wx_demo\mp-server\node_modules\express\lib\router\layer.js:95:5)
    at next (D:\wx_demo\mp-server\node_modules\express\lib\router\route.js:137:13)
  code: 'ER_ACCESS_DENIED_ERROR',
  errno: 1045,
  sqlMessage: 'Access denied for user \'\'@\'localhost\' (using password: YES)',
  sqlState: '28000',
  fatal: true }
[2018-12-13T12:53:48.214] [INFO] log_file - { Error: ER_ACCESS_DENIED_ERROR: Access denied for user ''@'localhost' (using password: YES)
    at Handshake.Sequence._packetToError (D:\wx_demo\mp-server\node_modules\mysql\lib\protocol\sequences\Sequence.js:47:14)
    at Handshake.ErrorPacket (D:\wx_demo\mp-server\node_modules\mysql\lib\protocol\sequences\Handshake.js:124:18)
    at Protocol._parsePacket (D:\wx_demo\mp-server\node_modules\mysql\lib\protocol\Protocol.js:278:23)
    at Parser.write (D:\wx_demo\mp-server\node_modules\mysql\lib\protocol\Parser.js:76:12)
    at Protocol.write (D:\wx_demo\mp-server\node_modules\mysql\lib\protocol\Protocol.js:38:16)
    at Socket.<anonymous> (D:\wx_demo\mp-server\node_modules\mysql\lib\Connection.js:91:28)
    at Socket.<anonymous> (D:\wx_demo\mp-server\node_modules\mysql\lib\Connection.js:502:10)
    at emitOne (events.js:116:13)
    at Socket.emit (events.js:211:7)
    at addChunk (_stream_readable.js:263:12)
    --------------------
    at Protocol._enqueue (D:\wx_demo\mp-server\node_modules\mysql\lib\protocol\Protocol.js:144:48)
    at Protocol.handshake (D:\wx_demo\mp-server\node_modules\mysql\lib\protocol\Protocol.js:51:23)
    at PoolConnection.connect (D:\wx_demo\mp-server\node_modules\mysql\lib\Connection.js:118:18)
    at Pool.getConnection (D:\wx_demo\mp-server\node_modules\mysql\lib\Pool.js:48:16)
    at global.CONN (D:\wx_demo\mp-server\app.js:55:9)
    at Object.login (D:\wx_demo\mp-server\model\common.js:4:5)
    at Object.login (D:\wx_demo\mp-server\controllers\common.js:6:20)
    at D:\wx_demo\mp-server\routes\common.js:17:20
    at Layer.handle [as handle_request] (D:\wx_demo\mp-server\node_modules\express\lib\router\layer.js:95:5)
    at next (D:\wx_demo\mp-server\node_modules\express\lib\router\route.js:137:13)
  code: 'ER_ACCESS_DENIED_ERROR',
  errno: 1045,
  sqlMessage: 'Access denied for user \'\'@\'localhost\' (using password: YES)',
  sqlState: '28000',
  fatal: true }
[2018-12-13T12:56:50.236] [INFO] log_file - { Error: ER_ACCESS_DENIED_ERROR: Access denied for user ''@'localhost' (using password: YES)
    at Handshake.Sequence._packetToError (D:\wx_demo\mp-server\node_modules\mysql\lib\protocol\sequences\Sequence.js:47:14)
    at Handshake.ErrorPacket (D:\wx_demo\mp-server\node_modules\mysql\lib\protocol\sequences\Handshake.js:124:18)
    at Protocol._parsePacket (D:\wx_demo\mp-server\node_modules\mysql\lib\protocol\Protocol.js:278:23)
    at Parser.write (D:\wx_demo\mp-server\node_modules\mysql\lib\protocol\Parser.js:76:12)
    at Protocol.write (D:\wx_demo\mp-server\node_modules\mysql\lib\protocol\Protocol.js:38:16)
    at Socket.<anonymous> (D:\wx_demo\mp-server\node_modules\mysql\lib\Connection.js:91:28)
    at Socket.<anonymous> (D:\wx_demo\mp-server\node_modules\mysql\lib\Connection.js:502:10)
    at emitOne (events.js:116:13)
    at Socket.emit (events.js:211:7)
    at addChunk (_stream_readable.js:263:12)
    --------------------
    at Protocol._enqueue (D:\wx_demo\mp-server\node_modules\mysql\lib\protocol\Protocol.js:144:48)
    at Protocol.handshake (D:\wx_demo\mp-server\node_modules\mysql\lib\protocol\Protocol.js:51:23)
    at PoolConnection.connect (D:\wx_demo\mp-server\node_modules\mysql\lib\Connection.js:118:18)
    at Pool.getConnection (D:\wx_demo\mp-server\node_modules\mysql\lib\Pool.js:48:16)
    at global.CONN (D:\wx_demo\mp-server\app.js:55:9)
    at Object.login (D:\wx_demo\mp-server\model\common.js:4:5)
    at Object.login (D:\wx_demo\mp-server\controllers\common.js:6:20)
    at D:\wx_demo\mp-server\routes\common.js:17:20
    at Layer.handle [as handle_request] (D:\wx_demo\mp-server\node_modules\express\lib\router\layer.js:95:5)
    at next (D:\wx_demo\mp-server\node_modules\express\lib\router\route.js:137:13)
  code: 'ER_ACCESS_DENIED_ERROR',
  errno: 1045,
  sqlMessage: 'Access denied for user \'\'@\'localhost\' (using password: YES)',
  sqlState: '28000',
  fatal: true }
[2018-12-13T12:58:19.971] [INFO] log_file - { Error: ER_ACCESS_DENIED_ERROR: Access denied for user ''@'localhost' (using password: YES)
    at Handshake.Sequence._packetToError (D:\wx_demo\mp-server\node_modules\mysql\lib\protocol\sequences\Sequence.js:47:14)
    at Handshake.ErrorPacket (D:\wx_demo\mp-server\node_modules\mysql\lib\protocol\sequences\Handshake.js:124:18)
    at Protocol._parsePacket (D:\wx_demo\mp-server\node_modules\mysql\lib\protocol\Protocol.js:278:23)
    at Parser.write (D:\wx_demo\mp-server\node_modules\mysql\lib\protocol\Parser.js:76:12)
    at Protocol.write (D:\wx_demo\mp-server\node_modules\mysql\lib\protocol\Protocol.js:38:16)
    at Socket.<anonymous> (D:\wx_demo\mp-server\node_modules\mysql\lib\Connection.js:91:28)
    at Socket.<anonymous> (D:\wx_demo\mp-server\node_modules\mysql\lib\Connection.js:502:10)
    at emitOne (events.js:116:13)
    at Socket.emit (events.js:211:7)
    at addChunk (_stream_readable.js:263:12)
    --------------------
    at Protocol._enqueue (D:\wx_demo\mp-server\node_modules\mysql\lib\protocol\Protocol.js:144:48)
    at Protocol.handshake (D:\wx_demo\mp-server\node_modules\mysql\lib\protocol\Protocol.js:51:23)
    at PoolConnection.connect (D:\wx_demo\mp-server\node_modules\mysql\lib\Connection.js:118:18)
    at Pool.getConnection (D:\wx_demo\mp-server\node_modules\mysql\lib\Pool.js:48:16)
    at global.CONN (D:\wx_demo\mp-server\app.js:55:9)
    at Object.login (D:\wx_demo\mp-server\model\common.js:4:5)
    at Object.login (D:\wx_demo\mp-server\controllers\common.js:6:20)
    at D:\wx_demo\mp-server\routes\common.js:17:20
    at Layer.handle [as handle_request] (D:\wx_demo\mp-server\node_modules\express\lib\router\layer.js:95:5)
    at next (D:\wx_demo\mp-server\node_modules\express\lib\router\route.js:137:13)
  code: 'ER_ACCESS_DENIED_ERROR',
  errno: 1045,
  sqlMessage: 'Access denied for user \'\'@\'localhost\' (using password: YES)',
  sqlState: '28000',
  fatal: true }
[2018-12-13T14:19:52.796] [INFO] log_file - { Error: ER_NO_SUCH_TABLE: Table 'lj_node.mp_info' doesn't exist
    at Query.Sequence._packetToError (D:\wx_demo\mp-server\node_modules\mysql\lib\protocol\sequences\Sequence.js:47:14)
    at Query.ErrorPacket (D:\wx_demo\mp-server\node_modules\mysql\lib\protocol\sequences\Query.js:77:18)
    at Protocol._parsePacket (D:\wx_demo\mp-server\node_modules\mysql\lib\protocol\Protocol.js:278:23)
    at Parser.write (D:\wx_demo\mp-server\node_modules\mysql\lib\protocol\Parser.js:76:12)
    at Protocol.write (D:\wx_demo\mp-server\node_modules\mysql\lib\protocol\Protocol.js:38:16)
    at Socket.<anonymous> (D:\wx_demo\mp-server\node_modules\mysql\lib\Connection.js:91:28)
    at Socket.<anonymous> (D:\wx_demo\mp-server\node_modules\mysql\lib\Connection.js:502:10)
    at emitOne (events.js:116:13)
    at Socket.emit (events.js:211:7)
    at addChunk (_stream_readable.js:263:12)
    --------------------
    at Protocol._enqueue (D:\wx_demo\mp-server\node_modules\mysql\lib\protocol\Protocol.js:144:48)
    at PoolConnection.query (D:\wx_demo\mp-server\node_modules\mysql\lib\Connection.js:200:25)
    at D:\wx_demo\mp-server\app.js:77:12
    at Handshake.onConnect (D:\wx_demo\mp-server\node_modules\mysql\lib\Pool.js:64:7)
    at Handshake.<anonymous> (D:\wx_demo\mp-server\node_modules\mysql\lib\Connection.js:502:10)
    at Handshake._callback (D:\wx_demo\mp-server\node_modules\mysql\lib\Connection.js:468:16)
    at Handshake.Sequence.end (D:\wx_demo\mp-server\node_modules\mysql\lib\protocol\sequences\Sequence.js:83:24)
    at Handshake.Sequence.OkPacket (D:\wx_demo\mp-server\node_modules\mysql\lib\protocol\sequences\Sequence.js:92:8)
    at Protocol._parsePacket (D:\wx_demo\mp-server\node_modules\mysql\lib\protocol\Protocol.js:278:23)
    at Parser.write (D:\wx_demo\mp-server\node_modules\mysql\lib\protocol\Parser.js:76:12)
  code: 'ER_NO_SUCH_TABLE',
  errno: 1146,
  sqlMessage: 'Table \'lj_node.mp_info\' doesn\'t exist',
  sqlState: '42S02',
  index: 0,
  sql: 'SELECT * FROM mp_info' }
