[2019-02-26T10:21:15.494] [INFO] log_file - TypeError: callback is not a function
    at D:\wx_demo\mp-server\app.js:61:7
    at Handshake.onConnect (D:\wx_demo\mp-server\node_modules\mysql\lib\Pool.js:58:9)
    at Handshake.<anonymous> (D:\wx_demo\mp-server\node_modules\mysql\lib\Connection.js:502:10)
    at Handshake._callback (D:\wx_demo\mp-server\node_modules\mysql\lib\Connection.js:468:16)
    at Handshake.Sequence.end (D:\wx_demo\mp-server\node_modules\mysql\lib\protocol\sequences\Sequence.js:83:24)
    at Handshake.ErrorPacket (D:\wx_demo\mp-server\node_modules\mysql\lib\protocol\sequences\Handshake.js:126:8)
    at Protocol._parsePacket (D:\wx_demo\mp-server\node_modules\mysql\lib\protocol\Protocol.js:278:23)
    at Parser.write (D:\wx_demo\mp-server\node_modules\mysql\lib\protocol\Parser.js:76:12)
    at Protocol.write (D:\wx_demo\mp-server\node_modules\mysql\lib\protocol\Protocol.js:38:16)
    at Socket.<anonymous> (D:\wx_demo\mp-server\node_modules\mysql\lib\Connection.js:91:28)
[2019-02-26T10:22:36.810] [INFO] log_file - TypeError: callback is not a function
    at D:\wx_demo\mp-server\app.js:61:7
    at Handshake.onConnect (D:\wx_demo\mp-server\node_modules\mysql\lib\Pool.js:58:9)
    at Handshake.<anonymous> (D:\wx_demo\mp-server\node_modules\mysql\lib\Connection.js:502:10)
    at Handshake._callback (D:\wx_demo\mp-server\node_modules\mysql\lib\Connection.js:468:16)
    at Handshake.Sequence.end (D:\wx_demo\mp-server\node_modules\mysql\lib\protocol\sequences\Sequence.js:83:24)
    at Handshake.ErrorPacket (D:\wx_demo\mp-server\node_modules\mysql\lib\protocol\sequences\Handshake.js:126:8)
    at Protocol._parsePacket (D:\wx_demo\mp-server\node_modules\mysql\lib\protocol\Protocol.js:278:23)
    at Parser.write (D:\wx_demo\mp-server\node_modules\mysql\lib\protocol\Parser.js:76:12)
    at Protocol.write (D:\wx_demo\mp-server\node_modules\mysql\lib\protocol\Protocol.js:38:16)
    at Socket.<anonymous> (D:\wx_demo\mp-server\node_modules\mysql\lib\Connection.js:91:28)
[2019-02-26T10:23:19.596] [INFO] log_file - TypeError: callback is not a function
    at D:\wx_demo\mp-server\app.js:61:7
    at Handshake.onConnect (D:\wx_demo\mp-server\node_modules\mysql\lib\Pool.js:58:9)
    at Handshake.<anonymous> (D:\wx_demo\mp-server\node_modules\mysql\lib\Connection.js:502:10)
    at Handshake._callback (D:\wx_demo\mp-server\node_modules\mysql\lib\Connection.js:468:16)
    at Handshake.Sequence.end (D:\wx_demo\mp-server\node_modules\mysql\lib\protocol\sequences\Sequence.js:83:24)
    at Handshake.ErrorPacket (D:\wx_demo\mp-server\node_modules\mysql\lib\protocol\sequences\Handshake.js:126:8)
    at Protocol._parsePacket (D:\wx_demo\mp-server\node_modules\mysql\lib\protocol\Protocol.js:278:23)
    at Parser.write (D:\wx_demo\mp-server\node_modules\mysql\lib\protocol\Parser.js:76:12)
    at Protocol.write (D:\wx_demo\mp-server\node_modules\mysql\lib\protocol\Protocol.js:38:16)
    at Socket.<anonymous> (D:\wx_demo\mp-server\node_modules\mysql\lib\Connection.js:91:28)
[2019-02-26T10:24:06.505] [INFO] log_file - TypeError: callback is not a function
    at D:\wx_demo\mp-server\app.js:61:7
    at Handshake.onConnect (D:\wx_demo\mp-server\node_modules\mysql\lib\Pool.js:58:9)
    at Handshake.<anonymous> (D:\wx_demo\mp-server\node_modules\mysql\lib\Connection.js:502:10)
    at Handshake._callback (D:\wx_demo\mp-server\node_modules\mysql\lib\Connection.js:468:16)
    at Handshake.Sequence.end (D:\wx_demo\mp-server\node_modules\mysql\lib\protocol\sequences\Sequence.js:83:24)
    at Handshake.ErrorPacket (D:\wx_demo\mp-server\node_modules\mysql\lib\protocol\sequences\Handshake.js:126:8)
    at Protocol._parsePacket (D:\wx_demo\mp-server\node_modules\mysql\lib\protocol\Protocol.js:278:23)
    at Parser.write (D:\wx_demo\mp-server\node_modules\mysql\lib\protocol\Parser.js:76:12)
    at Protocol.write (D:\wx_demo\mp-server\node_modules\mysql\lib\protocol\Protocol.js:38:16)
    at Socket.<anonymous> (D:\wx_demo\mp-server\node_modules\mysql\lib\Connection.js:91:28)
[2019-02-26T10:26:28.731] [INFO] log_file - TypeError: callback is not a function
    at D:\wx_demo\mp-server\app.js:61:7
    at Handshake.onConnect (D:\wx_demo\mp-server\node_modules\mysql\lib\Pool.js:58:9)
    at Handshake.<anonymous> (D:\wx_demo\mp-server\node_modules\mysql\lib\Connection.js:502:10)
    at Handshake._callback (D:\wx_demo\mp-server\node_modules\mysql\lib\Connection.js:468:16)
    at Handshake.Sequence.end (D:\wx_demo\mp-server\node_modules\mysql\lib\protocol\sequences\Sequence.js:83:24)
    at Handshake.ErrorPacket (D:\wx_demo\mp-server\node_modules\mysql\lib\protocol\sequences\Handshake.js:126:8)
    at Protocol._parsePacket (D:\wx_demo\mp-server\node_modules\mysql\lib\protocol\Protocol.js:278:23)
    at Parser.write (D:\wx_demo\mp-server\node_modules\mysql\lib\protocol\Parser.js:76:12)
    at Protocol.write (D:\wx_demo\mp-server\node_modules\mysql\lib\protocol\Protocol.js:38:16)
    at Socket.<anonymous> (D:\wx_demo\mp-server\node_modules\mysql\lib\Connection.js:91:28)
[2019-02-26T10:26:51.021] [INFO] log_file - TypeError: callback is not a function
    at D:\wx_demo\mp-server\app.js:61:7
    at Handshake.onConnect (D:\wx_demo\mp-server\node_modules\mysql\lib\Pool.js:58:9)
    at Handshake.<anonymous> (D:\wx_demo\mp-server\node_modules\mysql\lib\Connection.js:502:10)
    at Handshake._callback (D:\wx_demo\mp-server\node_modules\mysql\lib\Connection.js:468:16)
    at Handshake.Sequence.end (D:\wx_demo\mp-server\node_modules\mysql\lib\protocol\sequences\Sequence.js:83:24)
    at Handshake.ErrorPacket (D:\wx_demo\mp-server\node_modules\mysql\lib\protocol\sequences\Handshake.js:126:8)
    at Protocol._parsePacket (D:\wx_demo\mp-server\node_modules\mysql\lib\protocol\Protocol.js:278:23)
    at Parser.write (D:\wx_demo\mp-server\node_modules\mysql\lib\protocol\Parser.js:76:12)
    at Protocol.write (D:\wx_demo\mp-server\node_modules\mysql\lib\protocol\Protocol.js:38:16)
    at Socket.<anonymous> (D:\wx_demo\mp-server\node_modules\mysql\lib\Connection.js:91:28)
[2019-02-26T10:28:52.999] [INFO] log_file - TypeError: callback is not a function
    at D:\wx_demo\mp-server\app.js:61:7
    at Handshake.onConnect (D:\wx_demo\mp-server\node_modules\mysql\lib\Pool.js:58:9)
    at Handshake.<anonymous> (D:\wx_demo\mp-server\node_modules\mysql\lib\Connection.js:502:10)
    at Handshake._callback (D:\wx_demo\mp-server\node_modules\mysql\lib\Connection.js:468:16)
    at Handshake.Sequence.end (D:\wx_demo\mp-server\node_modules\mysql\lib\protocol\sequences\Sequence.js:83:24)
    at Handshake.ErrorPacket (D:\wx_demo\mp-server\node_modules\mysql\lib\protocol\sequences\Handshake.js:126:8)
    at Protocol._parsePacket (D:\wx_demo\mp-server\node_modules\mysql\lib\protocol\Protocol.js:278:23)
    at Parser.write (D:\wx_demo\mp-server\node_modules\mysql\lib\protocol\Parser.js:76:12)
    at Protocol.write (D:\wx_demo\mp-server\node_modules\mysql\lib\protocol\Protocol.js:38:16)
    at Socket.<anonymous> (D:\wx_demo\mp-server\node_modules\mysql\lib\Connection.js:91:28)
[2019-02-26T10:30:32.548] [INFO] log_file - TypeError: callback is not a function
    at D:\wx_demo\mp-server\app.js:61:7
    at Handshake.onConnect (D:\wx_demo\mp-server\node_modules\mysql\lib\Pool.js:58:9)
    at Handshake.<anonymous> (D:\wx_demo\mp-server\node_modules\mysql\lib\Connection.js:502:10)
    at Handshake._callback (D:\wx_demo\mp-server\node_modules\mysql\lib\Connection.js:468:16)
    at Handshake.Sequence.end (D:\wx_demo\mp-server\node_modules\mysql\lib\protocol\sequences\Sequence.js:83:24)
    at Handshake.ErrorPacket (D:\wx_demo\mp-server\node_modules\mysql\lib\protocol\sequences\Handshake.js:126:8)
    at Protocol._parsePacket (D:\wx_demo\mp-server\node_modules\mysql\lib\protocol\Protocol.js:278:23)
    at Parser.write (D:\wx_demo\mp-server\node_modules\mysql\lib\protocol\Parser.js:76:12)
    at Protocol.write (D:\wx_demo\mp-server\node_modules\mysql\lib\protocol\Protocol.js:38:16)
    at Socket.<anonymous> (D:\wx_demo\mp-server\node_modules\mysql\lib\Connection.js:91:28)
[2019-02-26T10:33:26.678] [INFO] log_file - Error: Request aborted
    at IncomingMessage.<anonymous> (D:\wx_demo\mp-server\node_modules\formidable\lib\incoming_form.js:122:19)
    at emitNone (events.js:106:13)
    at IncomingMessage.emit (events.js:208:7)
    at abortIncoming (_http_server.js:439:9)
    at socketOnEnd (_http_server.js:455:5)
    at emitNone (events.js:111:20)
    at Socket.emit (events.js:208:7)
    at endReadableNT (_stream_readable.js:1064:12)
    at _combinedTickCallback (internal/process/next_tick.js:139:11)
    at process._tickCallback (internal/process/next_tick.js:181:9)
[2019-02-26T10:35:50.164] [INFO] log_file - Error: Request aborted
    at IncomingMessage.<anonymous> (D:\wx_demo\mp-server\node_modules\formidable\lib\incoming_form.js:122:19)
    at emitNone (events.js:106:13)
    at IncomingMessage.emit (events.js:208:7)
    at abortIncoming (_http_server.js:439:9)
    at socketOnEnd (_http_server.js:455:5)
    at emitNone (events.js:111:20)
    at Socket.emit (events.js:208:7)
    at endReadableNT (_stream_readable.js:1064:12)
    at _combinedTickCallback (internal/process/next_tick.js:139:11)
    at process._tickCallback (internal/process/next_tick.js:181:9)
[2019-02-26T10:36:51.527] [INFO] log_file - TypeError: Base.UploadFiles is not a constructor
    at D:\wx_demo\mp-server\controllers\reunion.js:112:34
    at Query.<anonymous> (D:\wx_demo\mp-server\model\reunion.js:8:13)
    at Query.<anonymous> (D:\wx_demo\mp-server\node_modules\mysql\lib\Connection.js:502:10)
    at Query._callback (D:\wx_demo\mp-server\node_modules\mysql\lib\Connection.js:468:16)
    at Query.Sequence.end (D:\wx_demo\mp-server\node_modules\mysql\lib\protocol\sequences\Sequence.js:83:24)
    at Query._handleFinalResultPacket (D:\wx_demo\mp-server\node_modules\mysql\lib\protocol\sequences\Query.js:139:8)
    at Query.EofPacket (D:\wx_demo\mp-server\node_modules\mysql\lib\protocol\sequences\Query.js:123:8)
    at Protocol._parsePacket (D:\wx_demo\mp-server\node_modules\mysql\lib\protocol\Protocol.js:278:23)
    at Parser.write (D:\wx_demo\mp-server\node_modules\mysql\lib\protocol\Parser.js:76:12)
    at Protocol.write (D:\wx_demo\mp-server\node_modules\mysql\lib\protocol\Protocol.js:38:16)
[2019-02-26T10:37:20.271] [INFO] log_file - ReferenceError: DIRNAME is not defined
    at MulUploadImg.upload (D:\wx_demo\mp-server\controllers\base_class.js:80:23)
    at D:\wx_demo\mp-server\controllers\reunion.js:113:26
    at Query.<anonymous> (D:\wx_demo\mp-server\model\reunion.js:8:13)
    at Query.<anonymous> (D:\wx_demo\mp-server\node_modules\mysql\lib\Connection.js:502:10)
    at Query._callback (D:\wx_demo\mp-server\node_modules\mysql\lib\Connection.js:468:16)
    at Query.Sequence.end (D:\wx_demo\mp-server\node_modules\mysql\lib\protocol\sequences\Sequence.js:83:24)
    at Query._handleFinalResultPacket (D:\wx_demo\mp-server\node_modules\mysql\lib\protocol\sequences\Query.js:139:8)
    at Query.EofPacket (D:\wx_demo\mp-server\node_modules\mysql\lib\protocol\sequences\Query.js:123:8)
    at Protocol._parsePacket (D:\wx_demo\mp-server\node_modules\mysql\lib\protocol\Protocol.js:278:23)
    at Parser.write (D:\wx_demo\mp-server\node_modules\mysql\lib\protocol\Parser.js:76:12)
[2019-02-26T10:39:26.246] [INFO] log_file - Error: Request aborted
    at IncomingMessage.<anonymous> (D:\wx_demo\mp-server\node_modules\formidable\lib\incoming_form.js:122:19)
    at emitNone (events.js:106:13)
    at IncomingMessage.emit (events.js:208:7)
    at abortIncoming (_http_server.js:439:9)
    at socketOnEnd (_http_server.js:455:5)
    at emitNone (events.js:111:20)
    at Socket.emit (events.js:208:7)
    at endReadableNT (_stream_readable.js:1064:12)
    at _combinedTickCallback (internal/process/next_tick.js:139:11)
    at process._tickCallback (internal/process/next_tick.js:181:9)
[2019-02-26T10:44:43.991] [INFO] log_file - Error: Request aborted
    at IncomingMessage.<anonymous> (D:\wx_demo\mp-server\node_modules\formidable\lib\incoming_form.js:122:19)
    at emitNone (events.js:106:13)
    at IncomingMessage.emit (events.js:208:7)
    at abortIncoming (_http_server.js:439:9)
    at socketOnEnd (_http_server.js:455:5)
    at emitNone (events.js:111:20)
    at Socket.emit (events.js:208:7)
    at endReadableNT (_stream_readable.js:1064:12)
    at _combinedTickCallback (internal/process/next_tick.js:139:11)
    at process._tickCallback (internal/process/next_tick.js:181:9)
[2019-02-26T10:46:11.630] [INFO] log_file - Error: Request aborted
    at IncomingMessage.<anonymous> (D:\wx_demo\mp-server\node_modules\formidable\lib\incoming_form.js:122:19)
    at emitNone (events.js:106:13)
    at IncomingMessage.emit (events.js:208:7)
    at abortIncoming (_http_server.js:439:9)
    at socketOnEnd (_http_server.js:455:5)
    at emitNone (events.js:111:20)
    at Socket.emit (events.js:208:7)
    at endReadableNT (_stream_readable.js:1064:12)
    at _combinedTickCallback (internal/process/next_tick.js:139:11)
    at process._tickCallback (internal/process/next_tick.js:181:9)
[2019-02-26T10:49:04.288] [INFO] log_file - Error: Request aborted
    at IncomingMessage.<anonymous> (D:\wx_demo\mp-server\node_modules\formidable\lib\incoming_form.js:122:19)
    at emitNone (events.js:106:13)
    at IncomingMessage.emit (events.js:208:7)
    at abortIncoming (_http_server.js:439:9)
    at socketOnEnd (_http_server.js:455:5)
    at emitNone (events.js:111:20)
    at Socket.emit (events.js:208:7)
    at endReadableNT (_stream_readable.js:1064:12)
    at _combinedTickCallback (internal/process/next_tick.js:139:11)
    at process._tickCallback (internal/process/next_tick.js:181:9)
[2019-02-26T10:52:37.485] [INFO] log_file - TypeError: Cannot read property 'headers' of undefined
    at IncomingForm.parse (D:\wx_demo\mp-server\node_modules\formidable\lib\incoming_form.js:112:25)
    at MulUploadImg.upload (D:\wx_demo\mp-server\controllers\base_class.js:84:11)
    at D:\wx_demo\mp-server\controllers\reunion.js:113:38
    at Query.<anonymous> (D:\wx_demo\mp-server\model\reunion.js:8:13)
    at Query.<anonymous> (D:\wx_demo\mp-server\node_modules\mysql\lib\Connection.js:502:10)
    at Query._callback (D:\wx_demo\mp-server\node_modules\mysql\lib\Connection.js:468:16)
    at Query.Sequence.end (D:\wx_demo\mp-server\node_modules\mysql\lib\protocol\sequences\Sequence.js:83:24)
    at Query._handleFinalResultPacket (D:\wx_demo\mp-server\node_modules\mysql\lib\protocol\sequences\Query.js:139:8)
    at Query.EofPacket (D:\wx_demo\mp-server\node_modules\mysql\lib\protocol\sequences\Query.js:123:8)
    at Protocol._parsePacket (D:\wx_demo\mp-server\node_modules\mysql\lib\protocol\Protocol.js:278:23)
[2019-02-26T10:53:46.718] [INFO] log_file - TypeError: Cannot read property 'headers' of undefined
    at IncomingForm.parse (D:\wx_demo\mp-server\node_modules\formidable\lib\incoming_form.js:112:25)
    at MulUploadImg.upload (D:\wx_demo\mp-server\controllers\base_class.js:84:11)
    at D:\wx_demo\mp-server\controllers\reunion.js:114:38
    at Query.<anonymous> (D:\wx_demo\mp-server\model\reunion.js:8:13)
    at Query.<anonymous> (D:\wx_demo\mp-server\node_modules\mysql\lib\Connection.js:502:10)
    at Query._callback (D:\wx_demo\mp-server\node_modules\mysql\lib\Connection.js:468:16)
    at Query.Sequence.end (D:\wx_demo\mp-server\node_modules\mysql\lib\protocol\sequences\Sequence.js:83:24)
    at Query._handleFinalResultPacket (D:\wx_demo\mp-server\node_modules\mysql\lib\protocol\sequences\Query.js:139:8)
    at Query.EofPacket (D:\wx_demo\mp-server\node_modules\mysql\lib\protocol\sequences\Query.js:123:8)
    at Protocol._parsePacket (D:\wx_demo\mp-server\node_modules\mysql\lib\protocol\Protocol.js:278:23)
[2019-02-26T10:54:06.204] [INFO] log_file - TypeError: Cannot read property 'headers' of undefined
    at IncomingForm.parse (D:\wx_demo\mp-server\node_modules\formidable\lib\incoming_form.js:112:25)
    at MulUploadImg.upload (D:\wx_demo\mp-server\controllers\base_class.js:84:11)
    at D:\wx_demo\mp-server\controllers\reunion.js:114:38
    at Query.<anonymous> (D:\wx_demo\mp-server\model\reunion.js:8:13)
    at Query.<anonymous> (D:\wx_demo\mp-server\node_modules\mysql\lib\Connection.js:502:10)
    at Query._callback (D:\wx_demo\mp-server\node_modules\mysql\lib\Connection.js:468:16)
    at Query.Sequence.end (D:\wx_demo\mp-server\node_modules\mysql\lib\protocol\sequences\Sequence.js:83:24)
    at Query._handleFinalResultPacket (D:\wx_demo\mp-server\node_modules\mysql\lib\protocol\sequences\Query.js:139:8)
    at Query.EofPacket (D:\wx_demo\mp-server\node_modules\mysql\lib\protocol\sequences\Query.js:123:8)
    at Protocol._parsePacket (D:\wx_demo\mp-server\node_modules\mysql\lib\protocol\Protocol.js:278:23)
[2019-02-26T10:54:35.002] [INFO] log_file - TypeError: Cannot read property 'headers' of undefined
    at IncomingForm.parse (D:\wx_demo\mp-server\node_modules\formidable\lib\incoming_form.js:112:25)
    at MulUploadImg.upload (D:\wx_demo\mp-server\controllers\base_class.js:84:11)
    at D:\wx_demo\mp-server\controllers\reunion.js:113:38
    at Query.<anonymous> (D:\wx_demo\mp-server\model\reunion.js:8:13)
    at Query.<anonymous> (D:\wx_demo\mp-server\node_modules\mysql\lib\Connection.js:502:10)
    at Query._callback (D:\wx_demo\mp-server\node_modules\mysql\lib\Connection.js:468:16)
    at Query.Sequence.end (D:\wx_demo\mp-server\node_modules\mysql\lib\protocol\sequences\Sequence.js:83:24)
    at Query._handleFinalResultPacket (D:\wx_demo\mp-server\node_modules\mysql\lib\protocol\sequences\Query.js:139:8)
    at Query.EofPacket (D:\wx_demo\mp-server\node_modules\mysql\lib\protocol\sequences\Query.js:123:8)
    at Protocol._parsePacket (D:\wx_demo\mp-server\node_modules\mysql\lib\protocol\Protocol.js:278:23)
[2019-02-26T10:57:37.238] [INFO] log_file - Error: Request aborted
    at IncomingMessage.<anonymous> (D:\wx_demo\mp-server\node_modules\formidable\lib\incoming_form.js:122:19)
    at emitNone (events.js:106:13)
    at IncomingMessage.emit (events.js:208:7)
    at abortIncoming (_http_server.js:439:9)
    at socketOnEnd (_http_server.js:455:5)
    at emitNone (events.js:111:20)
    at Socket.emit (events.js:208:7)
    at endReadableNT (_stream_readable.js:1064:12)
    at _combinedTickCallback (internal/process/next_tick.js:139:11)
    at process._tickCallback (internal/process/next_tick.js:181:9)
[2019-02-26T11:02:27.363] [INFO] log_file - Error: Request aborted
    at IncomingMessage.<anonymous> (D:\wx_demo\mp-server\node_modules\formidable\lib\incoming_form.js:122:19)
    at emitNone (events.js:106:13)
    at IncomingMessage.emit (events.js:208:7)
    at abortIncoming (_http_server.js:439:9)
    at socketOnEnd (_http_server.js:455:5)
    at emitNone (events.js:111:20)
    at Socket.emit (events.js:208:7)
    at endReadableNT (_stream_readable.js:1064:12)
    at _combinedTickCallback (internal/process/next_tick.js:139:11)
    at process._tickCallback (internal/process/next_tick.js:181:9)
[2019-02-26T13:36:01.536] [INFO] log_file - Error: Request aborted
    at IncomingMessage.<anonymous> (D:\wx_demo\mp-server\node_modules\formidable\lib\incoming_form.js:122:19)
    at emitNone (events.js:106:13)
    at IncomingMessage.emit (events.js:208:7)
    at abortIncoming (_http_server.js:439:9)
    at socketOnEnd (_http_server.js:455:5)
    at emitNone (events.js:111:20)
    at Socket.emit (events.js:208:7)
    at endReadableNT (_stream_readable.js:1064:12)
    at _combinedTickCallback (internal/process/next_tick.js:139:11)
    at process._tickCallback (internal/process/next_tick.js:181:9)
[2019-02-26T13:39:45.886] [INFO] log_file - Error: Request aborted
    at IncomingMessage.<anonymous> (D:\wx_demo\mp-server\node_modules\formidable\lib\incoming_form.js:122:19)
    at emitNone (events.js:106:13)
    at IncomingMessage.emit (events.js:208:7)
    at abortIncoming (_http_server.js:439:9)
    at socketOnEnd (_http_server.js:455:5)
    at emitNone (events.js:111:20)
    at Socket.emit (events.js:208:7)
    at endReadableNT (_stream_readable.js:1064:12)
    at _combinedTickCallback (internal/process/next_tick.js:139:11)
    at process._tickCallback (internal/process/next_tick.js:181:9)
[2019-02-26T13:44:09.072] [INFO] log_file - TypeError: mulUploadImg.entries is not a function
    at D:\wx_demo\mp-server\controllers\reunion.js:113:38
    at Query.<anonymous> (D:\wx_demo\mp-server\model\reunion.js:8:13)
    at Query.<anonymous> (D:\wx_demo\mp-server\node_modules\mysql\lib\Connection.js:502:10)
    at Query._callback (D:\wx_demo\mp-server\node_modules\mysql\lib\Connection.js:468:16)
    at Query.Sequence.end (D:\wx_demo\mp-server\node_modules\mysql\lib\protocol\sequences\Sequence.js:83:24)
    at Query._handleFinalResultPacket (D:\wx_demo\mp-server\node_modules\mysql\lib\protocol\sequences\Query.js:139:8)
    at Query.EofPacket (D:\wx_demo\mp-server\node_modules\mysql\lib\protocol\sequences\Query.js:123:8)
    at Protocol._parsePacket (D:\wx_demo\mp-server\node_modules\mysql\lib\protocol\Protocol.js:278:23)
    at Parser.write (D:\wx_demo\mp-server\node_modules\mysql\lib\protocol\Parser.js:76:12)
    at Protocol.write (D:\wx_demo\mp-server\node_modules\mysql\lib\protocol\Protocol.js:38:16)
[2019-02-26T13:44:37.014] [INFO] log_file - TypeError: Cannot read property 'headers' of undefined
    at IncomingForm.parse (D:\wx_demo\mp-server\node_modules\formidable\lib\incoming_form.js:112:25)
    at MulUploadImg.upload (D:\wx_demo\mp-server\controllers\base_class.js:84:11)
    at D:\wx_demo\mp-server\controllers\reunion.js:113:38
    at Query.<anonymous> (D:\wx_demo\mp-server\model\reunion.js:8:13)
    at Query.<anonymous> (D:\wx_demo\mp-server\node_modules\mysql\lib\Connection.js:502:10)
    at Query._callback (D:\wx_demo\mp-server\node_modules\mysql\lib\Connection.js:468:16)
    at Query.Sequence.end (D:\wx_demo\mp-server\node_modules\mysql\lib\protocol\sequences\Sequence.js:83:24)
    at Query._handleFinalResultPacket (D:\wx_demo\mp-server\node_modules\mysql\lib\protocol\sequences\Query.js:139:8)
    at Query.EofPacket (D:\wx_demo\mp-server\node_modules\mysql\lib\protocol\sequences\Query.js:123:8)
    at Protocol._parsePacket (D:\wx_demo\mp-server\node_modules\mysql\lib\protocol\Protocol.js:278:23)
[2019-02-26T13:52:38.882] [INFO] log_file - TypeError: Cannot read property 'headers' of undefined
    at IncomingForm.parse (D:\wx_demo\mp-server\node_modules\formidable\lib\incoming_form.js:112:25)
    at MulUploadImg.upload (D:\wx_demo\mp-server\controllers\base_class.js:83:14)
    at D:\wx_demo\mp-server\controllers\reunion.js:113:38
    at Query.<anonymous> (D:\wx_demo\mp-server\model\reunion.js:8:13)
    at Query.<anonymous> (D:\wx_demo\mp-server\node_modules\mysql\lib\Connection.js:502:10)
    at Query._callback (D:\wx_demo\mp-server\node_modules\mysql\lib\Connection.js:468:16)
    at Query.Sequence.end (D:\wx_demo\mp-server\node_modules\mysql\lib\protocol\sequences\Sequence.js:83:24)
    at Query._handleFinalResultPacket (D:\wx_demo\mp-server\node_modules\mysql\lib\protocol\sequences\Query.js:139:8)
    at Query.EofPacket (D:\wx_demo\mp-server\node_modules\mysql\lib\protocol\sequences\Query.js:123:8)
    at Protocol._parsePacket (D:\wx_demo\mp-server\node_modules\mysql\lib\protocol\Protocol.js:278:23)
