[2019-03-05T10:37:56.655] [INFO] log_file - { SequelizeDatabaseError: Query was empty
    at Query.formatError (D:\wx_demo\mp-server\node_modules\sequelize\lib\dialects\mysql\query.js:247:16)
    at Query.handler [as onResult] (D:\wx_demo\mp-server\node_modules\sequelize\lib\dialects\mysql\query.js:68:23)
    at Query.execute (D:\wx_demo\mp-server\node_modules\mysql2\lib\commands\command.js:30:14)
    at Connection.handlePacket (D:\wx_demo\mp-server\node_modules\mysql2\lib\connection.js:449:32)
    at PacketParser.Connection.packetParser.p [as onPacket] (D:\wx_demo\mp-server\node_modules\mysql2\lib\connection.js:72:12)
    at PacketParser.executeStart (D:\wx_demo\mp-server\node_modules\mysql2\lib\packet_parser.js:75:16)
    at Socket.Connection.stream.on.data (D:\wx_demo\mp-server\node_modules\mysql2\lib\connection.js:79:25)
    at emitOne (events.js:116:13)
    at Socket.emit (events.js:211:7)
    at addChunk (_stream_readable.js:263:12)
    at readableAddChunk (_stream_readable.js:250:11)
    at Socket.Readable.push (_stream_readable.js:208:10)
    at TCP.onread (net.js:601:20)
  name: 'SequelizeDatabaseError',
  parent: 
   { Error: Query was empty
    at Packet.asError (D:\wx_demo\mp-server\node_modules\mysql2\lib\packets\packet.js:684:17)
    at Query.execute (D:\wx_demo\mp-server\node_modules\mysql2\lib\commands\command.js:28:26)
    at Connection.handlePacket (D:\wx_demo\mp-server\node_modules\mysql2\lib\connection.js:449:32)
    at PacketParser.Connection.packetParser.p [as onPacket] (D:\wx_demo\mp-server\node_modules\mysql2\lib\connection.js:72:12)
    at PacketParser.executeStart (D:\wx_demo\mp-server\node_modules\mysql2\lib\packet_parser.js:75:16)
    at Socket.Connection.stream.on.data (D:\wx_demo\mp-server\node_modules\mysql2\lib\connection.js:79:25)
    at emitOne (events.js:116:13)
    at Socket.emit (events.js:211:7)
    at addChunk (_stream_readable.js:263:12)
    at readableAddChunk (_stream_readable.js:250:11)
    at Socket.Readable.push (_stream_readable.js:208:10)
    at TCP.onread (net.js:601:20)
     code: 'ER_EMPTY_QUERY',
     errno: 1065,
     sqlState: '42000',
     sqlMessage: 'Query was empty',
     sql: '' },
  original: 
   { Error: Query was empty
    at Packet.asError (D:\wx_demo\mp-server\node_modules\mysql2\lib\packets\packet.js:684:17)
    at Query.execute (D:\wx_demo\mp-server\node_modules\mysql2\lib\commands\command.js:28:26)
    at Connection.handlePacket (D:\wx_demo\mp-server\node_modules\mysql2\lib\connection.js:449:32)
    at PacketParser.Connection.packetParser.p [as onPacket] (D:\wx_demo\mp-server\node_modules\mysql2\lib\connection.js:72:12)
    at PacketParser.executeStart (D:\wx_demo\mp-server\node_modules\mysql2\lib\packet_parser.js:75:16)
    at Socket.Connection.stream.on.data (D:\wx_demo\mp-server\node_modules\mysql2\lib\connection.js:79:25)
    at emitOne (events.js:116:13)
    at Socket.emit (events.js:211:7)
    at addChunk (_stream_readable.js:263:12)
    at readableAddChunk (_stream_readable.js:250:11)
    at Socket.Readable.push (_stream_readable.js:208:10)
    at TCP.onread (net.js:601:20)
     code: 'ER_EMPTY_QUERY',
     errno: 1065,
     sqlState: '42000',
     sqlMessage: 'Query was empty',
     sql: '' },
  sql: '',
  code: -1,
  data: [] }
[2019-03-05T10:38:32.910] [INFO] log_file - { SequelizeDatabaseError: Query was empty
    at Query.formatError (D:\wx_demo\mp-server\node_modules\sequelize\lib\dialects\mysql\query.js:247:16)
    at Query.handler [as onResult] (D:\wx_demo\mp-server\node_modules\sequelize\lib\dialects\mysql\query.js:68:23)
    at Query.execute (D:\wx_demo\mp-server\node_modules\mysql2\lib\commands\command.js:30:14)
    at Connection.handlePacket (D:\wx_demo\mp-server\node_modules\mysql2\lib\connection.js:449:32)
    at PacketParser.Connection.packetParser.p [as onPacket] (D:\wx_demo\mp-server\node_modules\mysql2\lib\connection.js:72:12)
    at PacketParser.executeStart (D:\wx_demo\mp-server\node_modules\mysql2\lib\packet_parser.js:75:16)
    at Socket.Connection.stream.on.data (D:\wx_demo\mp-server\node_modules\mysql2\lib\connection.js:79:25)
    at emitOne (events.js:116:13)
    at Socket.emit (events.js:211:7)
    at addChunk (_stream_readable.js:263:12)
    at readableAddChunk (_stream_readable.js:250:11)
    at Socket.Readable.push (_stream_readable.js:208:10)
    at TCP.onread (net.js:601:20)
  name: 'SequelizeDatabaseError',
  parent: 
   { Error: Query was empty
    at Packet.asError (D:\wx_demo\mp-server\node_modules\mysql2\lib\packets\packet.js:684:17)
    at Query.execute (D:\wx_demo\mp-server\node_modules\mysql2\lib\commands\command.js:28:26)
    at Connection.handlePacket (D:\wx_demo\mp-server\node_modules\mysql2\lib\connection.js:449:32)
    at PacketParser.Connection.packetParser.p [as onPacket] (D:\wx_demo\mp-server\node_modules\mysql2\lib\connection.js:72:12)
    at PacketParser.executeStart (D:\wx_demo\mp-server\node_modules\mysql2\lib\packet_parser.js:75:16)
    at Socket.Connection.stream.on.data (D:\wx_demo\mp-server\node_modules\mysql2\lib\connection.js:79:25)
    at emitOne (events.js:116:13)
    at Socket.emit (events.js:211:7)
    at addChunk (_stream_readable.js:263:12)
    at readableAddChunk (_stream_readable.js:250:11)
    at Socket.Readable.push (_stream_readable.js:208:10)
    at TCP.onread (net.js:601:20)
     code: 'ER_EMPTY_QUERY',
     errno: 1065,
     sqlState: '42000',
     sqlMessage: 'Query was empty',
     sql: '' },
  original: 
   { Error: Query was empty
    at Packet.asError (D:\wx_demo\mp-server\node_modules\mysql2\lib\packets\packet.js:684:17)
    at Query.execute (D:\wx_demo\mp-server\node_modules\mysql2\lib\commands\command.js:28:26)
    at Connection.handlePacket (D:\wx_demo\mp-server\node_modules\mysql2\lib\connection.js:449:32)
    at PacketParser.Connection.packetParser.p [as onPacket] (D:\wx_demo\mp-server\node_modules\mysql2\lib\connection.js:72:12)
    at PacketParser.executeStart (D:\wx_demo\mp-server\node_modules\mysql2\lib\packet_parser.js:75:16)
    at Socket.Connection.stream.on.data (D:\wx_demo\mp-server\node_modules\mysql2\lib\connection.js:79:25)
    at emitOne (events.js:116:13)
    at Socket.emit (events.js:211:7)
    at addChunk (_stream_readable.js:263:12)
    at readableAddChunk (_stream_readable.js:250:11)
    at Socket.Readable.push (_stream_readable.js:208:10)
    at TCP.onread (net.js:601:20)
     code: 'ER_EMPTY_QUERY',
     errno: 1065,
     sqlState: '42000',
     sqlMessage: 'Query was empty',
     sql: '' },
  sql: '',
  code: -1,
  data: [] }
