[2019-05-31T08:44:36.834] [INFO] log_file - Error: Redis connection to 127.0.0.1:6379 failed - read ECONNRESET
    at TCP.onread (net.js:622:25)
[2019-05-31T08:44:36.836] [INFO] log_file - Error: Redis connection to 127.0.0.1:6379 failed - read ECONNRESET
    at TCP.onread (net.js:622:25)
[2019-05-31T08:44:36.836] [INFO] log_file - AbortError: Ready check failed: Redis connection lost and command aborted. It might have been processed.
    at RedisClient.flush_and_error (D:\wx_demo\mp-server\node_modules\redis\index.js:362:23)
    at RedisClient.connection_gone (D:\wx_demo\mp-server\node_modules\redis\index.js:664:14)
    at Socket.<anonymous> (D:\wx_demo\mp-server\node_modules\redis\index.js:289:14)
    at Object.onceWrapper (events.js:315:30)
    at emitOne (events.js:116:13)
    at Socket.emit (events.js:211:7)
    at TCP._handle.close [as _onclose] (net.js:561:12)
[2019-05-31T08:44:36.837] [INFO] log_file - AbortError: Ready check failed: Redis connection lost and command aborted. It might have been processed.
    at RedisClient.flush_and_error (D:\wx_demo\mp-server\node_modules\redis\index.js:362:23)
    at RedisClient.connection_gone (D:\wx_demo\mp-server\node_modules\redis\index.js:664:14)
    at Socket.<anonymous> (D:\wx_demo\mp-server\node_modules\redis\index.js:289:14)
    at Object.onceWrapper (events.js:315:30)
    at emitOne (events.js:116:13)
    at Socket.emit (events.js:211:7)
    at TCP._handle.close [as _onclose] (net.js:561:12)
[2019-05-31T14:28:40.368] [INFO] log_file - ReferenceError: request is not defined
    at getNetTime (D:\wx_demo\mp-server\bin\wsSocket.js:16:3)
    at Timeout.setInterval [as _onTimeout] (D:\wx_demo\mp-server\bin\wsSocket.js:45:27)
    at ontimeout (timers.js:498:11)
    at tryOnTimeout (timers.js:323:5)
    at Timer.listOnTimeout (timers.js:290:5)
[2019-05-31T14:28:40.381] [INFO] log_file - ReferenceError: request is not defined
    at getNetTime (D:\wx_demo\mp-server\bin\wsSocket.js:16:3)
    at Timeout.setInterval [as _onTimeout] (D:\wx_demo\mp-server\bin\wsSocket.js:45:27)
    at ontimeout (timers.js:498:11)
    at tryOnTimeout (timers.js:323:5)
    at Timer.listOnTimeout (timers.js:290:5)
