[2019-02-27T14:25:17.178] [INFO] log_file - Error: socket hang up
    at createHangUpError (_http_client.js:331:15)
    at Socket.socketOnEnd (_http_client.js:423:23)
    at emitNone (events.js:111:20)
    at Socket.emit (events.js:208:7)
    at endReadableNT (_stream_readable.js:1064:12)
    at _combinedTickCallback (internal/process/next_tick.js:139:11)
    at process._tickCallback (internal/process/next_tick.js:181:9)
[2019-02-27T14:25:17.181] [INFO] log_file - TypeError: Cannot read property 'aborted' of null
    at ClientRequest.req.on (D:\wx_demo\mp-server\node_modules\ws\lib\websocket.js:550:19)
    at emitOne (events.js:116:13)
    at ClientRequest.emit (events.js:211:7)
    at Socket.socketCloseListener (_http_client.js:363:9)
    at emitOne (events.js:116:13)
    at Socket.emit (events.js:211:7)
    at TCP._handle.close [as _onclose] (net.js:561:12)
[2019-02-27T14:33:48.581] [INFO] log_file - TypeError: websocket.websocket is not a function
    at Object.<anonymous> (D:\wx_demo\mp-server\bin\www:93:11)
    at Module._compile (module.js:653:30)
    at Object.Module._extensions..js (module.js:664:10)
    at Module.load (module.js:566:32)
    at tryModuleLoad (module.js:506:12)
    at Function.Module._load (module.js:498:3)
    at Function.Module.runMain (module.js:694:10)
    at startup (bootstrap_node.js:204:16)
    at bootstrap_node.js:625:3
[2019-02-27T14:33:48.597] [INFO] log_file - Error: socket hang up
    at createHangUpError (_http_client.js:331:15)
    at Socket.socketOnEnd (_http_client.js:423:23)
    at emitNone (events.js:111:20)
    at Socket.emit (events.js:208:7)
    at endReadableNT (_stream_readable.js:1064:12)
    at _combinedTickCallback (internal/process/next_tick.js:139:11)
    at process._tickCallback (internal/process/next_tick.js:181:9)
[2019-02-27T14:33:48.599] [INFO] log_file - TypeError: Cannot read property 'aborted' of null
    at ClientRequest.req.on (D:\wx_demo\mp-server\node_modules\ws\lib\websocket.js:550:19)
    at emitOne (events.js:116:13)
    at ClientRequest.emit (events.js:211:7)
    at Socket.socketCloseListener (_http_client.js:363:9)
    at emitOne (events.js:116:13)
    at Socket.emit (events.js:211:7)
    at TCP._handle.close [as _onclose] (net.js:561:12)
[2019-02-27T14:36:09.885] [INFO] log_file - TypeError: websocket.websocket is not a function
    at Object.<anonymous> (D:\wx_demo\mp-server\bin\www:93:11)
    at Module._compile (module.js:653:30)
    at Object.Module._extensions..js (module.js:664:10)
    at Module.load (module.js:566:32)
    at tryModuleLoad (module.js:506:12)
    at Function.Module._load (module.js:498:3)
    at Function.Module.runMain (module.js:694:10)
    at startup (bootstrap_node.js:204:16)
    at bootstrap_node.js:625:3
[2019-02-27T14:36:09.907] [INFO] log_file - Error: socket hang up
    at createHangUpError (_http_client.js:331:15)
    at Socket.socketOnEnd (_http_client.js:423:23)
    at emitNone (events.js:111:20)
    at Socket.emit (events.js:208:7)
    at endReadableNT (_stream_readable.js:1064:12)
    at _combinedTickCallback (internal/process/next_tick.js:139:11)
    at process._tickCallback (internal/process/next_tick.js:181:9)
[2019-02-27T14:36:09.909] [INFO] log_file - TypeError: Cannot read property 'aborted' of null
    at ClientRequest.req.on (D:\wx_demo\mp-server\node_modules\ws\lib\websocket.js:550:19)
    at emitOne (events.js:116:13)
    at ClientRequest.emit (events.js:211:7)
    at Socket.socketCloseListener (_http_client.js:363:9)
    at emitOne (events.js:116:13)
    at Socket.emit (events.js:211:7)
    at TCP._handle.close [as _onclose] (net.js:561:12)
[2019-02-27T14:49:58.770] [INFO] log_file - TypeError: websocket.websocket is not a function
    at Object.<anonymous> (D:\wx_demo\mp-server\bin\www:93:11)
    at Module._compile (module.js:653:30)
    at Object.Module._extensions..js (module.js:664:10)
    at Module.load (module.js:566:32)
    at tryModuleLoad (module.js:506:12)
    at Function.Module._load (module.js:498:3)
    at Function.Module.runMain (module.js:694:10)
    at startup (bootstrap_node.js:204:16)
    at bootstrap_node.js:625:3
[2019-02-27T14:49:58.787] [INFO] log_file - Error: socket hang up
    at createHangUpError (_http_client.js:331:15)
    at Socket.socketOnEnd (_http_client.js:423:23)
    at emitNone (events.js:111:20)
    at Socket.emit (events.js:208:7)
    at endReadableNT (_stream_readable.js:1064:12)
    at _combinedTickCallback (internal/process/next_tick.js:139:11)
    at process._tickCallback (internal/process/next_tick.js:181:9)
[2019-02-27T14:49:58.789] [INFO] log_file - TypeError: Cannot read property 'aborted' of null
    at ClientRequest.req.on (D:\wx_demo\mp-server\node_modules\ws\lib\websocket.js:550:19)
    at emitOne (events.js:116:13)
    at ClientRequest.emit (events.js:211:7)
    at Socket.socketCloseListener (_http_client.js:363:9)
    at emitOne (events.js:116:13)
    at Socket.emit (events.js:211:7)
    at TCP._handle.close [as _onclose] (net.js:561:12)
[2019-02-27T14:57:11.632] [INFO] log_file - TypeError: websocket.websocket is not a function
    at Object.<anonymous> (D:\wx_demo\mp-server\bin\www:93:11)
    at Module._compile (module.js:653:30)
    at Object.Module._extensions..js (module.js:664:10)
    at Module.load (module.js:566:32)
    at tryModuleLoad (module.js:506:12)
    at Function.Module._load (module.js:498:3)
    at Function.Module.runMain (module.js:694:10)
    at startup (bootstrap_node.js:204:16)
    at bootstrap_node.js:625:3
[2019-02-27T14:57:11.656] [INFO] log_file - Error: socket hang up
    at createHangUpError (_http_client.js:331:15)
    at Socket.socketOnEnd (_http_client.js:423:23)
    at emitNone (events.js:111:20)
    at Socket.emit (events.js:208:7)
    at endReadableNT (_stream_readable.js:1064:12)
    at _combinedTickCallback (internal/process/next_tick.js:139:11)
    at process._tickCallback (internal/process/next_tick.js:181:9)
[2019-02-27T14:57:11.657] [INFO] log_file - TypeError: Cannot read property 'aborted' of null
    at ClientRequest.req.on (D:\wx_demo\mp-server\node_modules\ws\lib\websocket.js:550:19)
    at emitOne (events.js:116:13)
    at ClientRequest.emit (events.js:211:7)
    at Socket.socketCloseListener (_http_client.js:363:9)
    at emitOne (events.js:116:13)
    at Socket.emit (events.js:211:7)
    at TCP._handle.close [as _onclose] (net.js:561:12)
[2019-02-27T14:57:32.778] [INFO] log_file - Error: socket hang up
    at createHangUpError (_http_client.js:331:15)
    at Socket.socketOnEnd (_http_client.js:423:23)
    at emitNone (events.js:111:20)
    at Socket.emit (events.js:208:7)
    at endReadableNT (_stream_readable.js:1064:12)
    at _combinedTickCallback (internal/process/next_tick.js:139:11)
    at process._tickCallback (internal/process/next_tick.js:181:9)
[2019-02-27T14:57:32.781] [INFO] log_file - TypeError: Cannot read property 'aborted' of null
    at ClientRequest.req.on (D:\wx_demo\mp-server\node_modules\ws\lib\websocket.js:550:19)
    at emitOne (events.js:116:13)
    at ClientRequest.emit (events.js:211:7)
    at Socket.socketCloseListener (_http_client.js:363:9)
    at emitOne (events.js:116:13)
    at Socket.emit (events.js:211:7)
    at TCP._handle.close [as _onclose] (net.js:561:12)
[2019-02-27T15:00:33.998] [INFO] log_file - Error: socket hang up
    at createHangUpError (_http_client.js:331:15)
    at Socket.socketOnEnd (_http_client.js:423:23)
    at emitNone (events.js:111:20)
    at Socket.emit (events.js:208:7)
    at endReadableNT (_stream_readable.js:1064:12)
    at _combinedTickCallback (internal/process/next_tick.js:139:11)
    at process._tickCallback (internal/process/next_tick.js:181:9)
[2019-02-27T15:00:34.001] [INFO] log_file - TypeError: Cannot read property 'aborted' of null
    at ClientRequest.req.on (D:\wx_demo\mp-server\node_modules\ws\lib\websocket.js:550:19)
    at emitOne (events.js:116:13)
    at ClientRequest.emit (events.js:211:7)
    at Socket.socketCloseListener (_http_client.js:363:9)
    at emitOne (events.js:116:13)
    at Socket.emit (events.js:211:7)
    at TCP._handle.close [as _onclose] (net.js:561:12)
[2019-02-27T15:02:09.551] [INFO] log_file - Error: socket hang up
    at createHangUpError (_http_client.js:331:15)
    at Socket.socketOnEnd (_http_client.js:423:23)
    at emitNone (events.js:111:20)
    at Socket.emit (events.js:208:7)
    at endReadableNT (_stream_readable.js:1064:12)
    at _combinedTickCallback (internal/process/next_tick.js:139:11)
    at process._tickCallback (internal/process/next_tick.js:181:9)
[2019-02-27T15:02:09.553] [INFO] log_file - TypeError: Cannot read property 'aborted' of null
    at ClientRequest.req.on (D:\wx_demo\mp-server\node_modules\ws\lib\websocket.js:550:19)
    at emitOne (events.js:116:13)
    at ClientRequest.emit (events.js:211:7)
    at Socket.socketCloseListener (_http_client.js:363:9)
    at emitOne (events.js:116:13)
    at Socket.emit (events.js:211:7)
    at TCP._handle.close [as _onclose] (net.js:561:12)
[2019-02-27T15:06:02.414] [INFO] log_file - Error: socket hang up
    at createHangUpError (_http_client.js:331:15)
    at Socket.socketOnEnd (_http_client.js:423:23)
    at emitNone (events.js:111:20)
    at Socket.emit (events.js:208:7)
    at endReadableNT (_stream_readable.js:1064:12)
    at _combinedTickCallback (internal/process/next_tick.js:139:11)
    at process._tickCallback (internal/process/next_tick.js:181:9)
[2019-02-27T15:06:02.418] [INFO] log_file - TypeError: Cannot read property 'aborted' of null
    at ClientRequest.req.on (D:\wx_demo\mp-server\node_modules\ws\lib\websocket.js:550:19)
    at emitOne (events.js:116:13)
    at ClientRequest.emit (events.js:211:7)
    at Socket.socketCloseListener (_http_client.js:363:9)
    at emitOne (events.js:116:13)
    at Socket.emit (events.js:211:7)
    at TCP._handle.close [as _onclose] (net.js:561:12)
