[2019-01-28T10:41:38.214] [INFO] log_file - undefined
[2019-01-28T11:10:33.040] [INFO] log_file - TypeError: undefined is not a function
    at Array.filter (<anonymous>)
    at Promise.then (D:\wx_demo\mp-server\controllers\reunion.js:329:25)
    at D:\wx_demo\mp-server\node_modules\promise\lib\core.js:33:15
    at flush (D:\wx_demo\mp-server\node_modules\asap\asap.js:27:13)
    at _combinedTickCallback (internal/process/next_tick.js:132:7)
    at process._tickCallback (internal/process/next_tick.js:181:9)
[2019-01-28T11:13:19.838] [INFO] log_file - TypeError: undefined is not a function
    at Array.filter (<anonymous>)
    at Promise.then (D:\wx_demo\mp-server\controllers\reunion.js:333:25)
    at D:\wx_demo\mp-server\node_modules\promise\lib\core.js:33:15
    at flush (D:\wx_demo\mp-server\node_modules\asap\asap.js:27:13)
    at _combinedTickCallback (internal/process/next_tick.js:132:7)
    at process._tickCallback (internal/process/next_tick.js:181:9)
[2019-01-28T14:53:21.906] [INFO] log_file - { Error: ER_TRUNCATED_WRONG_VALUE: Incorrect datetime value: '测试' for column 'advice_time' at row 1
    at Query.Sequence._packetToError (D:\wx_demo\mp-server\node_modules\mysql\lib\protocol\sequences\Sequence.js:47:14)
    at Query.ErrorPacket (D:\wx_demo\mp-server\node_modules\mysql\lib\protocol\sequences\Query.js:77:18)
    at Protocol._parsePacket (D:\wx_demo\mp-server\node_modules\mysql\lib\protocol\Protocol.js:278:23)
    at Parser.write (D:\wx_demo\mp-server\node_modules\mysql\lib\protocol\Parser.js:76:12)
    at Protocol.write (D:\wx_demo\mp-server\node_modules\mysql\lib\protocol\Protocol.js:38:16)
    at Socket.<anonymous> (D:\wx_demo\mp-server\node_modules\mysql\lib\Connection.js:91:28)
    at Socket.<anonymous> (D:\wx_demo\mp-server\node_modules\mysql\lib\Connection.js:502:10)
    at emitOne (events.js:116:13)
    at Socket.emit (events.js:211:7)
    at addChunk (_stream_readable.js:263:12)
    --------------------
    at Protocol._enqueue (D:\wx_demo\mp-server\node_modules\mysql\lib\protocol\Protocol.js:144:48)
    at PoolConnection.query (D:\wx_demo\mp-server\node_modules\mysql\lib\Connection.js:200:25)
    at D:\wx_demo\mp-server\app.js:73:12
    at Ping.onOperationComplete (D:\wx_demo\mp-server\node_modules\mysql\lib\Pool.js:110:5)
    at Ping.<anonymous> (D:\wx_demo\mp-server\node_modules\mysql\lib\Connection.js:502:10)
    at Ping._callback (D:\wx_demo\mp-server\node_modules\mysql\lib\Connection.js:468:16)
    at Ping.Sequence.end (D:\wx_demo\mp-server\node_modules\mysql\lib\protocol\sequences\Sequence.js:83:24)
    at Ping.Sequence.OkPacket (D:\wx_demo\mp-server\node_modules\mysql\lib\protocol\sequences\Sequence.js:92:8)
    at Protocol._parsePacket (D:\wx_demo\mp-server\node_modules\mysql\lib\protocol\Protocol.js:278:23)
    at Parser.write (D:\wx_demo\mp-server\node_modules\mysql\lib\protocol\Parser.js:76:12)
  code: 'ER_TRUNCATED_WRONG_VALUE',
  errno: 1292,
  sqlMessage: 'Incorrect datetime value: \'测试\' for column \'advice_time\' at row 1',
  sqlState: '22007',
  index: 0,
  sql: 'INSERT INTO advice (advice_content,advice_time,ait) VALUE("ofdKW5MWR-jVRU56We7fRYrAsrK4,ofdKW5MWR-jVRU56We7fRYrAsrK1","测试","2019-1-28 14:53:21")' }
[2019-01-28T15:17:46.991] [INFO] log_file - { Error: ER_PARSE_ERROR: You have an error in your SQL syntax; check the manual that corresponds to your MySQL server version for the right syntax to use near '(r_openid,advice_id) VALUE("ofdKW5MWR-jVRU56We7fRYrAsrK4","3")' at line 1
    at Query.Sequence._packetToError (D:\wx_demo\mp-server\node_modules\mysql\lib\protocol\sequences\Sequence.js:47:14)
    at Query.ErrorPacket (D:\wx_demo\mp-server\node_modules\mysql\lib\protocol\sequences\Query.js:77:18)
    at Protocol._parsePacket (D:\wx_demo\mp-server\node_modules\mysql\lib\protocol\Protocol.js:278:23)
    at Parser.write (D:\wx_demo\mp-server\node_modules\mysql\lib\protocol\Parser.js:76:12)
    at Protocol.write (D:\wx_demo\mp-server\node_modules\mysql\lib\protocol\Protocol.js:38:16)
    at Socket.<anonymous> (D:\wx_demo\mp-server\node_modules\mysql\lib\Connection.js:91:28)
    at Socket.<anonymous> (D:\wx_demo\mp-server\node_modules\mysql\lib\Connection.js:502:10)
    at emitOne (events.js:116:13)
    at Socket.emit (events.js:211:7)
    at addChunk (_stream_readable.js:263:12)
    --------------------
    at Protocol._enqueue (D:\wx_demo\mp-server\node_modules\mysql\lib\protocol\Protocol.js:144:48)
    at PoolConnection.query (D:\wx_demo\mp-server\node_modules\mysql\lib\Connection.js:200:25)
    at D:\wx_demo\mp-server\app.js:73:12
    at Ping.onOperationComplete (D:\wx_demo\mp-server\node_modules\mysql\lib\Pool.js:110:5)
    at Ping.<anonymous> (D:\wx_demo\mp-server\node_modules\mysql\lib\Connection.js:502:10)
    at Ping._callback (D:\wx_demo\mp-server\node_modules\mysql\lib\Connection.js:468:16)
    at Ping.Sequence.end (D:\wx_demo\mp-server\node_modules\mysql\lib\protocol\sequences\Sequence.js:83:24)
    at Ping.Sequence.OkPacket (D:\wx_demo\mp-server\node_modules\mysql\lib\protocol\sequences\Sequence.js:92:8)
    at Protocol._parsePacket (D:\wx_demo\mp-server\node_modules\mysql\lib\protocol\Protocol.js:278:23)
    at Parser.write (D:\wx_demo\mp-server\node_modules\mysql\lib\protocol\Parser.js:76:12)
  code: 'ER_PARSE_ERROR',
  errno: 1064,
  sqlMessage: 'You have an error in your SQL syntax; check the manual that corresponds to your MySQL server version for the right syntax to use near \'(r_openid,advice_id) VALUE("ofdKW5MWR-jVRU56We7fRYrAsrK4","3")\' at line 1',
  sqlState: '42000',
  index: 0,
  sql: 'INSERT INTO (r_openid,advice_id) VALUE("ofdKW5MWR-jVRU56We7fRYrAsrK4","3")' }
[2019-01-28T15:17:46.994] [INFO] log_file - { Error: ER_PARSE_ERROR: You have an error in your SQL syntax; check the manual that corresponds to your MySQL server version for the right syntax to use near '(r_openid,advice_id) VALUE("ofdKW5MWR-jVRU56We7fRYrAsrK1","3")' at line 1
    at Query.Sequence._packetToError (D:\wx_demo\mp-server\node_modules\mysql\lib\protocol\sequences\Sequence.js:47:14)
    at Query.ErrorPacket (D:\wx_demo\mp-server\node_modules\mysql\lib\protocol\sequences\Query.js:77:18)
    at Protocol._parsePacket (D:\wx_demo\mp-server\node_modules\mysql\lib\protocol\Protocol.js:278:23)
    at Parser.write (D:\wx_demo\mp-server\node_modules\mysql\lib\protocol\Parser.js:76:12)
    at Protocol.write (D:\wx_demo\mp-server\node_modules\mysql\lib\protocol\Protocol.js:38:16)
    at Socket.<anonymous> (D:\wx_demo\mp-server\node_modules\mysql\lib\Connection.js:91:28)
    at Socket.<anonymous> (D:\wx_demo\mp-server\node_modules\mysql\lib\Connection.js:502:10)
    at emitOne (events.js:116:13)
    at Socket.emit (events.js:211:7)
    at addChunk (_stream_readable.js:263:12)
    --------------------
    at Protocol._enqueue (D:\wx_demo\mp-server\node_modules\mysql\lib\protocol\Protocol.js:144:48)
    at PoolConnection.query (D:\wx_demo\mp-server\node_modules\mysql\lib\Connection.js:200:25)
    at D:\wx_demo\mp-server\app.js:73:12
    at Handshake.onConnect (D:\wx_demo\mp-server\node_modules\mysql\lib\Pool.js:64:7)
    at Handshake.<anonymous> (D:\wx_demo\mp-server\node_modules\mysql\lib\Connection.js:502:10)
    at Handshake._callback (D:\wx_demo\mp-server\node_modules\mysql\lib\Connection.js:468:16)
    at Handshake.Sequence.end (D:\wx_demo\mp-server\node_modules\mysql\lib\protocol\sequences\Sequence.js:83:24)
    at Handshake.Sequence.OkPacket (D:\wx_demo\mp-server\node_modules\mysql\lib\protocol\sequences\Sequence.js:92:8)
    at Protocol._parsePacket (D:\wx_demo\mp-server\node_modules\mysql\lib\protocol\Protocol.js:278:23)
    at Parser.write (D:\wx_demo\mp-server\node_modules\mysql\lib\protocol\Parser.js:76:12)
  code: 'ER_PARSE_ERROR',
  errno: 1064,
  sqlMessage: 'You have an error in your SQL syntax; check the manual that corresponds to your MySQL server version for the right syntax to use near \'(r_openid,advice_id) VALUE("ofdKW5MWR-jVRU56We7fRYrAsrK1","3")\' at line 1',
  sqlState: '42000',
  index: 0,
  sql: 'INSERT INTO (r_openid,advice_id) VALUE("ofdKW5MWR-jVRU56We7fRYrAsrK1","3")' }
[2019-01-28T16:34:18.009] [INFO] log_file - { Error: ER_PARSE_ERROR: You have an error in your SQL syntax; check the manual that corresponds to your MySQL server version for the right syntax to use near 'WHERE record.r_openid = "ofdKW5MWR-jVRU56We7fRYrAsrK4"' at line 1
    at Query.Sequence._packetToError (D:\wx_demo\mp-server\node_modules\mysql\lib\protocol\sequences\Sequence.js:47:14)
    at Query.ErrorPacket (D:\wx_demo\mp-server\node_modules\mysql\lib\protocol\sequences\Query.js:77:18)
    at Protocol._parsePacket (D:\wx_demo\mp-server\node_modules\mysql\lib\protocol\Protocol.js:278:23)
    at Parser.write (D:\wx_demo\mp-server\node_modules\mysql\lib\protocol\Parser.js:76:12)
    at Protocol.write (D:\wx_demo\mp-server\node_modules\mysql\lib\protocol\Protocol.js:38:16)
    at Socket.<anonymous> (D:\wx_demo\mp-server\node_modules\mysql\lib\Connection.js:91:28)
    at Socket.<anonymous> (D:\wx_demo\mp-server\node_modules\mysql\lib\Connection.js:502:10)
    at emitOne (events.js:116:13)
    at Socket.emit (events.js:211:7)
    at addChunk (_stream_readable.js:263:12)
    --------------------
    at Protocol._enqueue (D:\wx_demo\mp-server\node_modules\mysql\lib\protocol\Protocol.js:144:48)
    at PoolConnection.query (D:\wx_demo\mp-server\node_modules\mysql\lib\Connection.js:200:25)
    at D:\wx_demo\mp-server\app.js:73:12
    at Ping.onOperationComplete (D:\wx_demo\mp-server\node_modules\mysql\lib\Pool.js:110:5)
    at Ping.<anonymous> (D:\wx_demo\mp-server\node_modules\mysql\lib\Connection.js:502:10)
    at Ping._callback (D:\wx_demo\mp-server\node_modules\mysql\lib\Connection.js:468:16)
    at Ping.Sequence.end (D:\wx_demo\mp-server\node_modules\mysql\lib\protocol\sequences\Sequence.js:83:24)
    at Ping.Sequence.OkPacket (D:\wx_demo\mp-server\node_modules\mysql\lib\protocol\sequences\Sequence.js:92:8)
    at Protocol._parsePacket (D:\wx_demo\mp-server\node_modules\mysql\lib\protocol\Protocol.js:278:23)
    at Parser.write (D:\wx_demo\mp-server\node_modules\mysql\lib\protocol\Parser.js:76:12)
  code: 'ER_PARSE_ERROR',
  errno: 1064,
  sqlMessage: 'You have an error in your SQL syntax; check the manual that corresponds to your MySQL server version for the right syntax to use near \'WHERE record.r_openid = "ofdKW5MWR-jVRU56We7fRYrAsrK4"\' at line 1',
  sqlState: '42000',
  index: 0,
  sql: 'SELECT * FROM advice INNER JOIN reunion ON advice.source = reunion.open_id RIGHT JOIN record ON advice.advice_id = record.advice_id ORDER BY record.advice_time DESC WHERE record.r_openid = "ofdKW5MWR-jVRU56We7fRYrAsrK4"' }
[2019-01-28T16:34:53.935] [INFO] log_file - { Error: ER_BAD_FIELD_ERROR: Unknown column 'record.advice_time' in 'order clause'
    at Query.Sequence._packetToError (D:\wx_demo\mp-server\node_modules\mysql\lib\protocol\sequences\Sequence.js:47:14)
    at Query.ErrorPacket (D:\wx_demo\mp-server\node_modules\mysql\lib\protocol\sequences\Query.js:77:18)
    at Protocol._parsePacket (D:\wx_demo\mp-server\node_modules\mysql\lib\protocol\Protocol.js:278:23)
    at Parser.write (D:\wx_demo\mp-server\node_modules\mysql\lib\protocol\Parser.js:76:12)
    at Protocol.write (D:\wx_demo\mp-server\node_modules\mysql\lib\protocol\Protocol.js:38:16)
    at Socket.<anonymous> (D:\wx_demo\mp-server\node_modules\mysql\lib\Connection.js:91:28)
    at Socket.<anonymous> (D:\wx_demo\mp-server\node_modules\mysql\lib\Connection.js:502:10)
    at emitOne (events.js:116:13)
    at Socket.emit (events.js:211:7)
    at addChunk (_stream_readable.js:263:12)
    --------------------
    at Protocol._enqueue (D:\wx_demo\mp-server\node_modules\mysql\lib\protocol\Protocol.js:144:48)
    at PoolConnection.query (D:\wx_demo\mp-server\node_modules\mysql\lib\Connection.js:200:25)
    at D:\wx_demo\mp-server\app.js:73:12
    at Handshake.onConnect (D:\wx_demo\mp-server\node_modules\mysql\lib\Pool.js:64:7)
    at Handshake.<anonymous> (D:\wx_demo\mp-server\node_modules\mysql\lib\Connection.js:502:10)
    at Handshake._callback (D:\wx_demo\mp-server\node_modules\mysql\lib\Connection.js:468:16)
    at Handshake.Sequence.end (D:\wx_demo\mp-server\node_modules\mysql\lib\protocol\sequences\Sequence.js:83:24)
    at Handshake.Sequence.OkPacket (D:\wx_demo\mp-server\node_modules\mysql\lib\protocol\sequences\Sequence.js:92:8)
    at Protocol._parsePacket (D:\wx_demo\mp-server\node_modules\mysql\lib\protocol\Protocol.js:278:23)
    at Parser.write (D:\wx_demo\mp-server\node_modules\mysql\lib\protocol\Parser.js:76:12)
  code: 'ER_BAD_FIELD_ERROR',
  errno: 1054,
  sqlMessage: 'Unknown column \'record.advice_time\' in \'order clause\'',
  sqlState: '42S22',
  index: 0,
  sql: 'SELECT * FROM advice INNER JOIN reunion ON advice.source = reunion.open_id RIGHT JOIN record ON advice.advice_id = record.advice_id WHERE record.r_openid = "ofdKW5MWR-jVRU56We7fRYrAsrK4" ORDER BY record.advice_time DESC' }
[2019-01-28T16:35:06.513] [INFO] log_file - { Error: ER_BAD_FIELD_ERROR: Unknown column 'record.advice_time' in 'order clause'
    at Query.Sequence._packetToError (D:\wx_demo\mp-server\node_modules\mysql\lib\protocol\sequences\Sequence.js:47:14)
    at Query.ErrorPacket (D:\wx_demo\mp-server\node_modules\mysql\lib\protocol\sequences\Query.js:77:18)
    at Protocol._parsePacket (D:\wx_demo\mp-server\node_modules\mysql\lib\protocol\Protocol.js:278:23)
    at Parser.write (D:\wx_demo\mp-server\node_modules\mysql\lib\protocol\Parser.js:76:12)
    at Protocol.write (D:\wx_demo\mp-server\node_modules\mysql\lib\protocol\Protocol.js:38:16)
    at Socket.<anonymous> (D:\wx_demo\mp-server\node_modules\mysql\lib\Connection.js:91:28)
    at Socket.<anonymous> (D:\wx_demo\mp-server\node_modules\mysql\lib\Connection.js:502:10)
    at emitOne (events.js:116:13)
    at Socket.emit (events.js:211:7)
    at addChunk (_stream_readable.js:263:12)
    --------------------
    at Protocol._enqueue (D:\wx_demo\mp-server\node_modules\mysql\lib\protocol\Protocol.js:144:48)
    at PoolConnection.query (D:\wx_demo\mp-server\node_modules\mysql\lib\Connection.js:200:25)
    at D:\wx_demo\mp-server\app.js:73:12
    at Ping.onOperationComplete (D:\wx_demo\mp-server\node_modules\mysql\lib\Pool.js:110:5)
    at Ping.<anonymous> (D:\wx_demo\mp-server\node_modules\mysql\lib\Connection.js:502:10)
    at Ping._callback (D:\wx_demo\mp-server\node_modules\mysql\lib\Connection.js:468:16)
    at Ping.Sequence.end (D:\wx_demo\mp-server\node_modules\mysql\lib\protocol\sequences\Sequence.js:83:24)
    at Ping.Sequence.OkPacket (D:\wx_demo\mp-server\node_modules\mysql\lib\protocol\sequences\Sequence.js:92:8)
    at Protocol._parsePacket (D:\wx_demo\mp-server\node_modules\mysql\lib\protocol\Protocol.js:278:23)
    at Parser.write (D:\wx_demo\mp-server\node_modules\mysql\lib\protocol\Parser.js:76:12)
  code: 'ER_BAD_FIELD_ERROR',
  errno: 1054,
  sqlMessage: 'Unknown column \'record.advice_time\' in \'order clause\'',
  sqlState: '42S22',
  index: 0,
  sql: 'SELECT * FROM advice INNER JOIN reunion ON advice.source = reunion.open_id RIGHT JOIN record ON advice.advice_id = record.advice_id WHERE record.r_openid = "ofdKW5MWR-jVRU56We7fRYrAsrK4" ORDER BY record.advice_time DESC' }
[2019-01-28T16:35:46.847] [INFO] log_file - { Error: ER_PARSE_ERROR: You have an error in your SQL syntax; check the manual that corresponds to your MySQL server version for the right syntax to use near 'WHERE record.r_openid = "ofdKW5MWR-jVRU56We7fRYrAsrK4"' at line 1
    at Query.Sequence._packetToError (D:\wx_demo\mp-server\node_modules\mysql\lib\protocol\sequences\Sequence.js:47:14)
    at Query.ErrorPacket (D:\wx_demo\mp-server\node_modules\mysql\lib\protocol\sequences\Query.js:77:18)
    at Protocol._parsePacket (D:\wx_demo\mp-server\node_modules\mysql\lib\protocol\Protocol.js:278:23)
    at Parser.write (D:\wx_demo\mp-server\node_modules\mysql\lib\protocol\Parser.js:76:12)
    at Protocol.write (D:\wx_demo\mp-server\node_modules\mysql\lib\protocol\Protocol.js:38:16)
    at Socket.<anonymous> (D:\wx_demo\mp-server\node_modules\mysql\lib\Connection.js:91:28)
    at Socket.<anonymous> (D:\wx_demo\mp-server\node_modules\mysql\lib\Connection.js:502:10)
    at emitOne (events.js:116:13)
    at Socket.emit (events.js:211:7)
    at addChunk (_stream_readable.js:263:12)
    --------------------
    at Protocol._enqueue (D:\wx_demo\mp-server\node_modules\mysql\lib\protocol\Protocol.js:144:48)
    at PoolConnection.query (D:\wx_demo\mp-server\node_modules\mysql\lib\Connection.js:200:25)
    at D:\wx_demo\mp-server\app.js:73:12
    at Handshake.onConnect (D:\wx_demo\mp-server\node_modules\mysql\lib\Pool.js:64:7)
    at Handshake.<anonymous> (D:\wx_demo\mp-server\node_modules\mysql\lib\Connection.js:502:10)
    at Handshake._callback (D:\wx_demo\mp-server\node_modules\mysql\lib\Connection.js:468:16)
    at Handshake.Sequence.end (D:\wx_demo\mp-server\node_modules\mysql\lib\protocol\sequences\Sequence.js:83:24)
    at Handshake.Sequence.OkPacket (D:\wx_demo\mp-server\node_modules\mysql\lib\protocol\sequences\Sequence.js:92:8)
    at Protocol._parsePacket (D:\wx_demo\mp-server\node_modules\mysql\lib\protocol\Protocol.js:278:23)
    at Parser.write (D:\wx_demo\mp-server\node_modules\mysql\lib\protocol\Parser.js:76:12)
  code: 'ER_PARSE_ERROR',
  errno: 1064,
  sqlMessage: 'You have an error in your SQL syntax; check the manual that corresponds to your MySQL server version for the right syntax to use near \'WHERE record.r_openid = "ofdKW5MWR-jVRU56We7fRYrAsrK4"\' at line 1',
  sqlState: '42000',
  index: 0,
  sql: 'SELECT * FROM advice INNER JOIN reunion ON advice.source = reunion.open_id RIGHT JOIN record ON advice.advice_id = record.advice_id ORDER BY advice.advice_time DESC WHERE record.r_openid = "ofdKW5MWR-jVRU56We7fRYrAsrK4"' }
[2019-01-28T20:51:33.038] [INFO] log_file - undefined
[2019-01-28T20:51:35.405] [INFO] log_file - undefined
[2019-01-28T20:51:35.421] [INFO] log_file - undefined
[2019-01-28T20:51:46.575] [INFO] log_file - undefined
[2019-01-28T20:51:46.613] [INFO] log_file - undefined
[2019-01-28T20:51:46.616] [INFO] log_file - undefined
[2019-01-28T20:51:50.056] [INFO] log_file - undefined
[2019-01-28T20:51:50.058] [INFO] log_file - undefined
[2019-01-28T20:51:51.794] [INFO] log_file - undefined
[2019-01-28T20:52:21.770] [INFO] log_file - undefined
[2019-01-28T20:53:28.441] [INFO] log_file - undefined
[2019-01-28T20:53:34.351] [INFO] log_file - undefined
[2019-01-28T20:53:40.497] [INFO] log_file - undefined
[2019-01-28T20:53:40.501] [INFO] log_file - undefined
[2019-01-28T20:53:56.677] [INFO] log_file - undefined
[2019-01-28T20:54:02.485] [INFO] log_file - undefined
[2019-01-28T20:54:09.788] [INFO] log_file - undefined
[2019-01-28T20:54:26.665] [INFO] log_file - undefined
[2019-01-28T20:55:00.847] [INFO] log_file - undefined
[2019-01-28T20:55:30.769] [INFO] log_file - undefined
[2019-01-28T20:56:17.809] [INFO] log_file - undefined
[2019-01-28T20:58:25.440] [INFO] log_file - undefined
[2019-01-28T20:59:37.932] [INFO] log_file - undefined
[2019-01-28T21:00:31.757] [INFO] log_file - undefined
[2019-01-28T21:00:36.265] [INFO] log_file - undefined
[2019-01-28T21:02:09.354] [INFO] log_file - undefined
[2019-01-28T21:02:36.475] [INFO] log_file - undefined
[2019-01-28T21:02:40.959] [INFO] log_file - undefined
[2019-01-28T21:10:07.474] [INFO] log_file - undefined
[2019-01-28T21:21:59.425] [INFO] log_file - Error: Can't set headers after they are sent.
    at validateHeader (_http_outgoing.js:491:11)
    at ServerResponse.setHeader (_http_outgoing.js:498:3)
    at ServerResponse.header (D:\wx_demo\mp-server\node_modules\express\lib\response.js:767:10)
    at ServerResponse.send (D:\wx_demo\mp-server\node_modules\express\lib\response.js:170:12)
    at ServerResponse.json (D:\wx_demo\mp-server\node_modules\express\lib\response.js:267:15)
    at ServerResponse.send (D:\wx_demo\mp-server\node_modules\express\lib\response.js:158:21)
    at Promise.then (D:\wx_demo\mp-server\controllers\reunion.js:269:21)
    at D:\wx_demo\mp-server\node_modules\promise\lib\core.js:33:15
    at flush (D:\wx_demo\mp-server\node_modules\asap\asap.js:27:13)
    at _combinedTickCallback (internal/process/next_tick.js:132:7)
[2019-01-28T21:22:05.346] [INFO] log_file - Error: Can't set headers after they are sent.
    at validateHeader (_http_outgoing.js:491:11)
    at ServerResponse.setHeader (_http_outgoing.js:498:3)
    at ServerResponse.header (D:\wx_demo\mp-server\node_modules\express\lib\response.js:767:10)
    at ServerResponse.send (D:\wx_demo\mp-server\node_modules\express\lib\response.js:170:12)
    at ServerResponse.json (D:\wx_demo\mp-server\node_modules\express\lib\response.js:267:15)
    at ServerResponse.send (D:\wx_demo\mp-server\node_modules\express\lib\response.js:158:21)
    at Promise.then (D:\wx_demo\mp-server\controllers\reunion.js:269:21)
    at D:\wx_demo\mp-server\node_modules\promise\lib\core.js:33:15
    at flush (D:\wx_demo\mp-server\node_modules\asap\asap.js:27:13)
    at _combinedTickCallback (internal/process/next_tick.js:132:7)
[2019-01-28T21:22:13.671] [INFO] log_file - Error: Can't set headers after they are sent.
    at validateHeader (_http_outgoing.js:491:11)
    at ServerResponse.setHeader (_http_outgoing.js:498:3)
    at ServerResponse.header (D:\wx_demo\mp-server\node_modules\express\lib\response.js:767:10)
    at ServerResponse.send (D:\wx_demo\mp-server\node_modules\express\lib\response.js:170:12)
    at ServerResponse.json (D:\wx_demo\mp-server\node_modules\express\lib\response.js:267:15)
    at ServerResponse.send (D:\wx_demo\mp-server\node_modules\express\lib\response.js:158:21)
    at Promise.then (D:\wx_demo\mp-server\controllers\reunion.js:269:21)
    at D:\wx_demo\mp-server\node_modules\promise\lib\core.js:33:15
    at flush (D:\wx_demo\mp-server\node_modules\asap\asap.js:27:13)
    at _combinedTickCallback (internal/process/next_tick.js:132:7)
[2019-01-28T21:22:59.373] [INFO] log_file - Error: Can't set headers after they are sent.
    at validateHeader (_http_outgoing.js:491:11)
    at ServerResponse.setHeader (_http_outgoing.js:498:3)
    at ServerResponse.header (D:\wx_demo\mp-server\node_modules\express\lib\response.js:767:10)
    at ServerResponse.send (D:\wx_demo\mp-server\node_modules\express\lib\response.js:170:12)
    at ServerResponse.json (D:\wx_demo\mp-server\node_modules\express\lib\response.js:267:15)
    at ServerResponse.send (D:\wx_demo\mp-server\node_modules\express\lib\response.js:158:21)
    at Promise.then (D:\wx_demo\mp-server\controllers\reunion.js:269:21)
    at D:\wx_demo\mp-server\node_modules\promise\lib\core.js:33:15
    at flush (D:\wx_demo\mp-server\node_modules\asap\asap.js:27:13)
    at _combinedTickCallback (internal/process/next_tick.js:132:7)
[2019-01-28T21:23:43.319] [INFO] log_file - Error: Can't set headers after they are sent.
    at validateHeader (_http_outgoing.js:491:11)
    at ServerResponse.setHeader (_http_outgoing.js:498:3)
    at ServerResponse.header (D:\wx_demo\mp-server\node_modules\express\lib\response.js:767:10)
    at ServerResponse.send (D:\wx_demo\mp-server\node_modules\express\lib\response.js:170:12)
    at ServerResponse.json (D:\wx_demo\mp-server\node_modules\express\lib\response.js:267:15)
    at ServerResponse.send (D:\wx_demo\mp-server\node_modules\express\lib\response.js:158:21)
    at Promise.then (D:\wx_demo\mp-server\controllers\reunion.js:270:21)
    at D:\wx_demo\mp-server\node_modules\promise\lib\core.js:33:15
    at flush (D:\wx_demo\mp-server\node_modules\asap\asap.js:27:13)
    at _combinedTickCallback (internal/process/next_tick.js:132:7)
[2019-01-28T21:29:01.124] [INFO] log_file - TypeError: ofdKW5MWR-jVRU56We7fRYrAsrK4 is not a function
    at Array.find (native)
    at Promise (D:\wx_demo\mp-server\controllers\reunion.js:257:27)
    at doResolve (D:\wx_demo\mp-server\node_modules\promise\lib\core.js:91:5)
    at new Promise (D:\wx_demo\mp-server\node_modules\promise\lib\core.js:71:3)
    at D:\wx_demo\mp-server\controllers\reunion.js:256:13
    at Query.<anonymous> (D:\wx_demo\mp-server\model\reunion.js:201:13)
    at Query.<anonymous> (D:\wx_demo\mp-server\node_modules\mysql\lib\Connection.js:502:10)
    at Query._callback (D:\wx_demo\mp-server\node_modules\mysql\lib\Connection.js:468:16)
    at Query.Sequence.end (D:\wx_demo\mp-server\node_modules\mysql\lib\protocol\sequences\Sequence.js:83:24)
    at Query._handleFinalResultPacket (D:\wx_demo\mp-server\node_modules\mysql\lib\protocol\sequences\Query.js:139:8)
[2019-01-28T21:29:54.288] [INFO] log_file - ReferenceError: array1 is not defined
    at Promise (D:\wx_demo\mp-server\controllers\reunion.js:257:29)
    at doResolve (D:\wx_demo\mp-server\node_modules\promise\lib\core.js:91:5)
    at new Promise (D:\wx_demo\mp-server\node_modules\promise\lib\core.js:71:3)
    at D:\wx_demo\mp-server\controllers\reunion.js:256:13
    at Query.<anonymous> (D:\wx_demo\mp-server\model\reunion.js:201:13)
    at Query.<anonymous> (D:\wx_demo\mp-server\node_modules\mysql\lib\Connection.js:502:10)
    at Query._callback (D:\wx_demo\mp-server\node_modules\mysql\lib\Connection.js:468:16)
    at Query.Sequence.end (D:\wx_demo\mp-server\node_modules\mysql\lib\protocol\sequences\Sequence.js:83:24)
    at Query._handleFinalResultPacket (D:\wx_demo\mp-server\node_modules\mysql\lib\protocol\sequences\Query.js:139:8)
    at Query.EofPacket (D:\wx_demo\mp-server\node_modules\mysql\lib\protocol\sequences\Query.js:123:8)
