[2019-03-01T13:44:34.181] [INFO] log_file - { SequelizeDatabaseError: Table 'lj_node.employees' doesn't exist
    at Query.formatError (D:\wx_demo\mp-server\node_modules\sequelize\lib\dialects\mysql\query.js:247:16)
    at Query.handler [as onResult] (D:\wx_demo\mp-server\node_modules\sequelize\lib\dialects\mysql\query.js:68:23)
    at Query.execute (D:\wx_demo\mp-server\node_modules\mysql2\lib\commands\command.js:30:14)
    at Connection.handlePacket (D:\wx_demo\mp-server\node_modules\mysql2\lib\connection.js:449:32)
    at PacketParser.Connection.packetParser.p [as onPacket] (D:\wx_demo\mp-server\node_modules\mysql2\lib\connection.js:72:12)
    at PacketParser.executeStart (D:\wx_demo\mp-server\node_modules\mysql2\lib\packet_parser.js:75:16)
    at Socket.Connection.stream.on.data (D:\wx_demo\mp-server\node_modules\mysql2\lib\connection.js:79:25)
    at emitOne (events.js:116:13)
    at Socket.emit (events.js:211:7)
    at addChunk (_stream_readable.js:263:12)
    at readableAddChunk (_stream_readable.js:250:11)
    at Socket.Readable.push (_stream_readable.js:208:10)
    at TCP.onread (net.js:601:20)
  name: 'SequelizeDatabaseError',
  parent: 
   { Error: Table 'lj_node.employees' doesn't exist
    at Packet.asError (D:\wx_demo\mp-server\node_modules\mysql2\lib\packets\packet.js:684:17)
    at Query.execute (D:\wx_demo\mp-server\node_modules\mysql2\lib\commands\command.js:28:26)
    at Connection.handlePacket (D:\wx_demo\mp-server\node_modules\mysql2\lib\connection.js:449:32)
    at PacketParser.Connection.packetParser.p [as onPacket] (D:\wx_demo\mp-server\node_modules\mysql2\lib\connection.js:72:12)
    at PacketParser.executeStart (D:\wx_demo\mp-server\node_modules\mysql2\lib\packet_parser.js:75:16)
    at Socket.Connection.stream.on.data (D:\wx_demo\mp-server\node_modules\mysql2\lib\connection.js:79:25)
    at emitOne (events.js:116:13)
    at Socket.emit (events.js:211:7)
    at addChunk (_stream_readable.js:263:12)
    at readableAddChunk (_stream_readable.js:250:11)
    at Socket.Readable.push (_stream_readable.js:208:10)
    at TCP.onread (net.js:601:20)
     code: 'ER_NO_SUCH_TABLE',
     errno: 1146,
     sqlState: '42S02',
     sqlMessage: 'Table \'lj_node.employees\' doesn\'t exist',
     sql: 'SELECT `id`, `name`, `phone`, `company`, `unionid`, `created_at`, `updated_at` FROM `Employees` AS `Employee` WHERE `Employee`.`unionid` = NULL LIMIT 1;' },
  original: 
   { Error: Table 'lj_node.employees' doesn't exist
    at Packet.asError (D:\wx_demo\mp-server\node_modules\mysql2\lib\packets\packet.js:684:17)
    at Query.execute (D:\wx_demo\mp-server\node_modules\mysql2\lib\commands\command.js:28:26)
    at Connection.handlePacket (D:\wx_demo\mp-server\node_modules\mysql2\lib\connection.js:449:32)
    at PacketParser.Connection.packetParser.p [as onPacket] (D:\wx_demo\mp-server\node_modules\mysql2\lib\connection.js:72:12)
    at PacketParser.executeStart (D:\wx_demo\mp-server\node_modules\mysql2\lib\packet_parser.js:75:16)
    at Socket.Connection.stream.on.data (D:\wx_demo\mp-server\node_modules\mysql2\lib\connection.js:79:25)
    at emitOne (events.js:116:13)
    at Socket.emit (events.js:211:7)
    at addChunk (_stream_readable.js:263:12)
    at readableAddChunk (_stream_readable.js:250:11)
    at Socket.Readable.push (_stream_readable.js:208:10)
    at TCP.onread (net.js:601:20)
     code: 'ER_NO_SUCH_TABLE',
     errno: 1146,
     sqlState: '42S02',
     sqlMessage: 'Table \'lj_node.employees\' doesn\'t exist',
     sql: 'SELECT `id`, `name`, `phone`, `company`, `unionid`, `created_at`, `updated_at` FROM `Employees` AS `Employee` WHERE `Employee`.`unionid` = NULL LIMIT 1;' },
  sql: 'SELECT `id`, `name`, `phone`, `company`, `unionid`, `created_at`, `updated_at` FROM `Employees` AS `Employee` WHERE `Employee`.`unionid` = NULL LIMIT 1;',
  code: -1,
  data: [] }
[2019-03-01T16:13:28.403] [INFO] log_file - { ReferenceError: userId is not defined
    at Origanizer.findOne.then (D:\wx_demo\mp-server\service\meeting.js:188:21)
    at tryCatcher (D:\wx_demo\mp-server\node_modules\bluebird\js\release\util.js:16:23)
    at Promise._settlePromiseFromHandler (D:\wx_demo\mp-server\node_modules\bluebird\js\release\promise.js:512:31)
    at Promise._settlePromise (D:\wx_demo\mp-server\node_modules\bluebird\js\release\promise.js:569:18)
    at Promise._settlePromise0 (D:\wx_demo\mp-server\node_modules\bluebird\js\release\promise.js:614:10)
    at Promise._settlePromises (D:\wx_demo\mp-server\node_modules\bluebird\js\release\promise.js:694:18)
    at _drainQueueStep (D:\wx_demo\mp-server\node_modules\bluebird\js\release\async.js:138:12)
    at _drainQueue (D:\wx_demo\mp-server\node_modules\bluebird\js\release\async.js:131:9)
    at Async._drainQueues (D:\wx_demo\mp-server\node_modules\bluebird\js\release\async.js:147:5)
    at Immediate.Async.drainQueues (D:\wx_demo\mp-server\node_modules\bluebird\js\release\async.js:17:14)
    at runCallback (timers.js:810:20)
    at tryOnImmediate (timers.js:768:5)
    at processImmediate [as _immediateCallback] (timers.js:745:5) code: -1, data: [] }
[2019-03-01T16:14:01.351] [INFO] log_file - { ReferenceError: unionId is not defined
    at Origanizer.findOne.then (D:\wx_demo\mp-server\service\meeting.js:190:21)
    at tryCatcher (D:\wx_demo\mp-server\node_modules\bluebird\js\release\util.js:16:23)
    at Promise._settlePromiseFromHandler (D:\wx_demo\mp-server\node_modules\bluebird\js\release\promise.js:512:31)
    at Promise._settlePromise (D:\wx_demo\mp-server\node_modules\bluebird\js\release\promise.js:569:18)
    at Promise._settlePromise0 (D:\wx_demo\mp-server\node_modules\bluebird\js\release\promise.js:614:10)
    at Promise._settlePromises (D:\wx_demo\mp-server\node_modules\bluebird\js\release\promise.js:694:18)
    at _drainQueueStep (D:\wx_demo\mp-server\node_modules\bluebird\js\release\async.js:138:12)
    at _drainQueue (D:\wx_demo\mp-server\node_modules\bluebird\js\release\async.js:131:9)
    at Async._drainQueues (D:\wx_demo\mp-server\node_modules\bluebird\js\release\async.js:147:5)
    at Immediate.Async.drainQueues (D:\wx_demo\mp-server\node_modules\bluebird\js\release\async.js:17:14)
    at runCallback (timers.js:810:20)
    at tryOnImmediate (timers.js:768:5)
    at processImmediate [as _immediateCallback] (timers.js:745:5) code: -1, data: [] }
[2019-03-01T16:26:25.111] [INFO] log_file - { ReferenceError: unionId is not defined
    at Promise.then (D:\wx_demo\mp-server\service\meeting.js:213:17)
    at <anonymous> code: -1, data: [] }
